{"timestamp": "2025-08-29T10:16:44.889+0000", "agent.ip": "10.0.1.53", "agent.name": "DESKTOP-66G2GGG", "agent.id": "004", "rule.id": "60122", "rule.mitre.id": ["T1531"], "rule.level": 5, "rule.description": "Logon Failure - Unknown user or bad password", "data.srcip": null, "data.dstip": null, "full_log": null}
{"timestamp": "2025-08-29T10:16:44.890+0000", "agent.ip": "10.0.1.53", "agent.name": "DESKTOP-66G2GGG", "agent.id": "004", "rule.id": "60122", "rule.mitre.id": ["T1531"], "rule.level": 5, "rule.description": "Logon Failure - Unknown user or bad password", "data.srcip": null, "data.dstip": null, "full_log": null}
{"timestamp": "2025-08-29T10:16:44.905+0000", "agent.ip": "10.0.1.53", "agent.name": "DESKTOP-66G2GGG", "agent.id": "004", "rule.id": "111003", "rule.mitre.id": "T0000", "rule.level": 10, "rule.description": "Logon failed more than 3 times - Unknown user or bad password.", "data.srcip": null, "data.dstip": null, "full_log": "{\"win\":{\"system\":{\"providerName\":\"Microsoft-Windows-Security-Auditing\",\"providerGuid\":\"{54849625-5478-4994-a5ba-3e3b0328c30d}\",\"eventID\":\"4625\",\"version\":\"0\",\"level\":\"0\",\"task\":\"12544\",\"opcode\":\"0\",\"keywords\":\"0x8010000000000000\",\"systemTime\":\"2025-08-29T10:16:46.5826686Z\",\"eventRecordID\":\"38053\",\"processID\":\"712\",\"threadID\":\"4296\",\"channel\":\"Security\",\"computer\":\"DESKTOP-66G2GGG\",\"severityValue\":\"AUDIT_FAILURE\",\"message\":\"\\\"帳戶無法登入。\\r\\n\\r\\n主旨:\\r\\n\\t安全性識別碼:\\t\\tS-1-0-0\\r\\n\\t帳戶名稱:\\t\\t-\\r\\n\\t帳戶網域:\\t\\t-\\r\\n\\t登入識別碼:\\t\\t0x0\\r\\n\\r\\n登入類型:\\t\\t\\t3\\r\\n\\r\\n登入失敗的帳戶:\\r\\n\\t安全性識別碼:\\t\\tS-1-0-0\\r\\n\\t帳戶名稱:\\t\\t891003\\r\\n\\t帳戶網域:\\t\\tDESKTOP-66G2GGG\\r\\n\\r\\n失敗資訊:\\r\\n\\t失敗原因:\\t\\t不明的使用者名稱或錯誤密碼。\\r\\n\\t狀態:\\t\\t\\t0xC000006D\\r\\n\\t子狀態:\\t\\t0xC000006A\\r\\n\\r\\n處理程序資訊:\\r\\n\\t呼叫者處理程序識別碼:\\t0x0\\r\\n\\t呼叫者處理程序名稱:\\t-\\r\\n\\r\\n網路資訊:\\r\\n\\t工作站名稱:\\t-\\r\\n\\t來源網路位址:\\t10.0.1.51\\r\\n\\t來源連接埠:\\t\\t49990\\r\\n\\r\\n詳細驗證資訊:\\r\\n\\t登入處理程序:\\t\\tNtLmSsp \\r\\n\\t驗證封裝:\\tNTLM\\r\\n\\t轉送的服務:\\t-\\r\\n\\t封裝名稱 (僅限 NTLM):\\t-\\r\\n\\t金鑰長度:\\t\\t0\\r\\n\\r\\n當登入要求失敗的時候，就會產生這個事件。這個事件在嘗試存取的電腦上產生。\\r\\n\\r\\n主旨欄位顯示要求登入的本機系統上的帳戶。這通常是發生在服務 (例如伺服器服務) 或是本機處理程序 (例如 Winlogon.exe 或 Services.exe)。\\r\\n\\r\\n登錄類型欄位顯示要求的登入類型。最常見的類型是 2 (互動式) 與 3 (網路)。\\r\\n\\r\\n處理程序資訊欄位顯示系統上哪個帳戶與處理程序要求登入。\\r\\n\\r\\n網路資訊欄位顯示遠端登入要求的來源。工作站名稱不是每次都有，並可能在某些狀況是空白。\\r\\n\\r\\n驗證資訊欄位提供關於此次特定登入要求的詳細資訊。\\r\\n\\t- 轉送的服務欄位顯示哪一個中介服務已經加入這個登入要求。\\r\\n\\t- 封裝名稱欄位顯示在 NTLM 通訊協定中使用哪一個子協定。\\r\\n\\t- 金鑰長度欄位顯示產生的工作階段金鑰長度。如果沒有要求工作階段金鑰則為 0。\\\"\"},\"eventdata\":{\"subjectUserSid\":\"S-1-0-0\",\"subjectLogonId\":\"0x0\",\"targetUserSid\":\"S-1-0-0\",\"targetUserName\":\"891003\",\"targetDomainName\":\"DESKTOP-66G2GGG\",\"status\":\"0xc000006d\",\"failureReason\":\"%%2313\",\"subStatus\":\"0xc000006a\",\"logonType\":\"3\",\"logonProcessName\":\"NtLmSsp\",\"authenticationPackageName\":\"NTLM\",\"keyLength\":\"0\",\"processId\":\"0x0\",\"ipAddress\":\"10.0.1.51\",\"ipPort\":\"49990\"}}}"}
{"timestamp": "2025-08-29T10:16:44.919+0000", "agent.ip": "10.0.1.53", "agent.name": "DESKTOP-66G2GGG", "agent.id": "004", "rule.id": "60122", "rule.mitre.id": ["T1531"], "rule.level": 5, "rule.description": "Logon Failure - Unknown user or bad password", "data.srcip": null, "data.dstip": null, "full_log": null}
{"timestamp": "2025-08-29T10:16:44.959+0000", "agent.ip": "10.0.1.53", "agent.name": "DESKTOP-66G2GGG", "agent.id": "004", "rule.id": "60122", "rule.mitre.id": ["T1531"], "rule.level": 5, "rule.description": "Logon Failure - Unknown user or bad password", "data.srcip": null, "data.dstip": null, "full_log": null}
{"timestamp": "2025-08-29T10:16:44.968+0000", "agent.ip": "10.0.1.53", "agent.name": "DESKTOP-66G2GGG", "agent.id": "004", "rule.id": "111003", "rule.mitre.id": "T0000", "rule.level": 10, "rule.description": "Logon failed more than 3 times - Unknown user or bad password.", "data.srcip": null, "data.dstip": null, "full_log": "{\"win\":{\"system\":{\"providerName\":\"Microsoft-Windows-Security-Auditing\",\"providerGuid\":\"{54849625-5478-4994-a5ba-3e3b0328c30d}\",\"eventID\":\"4625\",\"version\":\"0\",\"level\":\"0\",\"task\":\"12544\",\"opcode\":\"0\",\"keywords\":\"0x8010000000000000\",\"systemTime\":\"2025-08-29T10:16:46.8028376Z\",\"eventRecordID\":\"38056\",\"processID\":\"712\",\"threadID\":\"5336\",\"channel\":\"Security\",\"computer\":\"DESKTOP-66G2GGG\",\"severityValue\":\"AUDIT_FAILURE\",\"message\":\"\\\"帳戶無法登入。\\r\\n\\r\\n主旨:\\r\\n\\t安全性識別碼:\\t\\tS-1-0-0\\r\\n\\t帳戶名稱:\\t\\t-\\r\\n\\t帳戶網域:\\t\\t-\\r\\n\\t登入識別碼:\\t\\t0x0\\r\\n\\r\\n登入類型:\\t\\t\\t3\\r\\n\\r\\n登入失敗的帳戶:\\r\\n\\t安全性識別碼:\\t\\tS-1-0-0\\r\\n\\t帳戶名稱:\\t\\t891003\\r\\n\\t帳戶網域:\\t\\tDESKTOP-66G2GGG\\r\\n\\r\\n失敗資訊:\\r\\n\\t失敗原因:\\t\\t不明的使用者名稱或錯誤密碼。\\r\\n\\t狀態:\\t\\t\\t0xC000006D\\r\\n\\t子狀態:\\t\\t0xC000006A\\r\\n\\r\\n處理程序資訊:\\r\\n\\t呼叫者處理程序識別碼:\\t0x0\\r\\n\\t呼叫者處理程序名稱:\\t-\\r\\n\\r\\n網路資訊:\\r\\n\\t工作站名稱:\\t-\\r\\n\\t來源網路位址:\\t10.0.1.51\\r\\n\\t來源連接埠:\\t\\t49996\\r\\n\\r\\n詳細驗證資訊:\\r\\n\\t登入處理程序:\\t\\tNtLmSsp \\r\\n\\t驗證封裝:\\tNTLM\\r\\n\\t轉送的服務:\\t-\\r\\n\\t封裝名稱 (僅限 NTLM):\\t-\\r\\n\\t金鑰長度:\\t\\t0\\r\\n\\r\\n當登入要求失敗的時候，就會產生這個事件。這個事件在嘗試存取的電腦上產生。\\r\\n\\r\\n主旨欄位顯示要求登入的本機系統上的帳戶。這通常是發生在服務 (例如伺服器服務) 或是本機處理程序 (例如 Winlogon.exe 或 Services.exe)。\\r\\n\\r\\n登錄類型欄位顯示要求的登入類型。最常見的類型是 2 (互動式) 與 3 (網路)。\\r\\n\\r\\n處理程序資訊欄位顯示系統上哪個帳戶與處理程序要求登入。\\r\\n\\r\\n網路資訊欄位顯示遠端登入要求的來源。工作站名稱不是每次都有，並可能在某些狀況是空白。\\r\\n\\r\\n驗證資訊欄位提供關於此次特定登入要求的詳細資訊。\\r\\n\\t- 轉送的服務欄位顯示哪一個中介服務已經加入這個登入要求。\\r\\n\\t- 封裝名稱欄位顯示在 NTLM 通訊協定中使用哪一個子協定。\\r\\n\\t- 金鑰長度欄位顯示產生的工作階段金鑰長度。如果沒有要求工作階段金鑰則為 0。\\\"\"},\"eventdata\":{\"subjectUserSid\":\"S-1-0-0\",\"subjectLogonId\":\"0x0\",\"targetUserSid\":\"S-1-0-0\",\"targetUserName\":\"891003\",\"targetDomainName\":\"DESKTOP-66G2GGG\",\"status\":\"0xc000006d\",\"failureReason\":\"%%2313\",\"subStatus\":\"0xc000006a\",\"logonType\":\"3\",\"logonProcessName\":\"NtLmSsp\",\"authenticationPackageName\":\"NTLM\",\"keyLength\":\"0\",\"processId\":\"0x0\",\"ipAddress\":\"10.0.1.51\",\"ipPort\":\"49996\"}}}"}
{"timestamp": "2025-08-29T10:16:44.969+0000", "agent.ip": "10.0.1.53", "agent.name": "DESKTOP-66G2GGG", "agent.id": "004", "rule.id": "60122", "rule.mitre.id": ["T1531"], "rule.level": 5, "rule.description": "Logon Failure - Unknown user or bad password", "data.srcip": null, "data.dstip": null, "full_log": null}
{"timestamp": "2025-08-29T10:16:45.855+0000", "agent.ip": "10.0.1.53", "agent.name": "DESKTOP-66G2GGG", "agent.id": "004", "rule.id": "60122", "rule.mitre.id": ["T1531"], "rule.level": 5, "rule.description": "Logon Failure - Unknown user or bad password", "data.srcip": null, "data.dstip": null, "full_log": null}
{"timestamp": "2025-08-29T10:16:45.861+0000", "agent.ip": "10.0.1.53", "agent.name": "DESKTOP-66G2GGG", "agent.id": "004", "rule.id": "111003", "rule.mitre.id": "T0000", "rule.level": 10, "rule.description": "Logon failed more than 3 times - Unknown user or bad password.", "data.srcip": null, "data.dstip": null, "full_log": "{\"win\":{\"system\":{\"providerName\":\"Microsoft-Windows-Security-Auditing\",\"providerGuid\":\"{54849625-5478-4994-a5ba-3e3b0328c30d}\",\"eventID\":\"4625\",\"version\":\"0\",\"level\":\"0\",\"task\":\"12544\",\"opcode\":\"0\",\"keywords\":\"0x8010000000000000\",\"systemTime\":\"2025-08-29T10:16:46.9938369Z\",\"eventRecordID\":\"38059\",\"processID\":\"712\",\"threadID\":\"4296\",\"channel\":\"Security\",\"computer\":\"DESKTOP-66G2GGG\",\"severityValue\":\"AUDIT_FAILURE\",\"message\":\"\\\"帳戶無法登入。\\r\\n\\r\\n主旨:\\r\\n\\t安全性識別碼:\\t\\tS-1-0-0\\r\\n\\t帳戶名稱:\\t\\t-\\r\\n\\t帳戶網域:\\t\\t-\\r\\n\\t登入識別碼:\\t\\t0x0\\r\\n\\r\\n登入類型:\\t\\t\\t3\\r\\n\\r\\n登入失敗的帳戶:\\r\\n\\t安全性識別碼:\\t\\tS-1-0-0\\r\\n\\t帳戶名稱:\\t\\t891003\\r\\n\\t帳戶網域:\\t\\tDESKTOP-66G2GGG\\r\\n\\r\\n失敗資訊:\\r\\n\\t失敗原因:\\t\\t不明的使用者名稱或錯誤密碼。\\r\\n\\t狀態:\\t\\t\\t0xC000006D\\r\\n\\t子狀態:\\t\\t0xC000006A\\r\\n\\r\\n處理程序資訊:\\r\\n\\t呼叫者處理程序識別碼:\\t0x0\\r\\n\\t呼叫者處理程序名稱:\\t-\\r\\n\\r\\n網路資訊:\\r\\n\\t工作站名稱:\\t-\\r\\n\\t來源網路位址:\\t10.0.1.51\\r\\n\\t來源連接埠:\\t\\t50002\\r\\n\\r\\n詳細驗證資訊:\\r\\n\\t登入處理程序:\\t\\tNtLmSsp \\r\\n\\t驗證封裝:\\tNTLM\\r\\n\\t轉送的服務:\\t-\\r\\n\\t封裝名稱 (僅限 NTLM):\\t-\\r\\n\\t金鑰長度:\\t\\t0\\r\\n\\r\\n當登入要求失敗的時候，就會產生這個事件。這個事件在嘗試存取的電腦上產生。\\r\\n\\r\\n主旨欄位顯示要求登入的本機系統上的帳戶。這通常是發生在服務 (例如伺服器服務) 或是本機處理程序 (例如 Winlogon.exe 或 Services.exe)。\\r\\n\\r\\n登錄類型欄位顯示要求的登入類型。最常見的類型是 2 (互動式) 與 3 (網路)。\\r\\n\\r\\n處理程序資訊欄位顯示系統上哪個帳戶與處理程序要求登入。\\r\\n\\r\\n網路資訊欄位顯示遠端登入要求的來源。工作站名稱不是每次都有，並可能在某些狀況是空白。\\r\\n\\r\\n驗證資訊欄位提供關於此次特定登入要求的詳細資訊。\\r\\n\\t- 轉送的服務欄位顯示哪一個中介服務已經加入這個登入要求。\\r\\n\\t- 封裝名稱欄位顯示在 NTLM 通訊協定中使用哪一個子協定。\\r\\n\\t- 金鑰長度欄位顯示產生的工作階段金鑰長度。如果沒有要求工作階段金鑰則為 0。\\\"\"},\"eventdata\":{\"subjectUserSid\":\"S-1-0-0\",\"subjectLogonId\":\"0x0\",\"targetUserSid\":\"S-1-0-0\",\"targetUserName\":\"891003\",\"targetDomainName\":\"DESKTOP-66G2GGG\",\"status\":\"0xc000006d\",\"failureReason\":\"%%2313\",\"subStatus\":\"0xc000006a\",\"logonType\":\"3\",\"logonProcessName\":\"NtLmSsp\",\"authenticationPackageName\":\"NTLM\",\"keyLength\":\"0\",\"processId\":\"0x0\",\"ipAddress\":\"10.0.1.51\",\"ipPort\":\"50002\"}}}"}
{"timestamp": "2025-08-29T10:16:45.864+0000", "agent.ip": "10.0.1.53", "agent.name": "DESKTOP-66G2GGG", "agent.id": "004", "rule.id": "60122", "rule.mitre.id": ["T1531"], "rule.level": 5, "rule.description": "Logon Failure - Unknown user or bad password", "data.srcip": null, "data.dstip": null, "full_log": null}
{"timestamp": "2025-08-29T10:16:45.867+0000", "agent.ip": "10.0.1.53", "agent.name": "DESKTOP-66G2GGG", "agent.id": "004", "rule.id": "67028", "rule.mitre.id": ["T1484"], "rule.level": 3, "rule.description": "Special privileges assigned to new logon.", "data.srcip": null, "data.dstip": null, "full_log": null}
{"timestamp": "2025-08-29T10:16:45.875+0000", "agent.ip": "10.0.1.53", "agent.name": "DESKTOP-66G2GGG", "agent.id": "004", "rule.id": "92652", "rule.mitre.id": ["T1550.002", "T1078.002"], "rule.level": 6, "rule.description": "Successful Remote Logon Detected - User:\\891003 - NTLM authentication, possible pass-the-hash attack.", "data.srcip": null, "data.dstip": null, "full_log": "{\"win\":{\"system\":{\"providerName\":\"Microsoft-Windows-Security-Auditing\",\"providerGuid\":\"{54849625-5478-4994-a5ba-3e3b0328c30d}\",\"eventID\":\"4624\",\"version\":\"2\",\"level\":\"0\",\"task\":\"12544\",\"opcode\":\"0\",\"keywords\":\"0x8020000000000000\",\"systemTime\":\"2025-08-29T10:16:47.1348556Z\",\"eventRecordID\":\"38062\",\"processID\":\"712\",\"threadID\":\"4296\",\"channel\":\"Security\",\"computer\":\"DESKTOP-66G2GGG\",\"severityValue\":\"AUDIT_SUCCESS\",\"message\":\"\\\"帳戶已順利登入。\\r\\n\\r\\n主體:\\r\\n\\t安全性識別碼:\\t\\tS-1-0-0\\r\\n\\tA帳戶名稱:\\t\\t-\\r\\n\\t帳戶網域:\\t\\t-\\r\\n\\t登入識別碼:\\t\\t0x0\\r\\n\\r\\n登入資訊:\\r\\n\\t登入類型:\\t\\t3\\r\\n\\t受限制的系統管理模式:\\t-\\r\\n\\t虛擬帳戶:\\t\\t否\\r\\n\\t提高權限的權杖:\\t\\t是\\r\\n\\r\\n模擬層級:\\t\\t模擬\\r\\n\\r\\n新登入:\\r\\n\\t安全性識別碼:\\t\\tS-1-5-21-4155498204-3384503861-1882939327-1000\\r\\n\\t帳戶名稱:\\t\\t891003\\r\\n\\t帳戶網域:\\t\\tDESKTOP-66G2GGG\\r\\n\\t登入識別碼:\\t\\t0x768FFB\\r\\n\\t連結的登入識別碼:\\t\\t0x0\\r\\n\\t網路帳戶名稱:\\t-\\r\\n\\t網路帳戶網域:\\t-\\r\\n\\t登入 GUID:\\t\\t{00000000-0000-0000-0000-000000000000}\\r\\n\\r\\n處理程序資訊:\\r\\n\\t處理程序識別碼:\\t\\t0x0\\r\\n\\t處理程序名稱:\\t\\t-\\r\\n\\r\\n網路資訊:\\r\\n\\t工作站名稱:\\t-\\r\\n\\t來源網路位址:\\t10.0.1.51\\r\\n\\t來源連接埠:\\t\\t50006\\r\\n\\r\\n詳細的驗證資訊:\\r\\n\\t登入處理程序:\\t\\tNtLmSsp \\r\\n\\t驗證封裝:\\tNTLM\\r\\n\\t轉送的服務:\\t-\\r\\n\\t封裝名稱 (僅 NTLM):\\tNTLM V2\\r\\n\\t金鑰長度:\\t\\t0\\r\\n\\r\\n建立登入工作階段時會產生此事件。它是在所存取的電腦上產生。\\r\\n\\r\\n主體欄位指出要求登入之本機系統上的帳戶。這通常是發生在服務 (例如伺服器服務) 或是本機處理程序 (例如 Winlogon.exe 或 Services.exe)。\\r\\n\\r\\n登入類型欄位指出發生的登入類型。最常見的類型是 2 (互動式) 與 3 (網路)。\\r\\n\\r\\n新登入欄位指出是哪個帳戶建立新登入，例如登入的帳戶。\\r\\n\\r\\n網路欄位指出遠端登入要求的來源。工作站名稱並非一律可用，在某些情況下可能會是空白。\\r\\n\\r\\n模擬層級欄位指出登入工作階段中的處理程序可以模擬的範圍。\\r\\n\\r\\n驗證資訊欄位提供關於此特定登入要求的詳細資訊。\\r\\n\\t- 登入 GUID 是唯一識別碼，可用於關聯這個事件與 KDC 事件。\\r\\n\\t- 轉送的服務指出哪一個中介服務已經加入這個登入要求。\\r\\n\\t- 封裝名稱指出在 NTLM 通訊協定中使用哪一個子協定。\\r\\n\\t- 金鑰長度指出產生的工作階段金鑰長度。如果沒有要求工作階段金鑰則為 0。\\\"\"},\"eventdata\":{\"subjectUserSid\":\"S-1-0-0\",\"subjectLogonId\":\"0x0\",\"targetUserSid\":\"S-1-5-21-4155498204-3384503861-1882939327-1000\",\"targetUserName\":\"891003\",\"targetDomainName\":\"DESKTOP-66G2GGG\",\"targetLogonId\":\"0x768ffb\",\"logonType\":\"3\",\"logonProcessName\":\"NtLmSsp\",\"authenticationPackageName\":\"NTLM\",\"logonGuid\":\"{00000000-0000-0000-0000-000000000000}\",\"lmPackageName\":\"NTLM V2\",\"keyLength\":\"0\",\"processId\":\"0x0\",\"ipAddress\":\"10.0.1.51\",\"ipPort\":\"50006\",\"impersonationLevel\":\"%%1833\",\"virtualAccount\":\"%%1843\",\"targetLinkedLogonId\":\"0x0\",\"elevatedToken\":\"%%1842\"}}}"}
{"timestamp": "2025-08-29T10:16:45.894+0000", "agent.ip": "10.0.1.53", "agent.name": "DESKTOP-66G2GGG", "agent.id": "004", "rule.id": "60137", "rule.mitre.id": "T0000", "rule.level": 3, "rule.description": "Windows User Logoff", "data.srcip": null, "data.dstip": null, "full_log": null}
{"timestamp": "2025-08-29T10:17:16.515+0000", "agent.ip": "10.0.1.53", "agent.name": "DESKTOP-66G2GGG", "agent.id": "004", "rule.id": "67028", "rule.mitre.id": ["T1484"], "rule.level": 3, "rule.description": "Special privileges assigned to new logon.", "data.srcip": null, "data.dstip": null, "full_log": null}
{"timestamp": "2025-08-29T10:17:16.566+0000", "agent.ip": "10.0.1.53", "agent.name": "DESKTOP-66G2GGG", "agent.id": "004", "rule.id": "92657", "rule.mitre.id": ["T1550.002", "T1078.002", "T1021.001"], "rule.level": 6, "rule.description": "Successful Remote Logon Detected - User:\\891003 - NTLM authentication, possible pass-the-hash attack - Possible RDP connection. Verify that DESKTOP-66TG6SE is allowed to perform RDP connections", "data.srcip": null, "data.dstip": null, "full_log": "{\"win\":{\"system\":{\"providerName\":\"Microsoft-Windows-Security-Auditing\",\"providerGuid\":\"{54849625-5478-4994-a5ba-3e3b0328c30d}\",\"eventID\":\"4624\",\"version\":\"2\",\"level\":\"0\",\"task\":\"12544\",\"opcode\":\"0\",\"keywords\":\"0x8020000000000000\",\"systemTime\":\"2025-08-29T10:17:17.4539440Z\",\"eventRecordID\":\"38065\",\"processID\":\"712\",\"threadID\":\"4296\",\"channel\":\"Security\",\"computer\":\"DESKTOP-66G2GGG\",\"severityValue\":\"AUDIT_SUCCESS\",\"message\":\"\\\"帳戶已順利登入。\\r\\n\\r\\n主體:\\r\\n\\t安全性識別碼:\\t\\tS-1-0-0\\r\\n\\tA帳戶名稱:\\t\\t-\\r\\n\\t帳戶網域:\\t\\t-\\r\\n\\t登入識別碼:\\t\\t0x0\\r\\n\\r\\n登入資訊:\\r\\n\\t登入類型:\\t\\t3\\r\\n\\t受限制的系統管理模式:\\t-\\r\\n\\t虛擬帳戶:\\t\\t否\\r\\n\\t提高權限的權杖:\\t\\t是\\r\\n\\r\\n模擬層級:\\t\\t模擬\\r\\n\\r\\n新登入:\\r\\n\\t安全性識別碼:\\t\\tS-1-5-21-4155498204-3384503861-1882939327-1000\\r\\n\\t帳戶名稱:\\t\\t891003\\r\\n\\t帳戶網域:\\t\\tDESKTOP-66G2GGG\\r\\n\\t登入識別碼:\\t\\t0x76A440\\r\\n\\t連結的登入識別碼:\\t\\t0x0\\r\\n\\t網路帳戶名稱:\\t-\\r\\n\\t網路帳戶網域:\\t-\\r\\n\\t登入 GUID:\\t\\t{00000000-0000-0000-0000-000000000000}\\r\\n\\r\\n處理程序資訊:\\r\\n\\t處理程序識別碼:\\t\\t0x0\\r\\n\\t處理程序名稱:\\t\\t-\\r\\n\\r\\n網路資訊:\\r\\n\\t工作站名稱:\\tDESKTOP-66TG6SE\\r\\n\\t來源網路位址:\\t10.0.1.51\\r\\n\\t來源連接埠:\\t\\t50007\\r\\n\\r\\n詳細的驗證資訊:\\r\\n\\t登入處理程序:\\t\\tNtLmSsp \\r\\n\\t驗證封裝:\\tNTLM\\r\\n\\t轉送的服務:\\t-\\r\\n\\t封裝名稱 (僅 NTLM):\\tNTLM V2\\r\\n\\t金鑰長度:\\t\\t128\\r\\n\\r\\n建立登入工作階段時會產生此事件。它是在所存取的電腦上產生。\\r\\n\\r\\n主體欄位指出要求登入之本機系統上的帳戶。這通常是發生在服務 (例如伺服器服務) 或是本機處理程序 (例如 Winlogon.exe 或 Services.exe)。\\r\\n\\r\\n登入類型欄位指出發生的登入類型。最常見的類型是 2 (互動式) 與 3 (網路)。\\r\\n\\r\\n新登入欄位指出是哪個帳戶建立新登入，例如登入的帳戶。\\r\\n\\r\\n網路欄位指出遠端登入要求的來源。工作站名稱並非一律可用，在某些情況下可能會是空白。\\r\\n\\r\\n模擬層級欄位指出登入工作階段中的處理程序可以模擬的範圍。\\r\\n\\r\\n驗證資訊欄位提供關於此特定登入要求的詳細資訊。\\r\\n\\t- 登入 GUID 是唯一識別碼，可用於關聯這個事件與 KDC 事件。\\r\\n\\t- 轉送的服務指出哪一個中介服務已經加入這個登入要求。\\r\\n\\t- 封裝名稱指出在 NTLM 通訊協定中使用哪一個子協定。\\r\\n\\t- 金鑰長度指出產生的工作階段金鑰長度。如果沒有要求工作階段金鑰則為 0。\\\"\"},\"eventdata\":{\"subjectUserSid\":\"S-1-0-0\",\"subjectLogonId\":\"0x0\",\"targetUserSid\":\"S-1-5-21-4155498204-3384503861-1882939327-1000\",\"targetUserName\":\"891003\",\"targetDomainName\":\"DESKTOP-66G2GGG\",\"targetLogonId\":\"0x76a440\",\"logonType\":\"3\",\"logonProcessName\":\"NtLmSsp\",\"authenticationPackageName\":\"NTLM\",\"workstationName\":\"DESKTOP-66TG6SE\",\"logonGuid\":\"{00000000-0000-0000-0000-000000000000}\",\"lmPackageName\":\"NTLM V2\",\"keyLength\":\"128\",\"processId\":\"0x0\",\"ipAddress\":\"10.0.1.51\",\"ipPort\":\"50007\",\"impersonationLevel\":\"%%1833\",\"virtualAccount\":\"%%1843\",\"targetLinkedLogonId\":\"0x0\",\"elevatedToken\":\"%%1842\"}}}"}
{"timestamp": "2025-08-29T10:17:16.575+0000", "agent.ip": "10.0.1.53", "agent.name": "DESKTOP-66G2GGG", "agent.id": "004", "rule.id": "67028", "rule.mitre.id": ["T1484"], "rule.level": 3, "rule.description": "Special privileges assigned to new logon.", "data.srcip": null, "data.dstip": null, "full_log": null}
{"timestamp": "2025-08-29T10:17:16.575+0000", "agent.ip": "10.0.1.53", "agent.name": "DESKTOP-66G2GGG", "agent.id": "004", "rule.id": "92657", "rule.mitre.id": ["T1550.002", "T1078.002", "T1021.001"], "rule.level": 6, "rule.description": "Successful Remote Logon Detected - User:\\891003 - NTLM authentication, possible pass-the-hash attack - Possible RDP connection. Verify that DESKTOP-66TG6SE is allowed to perform RDP connections", "data.srcip": null, "data.dstip": null, "full_log": "{\"win\":{\"system\":{\"providerName\":\"Microsoft-Windows-Security-Auditing\",\"providerGuid\":\"{54849625-5478-4994-a5ba-3e3b0328c30d}\",\"eventID\":\"4624\",\"version\":\"2\",\"level\":\"0\",\"task\":\"12544\",\"opcode\":\"0\",\"keywords\":\"0x8020000000000000\",\"systemTime\":\"2025-08-29T10:17:17.8138729Z\",\"eventRecordID\":\"38067\",\"processID\":\"712\",\"threadID\":\"4296\",\"channel\":\"Security\",\"computer\":\"DESKTOP-66G2GGG\",\"severityValue\":\"AUDIT_SUCCESS\",\"message\":\"\\\"帳戶已順利登入。\\r\\n\\r\\n主體:\\r\\n\\t安全性識別碼:\\t\\tS-1-0-0\\r\\n\\tA帳戶名稱:\\t\\t-\\r\\n\\t帳戶網域:\\t\\t-\\r\\n\\t登入識別碼:\\t\\t0x0\\r\\n\\r\\n登入資訊:\\r\\n\\t登入類型:\\t\\t3\\r\\n\\t受限制的系統管理模式:\\t-\\r\\n\\t虛擬帳戶:\\t\\t否\\r\\n\\t提高權限的權杖:\\t\\t是\\r\\n\\r\\n模擬層級:\\t\\t模擬\\r\\n\\r\\n新登入:\\r\\n\\t安全性識別碼:\\t\\tS-1-5-21-4155498204-3384503861-1882939327-1000\\r\\n\\t帳戶名稱:\\t\\t891003\\r\\n\\t帳戶網域:\\t\\tDESKTOP-66G2GGG\\r\\n\\t登入識別碼:\\t\\t0x76AA56\\r\\n\\t連結的登入識別碼:\\t\\t0x0\\r\\n\\t網路帳戶名稱:\\t-\\r\\n\\t網路帳戶網域:\\t-\\r\\n\\t登入 GUID:\\t\\t{00000000-0000-0000-0000-000000000000}\\r\\n\\r\\n處理程序資訊:\\r\\n\\t處理程序識別碼:\\t\\t0x0\\r\\n\\t處理程序名稱:\\t\\t-\\r\\n\\r\\n網路資訊:\\r\\n\\t工作站名稱:\\tDESKTOP-66TG6SE\\r\\n\\t來源網路位址:\\t10.0.1.51\\r\\n\\t來源連接埠:\\t\\t50008\\r\\n\\r\\n詳細的驗證資訊:\\r\\n\\t登入處理程序:\\t\\tNtLmSsp \\r\\n\\t驗證封裝:\\tNTLM\\r\\n\\t轉送的服務:\\t-\\r\\n\\t封裝名稱 (僅 NTLM):\\tNTLM V2\\r\\n\\t金鑰長度:\\t\\t128\\r\\n\\r\\n建立登入工作階段時會產生此事件。它是在所存取的電腦上產生。\\r\\n\\r\\n主體欄位指出要求登入之本機系統上的帳戶。這通常是發生在服務 (例如伺服器服務) 或是本機處理程序 (例如 Winlogon.exe 或 Services.exe)。\\r\\n\\r\\n登入類型欄位指出發生的登入類型。最常見的類型是 2 (互動式) 與 3 (網路)。\\r\\n\\r\\n新登入欄位指出是哪個帳戶建立新登入，例如登入的帳戶。\\r\\n\\r\\n網路欄位指出遠端登入要求的來源。工作站名稱並非一律可用，在某些情況下可能會是空白。\\r\\n\\r\\n模擬層級欄位指出登入工作階段中的處理程序可以模擬的範圍。\\r\\n\\r\\n驗證資訊欄位提供關於此特定登入要求的詳細資訊。\\r\\n\\t- 登入 GUID 是唯一識別碼，可用於關聯這個事件與 KDC 事件。\\r\\n\\t- 轉送的服務指出哪一個中介服務已經加入這個登入要求。\\r\\n\\t- 封裝名稱指出在 NTLM 通訊協定中使用哪一個子協定。\\r\\n\\t- 金鑰長度指出產生的工作階段金鑰長度。如果沒有要求工作階段金鑰則為 0。\\\"\"},\"eventdata\":{\"subjectUserSid\":\"S-1-0-0\",\"subjectLogonId\":\"0x0\",\"targetUserSid\":\"S-1-5-21-4155498204-3384503861-1882939327-1000\",\"targetUserName\":\"891003\",\"targetDomainName\":\"DESKTOP-66G2GGG\",\"targetLogonId\":\"0x76aa56\",\"logonType\":\"3\",\"logonProcessName\":\"NtLmSsp\",\"authenticationPackageName\":\"NTLM\",\"workstationName\":\"DESKTOP-66TG6SE\",\"logonGuid\":\"{00000000-0000-0000-0000-000000000000}\",\"lmPackageName\":\"NTLM V2\",\"keyLength\":\"128\",\"processId\":\"0x0\",\"ipAddress\":\"10.0.1.51\",\"ipPort\":\"50008\",\"impersonationLevel\":\"%%1833\",\"virtualAccount\":\"%%1843\",\"targetLinkedLogonId\":\"0x0\",\"elevatedToken\":\"%%1842\"}}}"}
{"timestamp": "2025-08-29T10:17:16.580+0000", "agent.ip": "10.0.1.53", "agent.name": "DESKTOP-66G2GGG", "agent.id": "004", "rule.id": "92657", "rule.mitre.id": ["T1550.002", "T1078.002", "T1021.001"], "rule.level": 6, "rule.description": "Successful Remote Logon Detected - User:\\891003 - NTLM authentication, possible pass-the-hash attack - Possible RDP connection. Verify that DESKTOP-66TG6SE is allowed to perform RDP connections", "data.srcip": null, "data.dstip": null, "full_log": "{\"win\":{\"system\":{\"providerName\":\"Microsoft-Windows-Security-Auditing\",\"providerGuid\":\"{54849625-5478-4994-a5ba-3e3b0328c30d}\",\"eventID\":\"4624\",\"version\":\"2\",\"level\":\"0\",\"task\":\"12544\",\"opcode\":\"0\",\"keywords\":\"0x8020000000000000\",\"systemTime\":\"2025-08-29T10:17:18.1206369Z\",\"eventRecordID\":\"38069\",\"processID\":\"712\",\"threadID\":\"5336\",\"channel\":\"Security\",\"computer\":\"DESKTOP-66G2GGG\",\"severityValue\":\"AUDIT_SUCCESS\",\"message\":\"\\\"帳戶已順利登入。\\r\\n\\r\\n主體:\\r\\n\\t安全性識別碼:\\t\\tS-1-0-0\\r\\n\\tA帳戶名稱:\\t\\t-\\r\\n\\t帳戶網域:\\t\\t-\\r\\n\\t登入識別碼:\\t\\t0x0\\r\\n\\r\\n登入資訊:\\r\\n\\t登入類型:\\t\\t3\\r\\n\\t受限制的系統管理模式:\\t-\\r\\n\\t虛擬帳戶:\\t\\t否\\r\\n\\t提高權限的權杖:\\t\\t是\\r\\n\\r\\n模擬層級:\\t\\t模擬\\r\\n\\r\\n新登入:\\r\\n\\t安全性識別碼:\\t\\tS-1-5-21-4155498204-3384503861-1882939327-1000\\r\\n\\t帳戶名稱:\\t\\t891003\\r\\n\\t帳戶網域:\\t\\tDESKTOP-66G2GGG\\r\\n\\t登入識別碼:\\t\\t0x76AED5\\r\\n\\t連結的登入識別碼:\\t\\t0x0\\r\\n\\t網路帳戶名稱:\\t-\\r\\n\\t網路帳戶網域:\\t-\\r\\n\\t登入 GUID:\\t\\t{00000000-0000-0000-0000-000000000000}\\r\\n\\r\\n處理程序資訊:\\r\\n\\t處理程序識別碼:\\t\\t0x0\\r\\n\\t處理程序名稱:\\t\\t-\\r\\n\\r\\n網路資訊:\\r\\n\\t工作站名稱:\\tDESKTOP-66TG6SE\\r\\n\\t來源網路位址:\\t10.0.1.51\\r\\n\\t來源連接埠:\\t\\t50009\\r\\n\\r\\n詳細的驗證資訊:\\r\\n\\t登入處理程序:\\t\\tNtLmSsp \\r\\n\\t驗證封裝:\\tNTLM\\r\\n\\t轉送的服務:\\t-\\r\\n\\t封裝名稱 (僅 NTLM):\\tNTLM V2\\r\\n\\t金鑰長度:\\t\\t128\\r\\n\\r\\n建立登入工作階段時會產生此事件。它是在所存取的電腦上產生。\\r\\n\\r\\n主體欄位指出要求登入之本機系統上的帳戶。這通常是發生在服務 (例如伺服器服務) 或是本機處理程序 (例如 Winlogon.exe 或 Services.exe)。\\r\\n\\r\\n登入類型欄位指出發生的登入類型。最常見的類型是 2 (互動式) 與 3 (網路)。\\r\\n\\r\\n新登入欄位指出是哪個帳戶建立新登入，例如登入的帳戶。\\r\\n\\r\\n網路欄位指出遠端登入要求的來源。工作站名稱並非一律可用，在某些情況下可能會是空白。\\r\\n\\r\\n模擬層級欄位指出登入工作階段中的處理程序可以模擬的範圍。\\r\\n\\r\\n驗證資訊欄位提供關於此特定登入要求的詳細資訊。\\r\\n\\t- 登入 GUID 是唯一識別碼，可用於關聯這個事件與 KDC 事件。\\r\\n\\t- 轉送的服務指出哪一個中介服務已經加入這個登入要求。\\r\\n\\t- 封裝名稱指出在 NTLM 通訊協定中使用哪一個子協定。\\r\\n\\t- 金鑰長度指出產生的工作階段金鑰長度。如果沒有要求工作階段金鑰則為 0。\\\"\"},\"eventdata\":{\"subjectUserSid\":\"S-1-0-0\",\"subjectLogonId\":\"0x0\",\"targetUserSid\":\"S-1-5-21-4155498204-3384503861-1882939327-1000\",\"targetUserName\":\"891003\",\"targetDomainName\":\"DESKTOP-66G2GGG\",\"targetLogonId\":\"0x76aed5\",\"logonType\":\"3\",\"logonProcessName\":\"NtLmSsp\",\"authenticationPackageName\":\"NTLM\",\"workstationName\":\"DESKTOP-66TG6SE\",\"logonGuid\":\"{00000000-0000-0000-0000-000000000000}\",\"lmPackageName\":\"NTLM V2\",\"keyLength\":\"128\",\"processId\":\"0x0\",\"ipAddress\":\"10.0.1.51\",\"ipPort\":\"50009\",\"impersonationLevel\":\"%%1833\",\"virtualAccount\":\"%%1843\",\"targetLinkedLogonId\":\"0x0\",\"elevatedToken\":\"%%1842\"}}}"}
{"timestamp": "2025-08-29T10:17:16.580+0000", "agent.ip": "10.0.1.53", "agent.name": "DESKTOP-66G2GGG", "agent.id": "004", "rule.id": "67028", "rule.mitre.id": ["T1484"], "rule.level": 3, "rule.description": "Special privileges assigned to new logon.", "data.srcip": null, "data.dstip": null, "full_log": null}
{"timestamp": "2025-08-29T10:17:18.192+0000", "agent.ip": "10.0.1.53", "agent.name": "DESKTOP-66G2GGG", "agent.id": "004", "rule.id": "67028", "rule.mitre.id": ["T1484"], "rule.level": 3, "rule.description": "Special privileges assigned to new logon.", "data.srcip": null, "data.dstip": null, "full_log": null}
{"timestamp": "2025-08-29T10:17:18.198+0000", "agent.ip": "10.0.1.53", "agent.name": "DESKTOP-66G2GGG", "agent.id": "004", "rule.id": "92657", "rule.mitre.id": ["T1550.002", "T1078.002", "T1021.001"], "rule.level": 6, "rule.description": "Successful Remote Logon Detected - User:\\891003 - NTLM authentication, possible pass-the-hash attack - Possible RDP connection. Verify that DESKTOP-66TG6SE is allowed to perform RDP connections", "data.srcip": null, "data.dstip": null, "full_log": "{\"win\":{\"system\":{\"providerName\":\"Microsoft-Windows-Security-Auditing\",\"providerGuid\":\"{54849625-5478-4994-a5ba-3e3b0328c30d}\",\"eventID\":\"4624\",\"version\":\"2\",\"level\":\"0\",\"task\":\"12544\",\"opcode\":\"0\",\"keywords\":\"0x8020000000000000\",\"systemTime\":\"2025-08-29T10:17:19.3079624Z\",\"eventRecordID\":\"38071\",\"processID\":\"712\",\"threadID\":\"4296\",\"channel\":\"Security\",\"computer\":\"DESKTOP-66G2GGG\",\"severityValue\":\"AUDIT_SUCCESS\",\"message\":\"\\\"帳戶已順利登入。\\r\\n\\r\\n主體:\\r\\n\\t安全性識別碼:\\t\\tS-1-0-0\\r\\n\\tA帳戶名稱:\\t\\t-\\r\\n\\t帳戶網域:\\t\\t-\\r\\n\\t登入識別碼:\\t\\t0x0\\r\\n\\r\\n登入資訊:\\r\\n\\t登入類型:\\t\\t3\\r\\n\\t受限制的系統管理模式:\\t-\\r\\n\\t虛擬帳戶:\\t\\t否\\r\\n\\t提高權限的權杖:\\t\\t是\\r\\n\\r\\n模擬層級:\\t\\t模擬\\r\\n\\r\\n新登入:\\r\\n\\t安全性識別碼:\\t\\tS-1-5-21-4155498204-3384503861-1882939327-1000\\r\\n\\t帳戶名稱:\\t\\t891003\\r\\n\\t帳戶網域:\\t\\tDESKTOP-66G2GGG\\r\\n\\t登入識別碼:\\t\\t0x76B869\\r\\n\\t連結的登入識別碼:\\t\\t0x0\\r\\n\\t網路帳戶名稱:\\t-\\r\\n\\t網路帳戶網域:\\t-\\r\\n\\t登入 GUID:\\t\\t{00000000-0000-0000-0000-000000000000}\\r\\n\\r\\n處理程序資訊:\\r\\n\\t處理程序識別碼:\\t\\t0x0\\r\\n\\t處理程序名稱:\\t\\t-\\r\\n\\r\\n網路資訊:\\r\\n\\t工作站名稱:\\tDESKTOP-66TG6SE\\r\\n\\t來源網路位址:\\t10.0.1.51\\r\\n\\t來源連接埠:\\t\\t50010\\r\\n\\r\\n詳細的驗證資訊:\\r\\n\\t登入處理程序:\\t\\tNtLmSsp \\r\\n\\t驗證封裝:\\tNTLM\\r\\n\\t轉送的服務:\\t-\\r\\n\\t封裝名稱 (僅 NTLM):\\tNTLM V2\\r\\n\\t金鑰長度:\\t\\t128\\r\\n\\r\\n建立登入工作階段時會產生此事件。它是在所存取的電腦上產生。\\r\\n\\r\\n主體欄位指出要求登入之本機系統上的帳戶。這通常是發生在服務 (例如伺服器服務) 或是本機處理程序 (例如 Winlogon.exe 或 Services.exe)。\\r\\n\\r\\n登入類型欄位指出發生的登入類型。最常見的類型是 2 (互動式) 與 3 (網路)。\\r\\n\\r\\n新登入欄位指出是哪個帳戶建立新登入，例如登入的帳戶。\\r\\n\\r\\n網路欄位指出遠端登入要求的來源。工作站名稱並非一律可用，在某些情況下可能會是空白。\\r\\n\\r\\n模擬層級欄位指出登入工作階段中的處理程序可以模擬的範圍。\\r\\n\\r\\n驗證資訊欄位提供關於此特定登入要求的詳細資訊。\\r\\n\\t- 登入 GUID 是唯一識別碼，可用於關聯這個事件與 KDC 事件。\\r\\n\\t- 轉送的服務指出哪一個中介服務已經加入這個登入要求。\\r\\n\\t- 封裝名稱指出在 NTLM 通訊協定中使用哪一個子協定。\\r\\n\\t- 金鑰長度指出產生的工作階段金鑰長度。如果沒有要求工作階段金鑰則為 0。\\\"\"},\"eventdata\":{\"subjectUserSid\":\"S-1-0-0\",\"subjectLogonId\":\"0x0\",\"targetUserSid\":\"S-1-5-21-4155498204-3384503861-1882939327-1000\",\"targetUserName\":\"891003\",\"targetDomainName\":\"DESKTOP-66G2GGG\",\"targetLogonId\":\"0x76b869\",\"logonType\":\"3\",\"logonProcessName\":\"NtLmSsp\",\"authenticationPackageName\":\"NTLM\",\"workstationName\":\"DESKTOP-66TG6SE\",\"logonGuid\":\"{00000000-0000-0000-0000-000000000000}\",\"lmPackageName\":\"NTLM V2\",\"keyLength\":\"128\",\"processId\":\"0x0\",\"ipAddress\":\"10.0.1.51\",\"ipPort\":\"50010\",\"impersonationLevel\":\"%%1833\",\"virtualAccount\":\"%%1843\",\"targetLinkedLogonId\":\"0x0\",\"elevatedToken\":\"%%1842\"}}}"}
{"timestamp": "2025-08-29T10:17:18.212+0000", "agent.ip": "10.0.1.53", "agent.name": "DESKTOP-66G2GGG", "agent.id": "004", "rule.id": "60137", "rule.mitre.id": "T0000", "rule.level": 3, "rule.description": "Windows User Logoff", "data.srcip": null, "data.dstip": null, "full_log": null}
{"timestamp": "2025-08-29T10:17:18.227+0000", "agent.ip": "10.0.1.53", "agent.name": "DESKTOP-66G2GGG", "agent.id": "004", "rule.id": "67028", "rule.mitre.id": ["T1484"], "rule.level": 3, "rule.description": "Special privileges assigned to new logon.", "data.srcip": null, "data.dstip": null, "full_log": null}
{"timestamp": "2025-08-29T10:17:18.254+0000", "agent.ip": "10.0.1.53", "agent.name": "DESKTOP-66G2GGG", "agent.id": "004", "rule.id": "92657", "rule.mitre.id": ["T1550.002", "T1078.002", "T1021.001"], "rule.level": 6, "rule.description": "Successful Remote Logon Detected - User:\\891003 - NTLM authentication, possible pass-the-hash attack - Possible RDP connection. Verify that DESKTOP-66TG6SE is allowed to perform RDP connections", "data.srcip": null, "data.dstip": null, "full_log": "{\"win\":{\"system\":{\"providerName\":\"Microsoft-Windows-Security-Auditing\",\"providerGuid\":\"{54849625-5478-4994-a5ba-3e3b0328c30d}\",\"eventID\":\"4624\",\"version\":\"2\",\"level\":\"0\",\"task\":\"12544\",\"opcode\":\"0\",\"keywords\":\"0x8020000000000000\",\"systemTime\":\"2025-08-29T10:17:20.2129836Z\",\"eventRecordID\":\"38074\",\"processID\":\"712\",\"threadID\":\"4296\",\"channel\":\"Security\",\"computer\":\"DESKTOP-66G2GGG\",\"severityValue\":\"AUDIT_SUCCESS\",\"message\":\"\\\"帳戶已順利登入。\\r\\n\\r\\n主體:\\r\\n\\t安全性識別碼:\\t\\tS-1-0-0\\r\\n\\tA帳戶名稱:\\t\\t-\\r\\n\\t帳戶網域:\\t\\t-\\r\\n\\t登入識別碼:\\t\\t0x0\\r\\n\\r\\n登入資訊:\\r\\n\\t登入類型:\\t\\t3\\r\\n\\t受限制的系統管理模式:\\t-\\r\\n\\t虛擬帳戶:\\t\\t否\\r\\n\\t提高權限的權杖:\\t\\t是\\r\\n\\r\\n模擬層級:\\t\\t模擬\\r\\n\\r\\n新登入:\\r\\n\\t安全性識別碼:\\t\\tS-1-5-21-4155498204-3384503861-1882939327-1000\\r\\n\\t帳戶名稱:\\t\\t891003\\r\\n\\t帳戶網域:\\t\\tDESKTOP-66G2GGG\\r\\n\\t登入識別碼:\\t\\t0x76BF32\\r\\n\\t連結的登入識別碼:\\t\\t0x0\\r\\n\\t網路帳戶名稱:\\t-\\r\\n\\t網路帳戶網域:\\t-\\r\\n\\t登入 GUID:\\t\\t{00000000-0000-0000-0000-000000000000}\\r\\n\\r\\n處理程序資訊:\\r\\n\\t處理程序識別碼:\\t\\t0x0\\r\\n\\t處理程序名稱:\\t\\t-\\r\\n\\r\\n網路資訊:\\r\\n\\t工作站名稱:\\tDESKTOP-66TG6SE\\r\\n\\t來源網路位址:\\t10.0.1.51\\r\\n\\t來源連接埠:\\t\\t50009\\r\\n\\r\\n詳細的驗證資訊:\\r\\n\\t登入處理程序:\\t\\tNtLmSsp \\r\\n\\t驗證封裝:\\tNTLM\\r\\n\\t轉送的服務:\\t-\\r\\n\\t封裝名稱 (僅 NTLM):\\tNTLM V2\\r\\n\\t金鑰長度:\\t\\t128\\r\\n\\r\\n建立登入工作階段時會產生此事件。它是在所存取的電腦上產生。\\r\\n\\r\\n主體欄位指出要求登入之本機系統上的帳戶。這通常是發生在服務 (例如伺服器服務) 或是本機處理程序 (例如 Winlogon.exe 或 Services.exe)。\\r\\n\\r\\n登入類型欄位指出發生的登入類型。最常見的類型是 2 (互動式) 與 3 (網路)。\\r\\n\\r\\n新登入欄位指出是哪個帳戶建立新登入，例如登入的帳戶。\\r\\n\\r\\n網路欄位指出遠端登入要求的來源。工作站名稱並非一律可用，在某些情況下可能會是空白。\\r\\n\\r\\n模擬層級欄位指出登入工作階段中的處理程序可以模擬的範圍。\\r\\n\\r\\n驗證資訊欄位提供關於此特定登入要求的詳細資訊。\\r\\n\\t- 登入 GUID 是唯一識別碼，可用於關聯這個事件與 KDC 事件。\\r\\n\\t- 轉送的服務指出哪一個中介服務已經加入這個登入要求。\\r\\n\\t- 封裝名稱指出在 NTLM 通訊協定中使用哪一個子協定。\\r\\n\\t- 金鑰長度指出產生的工作階段金鑰長度。如果沒有要求工作階段金鑰則為 0。\\\"\"},\"eventdata\":{\"subjectUserSid\":\"S-1-0-0\",\"subjectLogonId\":\"0x0\",\"targetUserSid\":\"S-1-5-21-4155498204-3384503861-1882939327-1000\",\"targetUserName\":\"891003\",\"targetDomainName\":\"DESKTOP-66G2GGG\",\"targetLogonId\":\"0x76bf32\",\"logonType\":\"3\",\"logonProcessName\":\"NtLmSsp\",\"authenticationPackageName\":\"NTLM\",\"workstationName\":\"DESKTOP-66TG6SE\",\"logonGuid\":\"{00000000-0000-0000-0000-000000000000}\",\"lmPackageName\":\"NTLM V2\",\"keyLength\":\"128\",\"processId\":\"0x0\",\"ipAddress\":\"10.0.1.51\",\"ipPort\":\"50009\",\"impersonationLevel\":\"%%1833\",\"virtualAccount\":\"%%1843\",\"targetLinkedLogonId\":\"0x0\",\"elevatedToken\":\"%%1842\"}}}"}
{"timestamp": "2025-08-29T10:17:18.258+0000", "agent.ip": "10.0.1.53", "agent.name": "DESKTOP-66G2GGG", "agent.id": "004", "rule.id": "60137", "rule.mitre.id": "T0000", "rule.level": 3, "rule.description": "Windows User Logoff", "data.srcip": null, "data.dstip": null, "full_log": null}
{"timestamp": "2025-08-29T10:17:18.274+0000", "agent.ip": "10.0.1.53", "agent.name": "DESKTOP-66G2GGG", "agent.id": "004", "rule.id": "60137", "rule.mitre.id": "T0000", "rule.level": 3, "rule.description": "Windows User Logoff", "data.srcip": null, "data.dstip": null, "full_log": null}
{"timestamp": "2025-08-29T10:17:18.291+0000", "agent.ip": "10.0.1.53", "agent.name": "DESKTOP-66G2GGG", "agent.id": "004", "rule.id": "60137", "rule.mitre.id": "T0000", "rule.level": 3, "rule.description": "Windows User Logoff", "data.srcip": null, "data.dstip": null, "full_log": null}
{"timestamp": "2025-08-29T10:17:50.510+0000", "agent.ip": "10.0.1.53", "agent.name": "DESKTOP-66G2GGG", "agent.id": "004", "rule.id": "67028", "rule.mitre.id": ["T1484"], "rule.level": 3, "rule.description": "Special privileges assigned to new logon.", "data.srcip": null, "data.dstip": null, "full_log": null}
{"timestamp": "2025-08-29T10:17:50.598+0000", "agent.ip": "10.0.1.53", "agent.name": "DESKTOP-66G2GGG", "agent.id": "004", "rule.id": "92657", "rule.mitre.id": ["T1550.002", "T1078.002", "T1021.001"], "rule.level": 6, "rule.description": "Successful Remote Logon Detected - User:\\891003 - NTLM authentication, possible pass-the-hash attack - Possible RDP connection. Verify that DESKTOP-66TG6SE is allowed to perform RDP connections", "data.srcip": null, "data.dstip": null, "full_log": "{\"win\":{\"system\":{\"providerName\":\"Microsoft-Windows-Security-Auditing\",\"providerGuid\":\"{54849625-5478-4994-a5ba-3e3b0328c30d}\",\"eventID\":\"4624\",\"version\":\"2\",\"level\":\"0\",\"task\":\"12544\",\"opcode\":\"0\",\"keywords\":\"0x8020000000000000\",\"systemTime\":\"2025-08-29T10:17:51.5098419Z\",\"eventRecordID\":\"38079\",\"processID\":\"712\",\"threadID\":\"4296\",\"channel\":\"Security\",\"computer\":\"DESKTOP-66G2GGG\",\"severityValue\":\"AUDIT_SUCCESS\",\"message\":\"\\\"帳戶已順利登入。\\r\\n\\r\\n主體:\\r\\n\\t安全性識別碼:\\t\\tS-1-0-0\\r\\n\\tA帳戶名稱:\\t\\t-\\r\\n\\t帳戶網域:\\t\\t-\\r\\n\\t登入識別碼:\\t\\t0x0\\r\\n\\r\\n登入資訊:\\r\\n\\t登入類型:\\t\\t3\\r\\n\\t受限制的系統管理模式:\\t-\\r\\n\\t虛擬帳戶:\\t\\t否\\r\\n\\t提高權限的權杖:\\t\\t是\\r\\n\\r\\n模擬層級:\\t\\t模擬\\r\\n\\r\\n新登入:\\r\\n\\t安全性識別碼:\\t\\tS-1-5-21-4155498204-3384503861-1882939327-1000\\r\\n\\t帳戶名稱:\\t\\t891003\\r\\n\\t帳戶網域:\\t\\tDESKTOP-66G2GGG\\r\\n\\t登入識別碼:\\t\\t0x76D850\\r\\n\\t連結的登入識別碼:\\t\\t0x0\\r\\n\\t網路帳戶名稱:\\t-\\r\\n\\t網路帳戶網域:\\t-\\r\\n\\t登入 GUID:\\t\\t{00000000-0000-0000-0000-000000000000}\\r\\n\\r\\n處理程序資訊:\\r\\n\\t處理程序識別碼:\\t\\t0x0\\r\\n\\t處理程序名稱:\\t\\t-\\r\\n\\r\\n網路資訊:\\r\\n\\t工作站名稱:\\tDESKTOP-66TG6SE\\r\\n\\t來源網路位址:\\t10.0.1.51\\r\\n\\t來源連接埠:\\t\\t50011\\r\\n\\r\\n詳細的驗證資訊:\\r\\n\\t登入處理程序:\\t\\tNtLmSsp \\r\\n\\t驗證封裝:\\tNTLM\\r\\n\\t轉送的服務:\\t-\\r\\n\\t封裝名稱 (僅 NTLM):\\tNTLM V2\\r\\n\\t金鑰長度:\\t\\t128\\r\\n\\r\\n建立登入工作階段時會產生此事件。它是在所存取的電腦上產生。\\r\\n\\r\\n主體欄位指出要求登入之本機系統上的帳戶。這通常是發生在服務 (例如伺服器服務) 或是本機處理程序 (例如 Winlogon.exe 或 Services.exe)。\\r\\n\\r\\n登入類型欄位指出發生的登入類型。最常見的類型是 2 (互動式) 與 3 (網路)。\\r\\n\\r\\n新登入欄位指出是哪個帳戶建立新登入，例如登入的帳戶。\\r\\n\\r\\n網路欄位指出遠端登入要求的來源。工作站名稱並非一律可用，在某些情況下可能會是空白。\\r\\n\\r\\n模擬層級欄位指出登入工作階段中的處理程序可以模擬的範圍。\\r\\n\\r\\n驗證資訊欄位提供關於此特定登入要求的詳細資訊。\\r\\n\\t- 登入 GUID 是唯一識別碼，可用於關聯這個事件與 KDC 事件。\\r\\n\\t- 轉送的服務指出哪一個中介服務已經加入這個登入要求。\\r\\n\\t- 封裝名稱指出在 NTLM 通訊協定中使用哪一個子協定。\\r\\n\\t- 金鑰長度指出產生的工作階段金鑰長度。如果沒有要求工作階段金鑰則為 0。\\\"\"},\"eventdata\":{\"subjectUserSid\":\"S-1-0-0\",\"subjectLogonId\":\"0x0\",\"targetUserSid\":\"S-1-5-21-4155498204-3384503861-1882939327-1000\",\"targetUserName\":\"891003\",\"targetDomainName\":\"DESKTOP-66G2GGG\",\"targetLogonId\":\"0x76d850\",\"logonType\":\"3\",\"logonProcessName\":\"NtLmSsp\",\"authenticationPackageName\":\"NTLM\",\"workstationName\":\"DESKTOP-66TG6SE\",\"logonGuid\":\"{00000000-0000-0000-0000-000000000000}\",\"lmPackageName\":\"NTLM V2\",\"keyLength\":\"128\",\"processId\":\"0x0\",\"ipAddress\":\"10.0.1.51\",\"ipPort\":\"50011\",\"impersonationLevel\":\"%%1833\",\"virtualAccount\":\"%%1843\",\"targetLinkedLogonId\":\"0x0\",\"elevatedToken\":\"%%1842\"}}}"}
{"timestamp": "2025-08-29T10:17:50.600+0000", "agent.ip": "10.0.1.53", "agent.name": "DESKTOP-66G2GGG", "agent.id": "004", "rule.id": "92657", "rule.mitre.id": ["T1550.002", "T1078.002", "T1021.001"], "rule.level": 6, "rule.description": "Successful Remote Logon Detected - User:\\891003 - NTLM authentication, possible pass-the-hash attack - Possible RDP connection. Verify that DESKTOP-66TG6SE is allowed to perform RDP connections", "data.srcip": null, "data.dstip": null, "full_log": "{\"win\":{\"system\":{\"providerName\":\"Microsoft-Windows-Security-Auditing\",\"providerGuid\":\"{54849625-5478-4994-a5ba-3e3b0328c30d}\",\"eventID\":\"4624\",\"version\":\"2\",\"level\":\"0\",\"task\":\"12544\",\"opcode\":\"0\",\"keywords\":\"0x8020000000000000\",\"systemTime\":\"2025-08-29T10:17:51.6218969Z\",\"eventRecordID\":\"38081\",\"processID\":\"712\",\"threadID\":\"5336\",\"channel\":\"Security\",\"computer\":\"DESKTOP-66G2GGG\",\"severityValue\":\"AUDIT_SUCCESS\",\"message\":\"\\\"帳戶已順利登入。\\r\\n\\r\\n主體:\\r\\n\\t安全性識別碼:\\t\\tS-1-0-0\\r\\n\\tA帳戶名稱:\\t\\t-\\r\\n\\t帳戶網域:\\t\\t-\\r\\n\\t登入識別碼:\\t\\t0x0\\r\\n\\r\\n登入資訊:\\r\\n\\t登入類型:\\t\\t3\\r\\n\\t受限制的系統管理模式:\\t-\\r\\n\\t虛擬帳戶:\\t\\t否\\r\\n\\t提高權限的權杖:\\t\\t是\\r\\n\\r\\n模擬層級:\\t\\t模擬\\r\\n\\r\\n新登入:\\r\\n\\t安全性識別碼:\\t\\tS-1-5-21-4155498204-3384503861-1882939327-1000\\r\\n\\t帳戶名稱:\\t\\t891003\\r\\n\\t帳戶網域:\\t\\tDESKTOP-66G2GGG\\r\\n\\t登入識別碼:\\t\\t0x76DC74\\r\\n\\t連結的登入識別碼:\\t\\t0x0\\r\\n\\t網路帳戶名稱:\\t-\\r\\n\\t網路帳戶網域:\\t-\\r\\n\\t登入 GUID:\\t\\t{00000000-0000-0000-0000-000000000000}\\r\\n\\r\\n處理程序資訊:\\r\\n\\t處理程序識別碼:\\t\\t0x0\\r\\n\\t處理程序名稱:\\t\\t-\\r\\n\\r\\n網路資訊:\\r\\n\\t工作站名稱:\\tDESKTOP-66TG6SE\\r\\n\\t來源網路位址:\\t10.0.1.51\\r\\n\\t來源連接埠:\\t\\t50012\\r\\n\\r\\n詳細的驗證資訊:\\r\\n\\t登入處理程序:\\t\\tNtLmSsp \\r\\n\\t驗證封裝:\\tNTLM\\r\\n\\t轉送的服務:\\t-\\r\\n\\t封裝名稱 (僅 NTLM):\\tNTLM V2\\r\\n\\t金鑰長度:\\t\\t128\\r\\n\\r\\n建立登入工作階段時會產生此事件。它是在所存取的電腦上產生。\\r\\n\\r\\n主體欄位指出要求登入之本機系統上的帳戶。這通常是發生在服務 (例如伺服器服務) 或是本機處理程序 (例如 Winlogon.exe 或 Services.exe)。\\r\\n\\r\\n登入類型欄位指出發生的登入類型。最常見的類型是 2 (互動式) 與 3 (網路)。\\r\\n\\r\\n新登入欄位指出是哪個帳戶建立新登入，例如登入的帳戶。\\r\\n\\r\\n網路欄位指出遠端登入要求的來源。工作站名稱並非一律可用，在某些情況下可能會是空白。\\r\\n\\r\\n模擬層級欄位指出登入工作階段中的處理程序可以模擬的範圍。\\r\\n\\r\\n驗證資訊欄位提供關於此特定登入要求的詳細資訊。\\r\\n\\t- 登入 GUID 是唯一識別碼，可用於關聯這個事件與 KDC 事件。\\r\\n\\t- 轉送的服務指出哪一個中介服務已經加入這個登入要求。\\r\\n\\t- 封裝名稱指出在 NTLM 通訊協定中使用哪一個子協定。\\r\\n\\t- 金鑰長度指出產生的工作階段金鑰長度。如果沒有要求工作階段金鑰則為 0。\\\"\"},\"eventdata\":{\"subjectUserSid\":\"S-1-0-0\",\"subjectLogonId\":\"0x0\",\"targetUserSid\":\"S-1-5-21-4155498204-3384503861-1882939327-1000\",\"targetUserName\":\"891003\",\"targetDomainName\":\"DESKTOP-66G2GGG\",\"targetLogonId\":\"0x76dc74\",\"logonType\":\"3\",\"logonProcessName\":\"NtLmSsp\",\"authenticationPackageName\":\"NTLM\",\"workstationName\":\"DESKTOP-66TG6SE\",\"logonGuid\":\"{00000000-0000-0000-0000-000000000000}\",\"lmPackageName\":\"NTLM V2\",\"keyLength\":\"128\",\"processId\":\"0x0\",\"ipAddress\":\"10.0.1.51\",\"ipPort\":\"50012\",\"impersonationLevel\":\"%%1833\",\"virtualAccount\":\"%%1843\",\"targetLinkedLogonId\":\"0x0\",\"elevatedToken\":\"%%1842\"}}}"}
{"timestamp": "2025-08-29T10:17:50.600+0000", "agent.ip": "10.0.1.53", "agent.name": "DESKTOP-66G2GGG", "agent.id": "004", "rule.id": "67028", "rule.mitre.id": ["T1484"], "rule.level": 3, "rule.description": "Special privileges assigned to new logon.", "data.srcip": null, "data.dstip": null, "full_log": null}
{"timestamp": "2025-08-29T10:17:50.612+0000", "agent.ip": "10.0.1.53", "agent.name": "DESKTOP-66G2GGG", "agent.id": "004", "rule.id": "67028", "rule.mitre.id": ["T1484"], "rule.level": 3, "rule.description": "Special privileges assigned to new logon.", "data.srcip": null, "data.dstip": null, "full_log": null}
{"timestamp": "2025-08-29T10:17:50.612+0000", "agent.ip": "10.0.1.53", "agent.name": "DESKTOP-66G2GGG", "agent.id": "004", "rule.id": "92657", "rule.mitre.id": ["T1550.002", "T1078.002", "T1021.001"], "rule.level": 6, "rule.description": "Successful Remote Logon Detected - User:\\891003 - NTLM authentication, possible pass-the-hash attack - Possible RDP connection. Verify that DESKTOP-66TG6SE is allowed to perform RDP connections", "data.srcip": null, "data.dstip": null, "full_log": "{\"win\":{\"system\":{\"providerName\":\"Microsoft-Windows-Security-Auditing\",\"providerGuid\":\"{54849625-5478-4994-a5ba-3e3b0328c30d}\",\"eventID\":\"4624\",\"version\":\"2\",\"level\":\"0\",\"task\":\"12544\",\"opcode\":\"0\",\"keywords\":\"0x8020000000000000\",\"systemTime\":\"2025-08-29T10:17:51.9335000Z\",\"eventRecordID\":\"38083\",\"processID\":\"712\",\"threadID\":\"4296\",\"channel\":\"Security\",\"computer\":\"DESKTOP-66G2GGG\",\"severityValue\":\"AUDIT_SUCCESS\",\"message\":\"\\\"帳戶已順利登入。\\r\\n\\r\\n主體:\\r\\n\\t安全性識別碼:\\t\\tS-1-0-0\\r\\n\\tA帳戶名稱:\\t\\t-\\r\\n\\t帳戶網域:\\t\\t-\\r\\n\\t登入識別碼:\\t\\t0x0\\r\\n\\r\\n登入資訊:\\r\\n\\t登入類型:\\t\\t3\\r\\n\\t受限制的系統管理模式:\\t-\\r\\n\\t虛擬帳戶:\\t\\t否\\r\\n\\t提高權限的權杖:\\t\\t是\\r\\n\\r\\n模擬層級:\\t\\t模擬\\r\\n\\r\\n新登入:\\r\\n\\t安全性識別碼:\\t\\tS-1-5-21-4155498204-3384503861-1882939327-1000\\r\\n\\t帳戶名稱:\\t\\t891003\\r\\n\\t帳戶網域:\\t\\tDESKTOP-66G2GGG\\r\\n\\t登入識別碼:\\t\\t0x76E0DD\\r\\n\\t連結的登入識別碼:\\t\\t0x0\\r\\n\\t網路帳戶名稱:\\t-\\r\\n\\t網路帳戶網域:\\t-\\r\\n\\t登入 GUID:\\t\\t{00000000-0000-0000-0000-000000000000}\\r\\n\\r\\n處理程序資訊:\\r\\n\\t處理程序識別碼:\\t\\t0x0\\r\\n\\t處理程序名稱:\\t\\t-\\r\\n\\r\\n網路資訊:\\r\\n\\t工作站名稱:\\tDESKTOP-66TG6SE\\r\\n\\t來源網路位址:\\t10.0.1.51\\r\\n\\t來源連接埠:\\t\\t50013\\r\\n\\r\\n詳細的驗證資訊:\\r\\n\\t登入處理程序:\\t\\tNtLmSsp \\r\\n\\t驗證封裝:\\tNTLM\\r\\n\\t轉送的服務:\\t-\\r\\n\\t封裝名稱 (僅 NTLM):\\tNTLM V2\\r\\n\\t金鑰長度:\\t\\t128\\r\\n\\r\\n建立登入工作階段時會產生此事件。它是在所存取的電腦上產生。\\r\\n\\r\\n主體欄位指出要求登入之本機系統上的帳戶。這通常是發生在服務 (例如伺服器服務) 或是本機處理程序 (例如 Winlogon.exe 或 Services.exe)。\\r\\n\\r\\n登入類型欄位指出發生的登入類型。最常見的類型是 2 (互動式) 與 3 (網路)。\\r\\n\\r\\n新登入欄位指出是哪個帳戶建立新登入，例如登入的帳戶。\\r\\n\\r\\n網路欄位指出遠端登入要求的來源。工作站名稱並非一律可用，在某些情況下可能會是空白。\\r\\n\\r\\n模擬層級欄位指出登入工作階段中的處理程序可以模擬的範圍。\\r\\n\\r\\n驗證資訊欄位提供關於此特定登入要求的詳細資訊。\\r\\n\\t- 登入 GUID 是唯一識別碼，可用於關聯這個事件與 KDC 事件。\\r\\n\\t- 轉送的服務指出哪一個中介服務已經加入這個登入要求。\\r\\n\\t- 封裝名稱指出在 NTLM 通訊協定中使用哪一個子協定。\\r\\n\\t- 金鑰長度指出產生的工作階段金鑰長度。如果沒有要求工作階段金鑰則為 0。\\\"\"},\"eventdata\":{\"subjectUserSid\":\"S-1-0-0\",\"subjectLogonId\":\"0x0\",\"targetUserSid\":\"S-1-5-21-4155498204-3384503861-1882939327-1000\",\"targetUserName\":\"891003\",\"targetDomainName\":\"DESKTOP-66G2GGG\",\"targetLogonId\":\"0x76e0dd\",\"logonType\":\"3\",\"logonProcessName\":\"NtLmSsp\",\"authenticationPackageName\":\"NTLM\",\"workstationName\":\"DESKTOP-66TG6SE\",\"logonGuid\":\"{00000000-0000-0000-0000-000000000000}\",\"lmPackageName\":\"NTLM V2\",\"keyLength\":\"128\",\"processId\":\"0x0\",\"ipAddress\":\"10.0.1.51\",\"ipPort\":\"50013\",\"impersonationLevel\":\"%%1833\",\"virtualAccount\":\"%%1843\",\"targetLinkedLogonId\":\"0x0\",\"elevatedToken\":\"%%1842\"}}}"}
{"timestamp": "2025-08-29T10:17:52.071+0000", "agent.ip": "10.0.1.53", "agent.name": "DESKTOP-66G2GGG", "agent.id": "004", "rule.id": "60137", "rule.mitre.id": "T0000", "rule.level": 3, "rule.description": "Windows User Logoff", "data.srcip": null, "data.dstip": null, "full_log": null}
{"timestamp": "2025-08-29T10:17:52.083+0000", "agent.ip": "10.0.1.53", "agent.name": "DESKTOP-66G2GGG", "agent.id": "004", "rule.id": "67028", "rule.mitre.id": ["T1484"], "rule.level": 3, "rule.description": "Special privileges assigned to new logon.", "data.srcip": null, "data.dstip": null, "full_log": null}
{"timestamp": "2025-08-29T10:17:52.083+0000", "agent.ip": "10.0.1.53", "agent.name": "DESKTOP-66G2GGG", "agent.id": "004", "rule.id": "92657", "rule.mitre.id": ["T1550.002", "T1078.002", "T1021.001"], "rule.level": 6, "rule.description": "Successful Remote Logon Detected - User:\\891003 - NTLM authentication, possible pass-the-hash attack - Possible RDP connection. Verify that DESKTOP-66TG6SE is allowed to perform RDP connections", "data.srcip": null, "data.dstip": null, "full_log": "{\"win\":{\"system\":{\"providerName\":\"Microsoft-Windows-Security-Auditing\",\"providerGuid\":\"{54849625-5478-4994-a5ba-3e3b0328c30d}\",\"eventID\":\"4624\",\"version\":\"2\",\"level\":\"0\",\"task\":\"12544\",\"opcode\":\"0\",\"keywords\":\"0x8020000000000000\",\"systemTime\":\"2025-08-29T10:17:53.3659676Z\",\"eventRecordID\":\"38086\",\"processID\":\"712\",\"threadID\":\"4296\",\"channel\":\"Security\",\"computer\":\"DESKTOP-66G2GGG\",\"severityValue\":\"AUDIT_SUCCESS\",\"message\":\"\\\"帳戶已順利登入。\\r\\n\\r\\n主體:\\r\\n\\t安全性識別碼:\\t\\tS-1-0-0\\r\\n\\tA帳戶名稱:\\t\\t-\\r\\n\\t帳戶網域:\\t\\t-\\r\\n\\t登入識別碼:\\t\\t0x0\\r\\n\\r\\n登入資訊:\\r\\n\\t登入類型:\\t\\t3\\r\\n\\t受限制的系統管理模式:\\t-\\r\\n\\t虛擬帳戶:\\t\\t否\\r\\n\\t提高權限的權杖:\\t\\t是\\r\\n\\r\\n模擬層級:\\t\\t模擬\\r\\n\\r\\n新登入:\\r\\n\\t安全性識別碼:\\t\\tS-1-5-21-4155498204-3384503861-1882939327-1000\\r\\n\\t帳戶名稱:\\t\\t891003\\r\\n\\t帳戶網域:\\t\\tDESKTOP-66G2GGG\\r\\n\\t登入識別碼:\\t\\t0x76F7CA\\r\\n\\t連結的登入識別碼:\\t\\t0x0\\r\\n\\t網路帳戶名稱:\\t-\\r\\n\\t網路帳戶網域:\\t-\\r\\n\\t登入 GUID:\\t\\t{00000000-0000-0000-0000-000000000000}\\r\\n\\r\\n處理程序資訊:\\r\\n\\t處理程序識別碼:\\t\\t0x0\\r\\n\\t處理程序名稱:\\t\\t-\\r\\n\\r\\n網路資訊:\\r\\n\\t工作站名稱:\\tDESKTOP-66TG6SE\\r\\n\\t來源網路位址:\\t10.0.1.51\\r\\n\\t來源連接埠:\\t\\t50013\\r\\n\\r\\n詳細的驗證資訊:\\r\\n\\t登入處理程序:\\t\\tNtLmSsp \\r\\n\\t驗證封裝:\\tNTLM\\r\\n\\t轉送的服務:\\t-\\r\\n\\t封裝名稱 (僅 NTLM):\\tNTLM V2\\r\\n\\t金鑰長度:\\t\\t128\\r\\n\\r\\n建立登入工作階段時會產生此事件。它是在所存取的電腦上產生。\\r\\n\\r\\n主體欄位指出要求登入之本機系統上的帳戶。這通常是發生在服務 (例如伺服器服務) 或是本機處理程序 (例如 Winlogon.exe 或 Services.exe)。\\r\\n\\r\\n登入類型欄位指出發生的登入類型。最常見的類型是 2 (互動式) 與 3 (網路)。\\r\\n\\r\\n新登入欄位指出是哪個帳戶建立新登入，例如登入的帳戶。\\r\\n\\r\\n網路欄位指出遠端登入要求的來源。工作站名稱並非一律可用，在某些情況下可能會是空白。\\r\\n\\r\\n模擬層級欄位指出登入工作階段中的處理程序可以模擬的範圍。\\r\\n\\r\\n驗證資訊欄位提供關於此特定登入要求的詳細資訊。\\r\\n\\t- 登入 GUID 是唯一識別碼，可用於關聯這個事件與 KDC 事件。\\r\\n\\t- 轉送的服務指出哪一個中介服務已經加入這個登入要求。\\r\\n\\t- 封裝名稱指出在 NTLM 通訊協定中使用哪一個子協定。\\r\\n\\t- 金鑰長度指出產生的工作階段金鑰長度。如果沒有要求工作階段金鑰則為 0。\\\"\"},\"eventdata\":{\"subjectUserSid\":\"S-1-0-0\",\"subjectLogonId\":\"0x0\",\"targetUserSid\":\"S-1-5-21-4155498204-3384503861-1882939327-1000\",\"targetUserName\":\"891003\",\"targetDomainName\":\"DESKTOP-66G2GGG\",\"targetLogonId\":\"0x76f7ca\",\"logonType\":\"3\",\"logonProcessName\":\"NtLmSsp\",\"authenticationPackageName\":\"NTLM\",\"workstationName\":\"DESKTOP-66TG6SE\",\"logonGuid\":\"{00000000-0000-0000-0000-000000000000}\",\"lmPackageName\":\"NTLM V2\",\"keyLength\":\"128\",\"processId\":\"0x0\",\"ipAddress\":\"10.0.1.51\",\"ipPort\":\"50013\",\"impersonationLevel\":\"%%1833\",\"virtualAccount\":\"%%1843\",\"targetLinkedLogonId\":\"0x0\",\"elevatedToken\":\"%%1842\"}}}"}
{"timestamp": "2025-08-29T10:17:52.084+0000", "agent.ip": "10.0.1.53", "agent.name": "DESKTOP-66G2GGG", "agent.id": "004", "rule.id": "60137", "rule.mitre.id": "T0000", "rule.level": 3, "rule.description": "Windows User Logoff", "data.srcip": null, "data.dstip": null, "full_log": null}
{"timestamp": "2025-08-29T10:17:52.103+0000", "agent.ip": "10.0.1.53", "agent.name": "DESKTOP-66G2GGG", "agent.id": "004", "rule.id": "60137", "rule.mitre.id": "T0000", "rule.level": 3, "rule.description": "Windows User Logoff", "data.srcip": null, "data.dstip": null, "full_log": null}
{"timestamp": "2025-08-29T10:17:52.118+0000", "agent.ip": "10.0.1.53", "agent.name": "DESKTOP-66G2GGG", "agent.id": "004", "rule.id": "60137", "rule.mitre.id": "T0000", "rule.level": 3, "rule.description": "Windows User Logoff", "data.srcip": null, "data.dstip": null, "full_log": null}
