{"timestamp": "2025-08-29T10:13:12.689+0000", "agent.ip": "172.18.0.10", "agent.name": "connector-node", "agent.id": "001", "rule.id": "400006", "rule.mitre.id": "T0000", "rule.level": 12, "rule.description": "[AVO alert] SCAN UDP Portscan from 10.0.1.241", "data.srcip": "10.0.1.241", "data.dstip": "142.250.198.74", "full_log": "Aug 29 10:13:11 connector-node snort: {\"carriedMetadata\":{\"additionalCarriedMetadataKey\":\"additionalCarriedMetadataValue\",\"dummyCarriedMetadataKey\":\"dummyCarriedMetadataValue\"},\"deviceId\":\"ir001\",\"deviceMetadata\":{\"additionalDeviceMetadataKey\":\"additionalDeviceMetadataValue\",\"dummyDeviceMetadataKey\":\"dummyDeviceMetadataValue\"},\"entityType\":\"\",\"payload\":{\"data\":{\"class_idx\":4,\"classification\":\"Attempted Information Leak\",\"dlthdr\":0,\"dst_ip\":\"142.250.198.74\",\"dst_port\":443,\"event_id\":111,\"ip_proto\":17,\"message\":\"SCAN UDP Portscan\",\"nethdr\":14,\"priority\":2,\"sig_generator\":1,\"sig_id\":5000003,\"sig_info\":\"1:5000003:1\",\"sig_rev\":1,\"src_ip\":\"10.0.1.241\",\"src_port\":59400,\"timestamp\":\"2025-08-29T10:13:11.000000Z\",\"transhdr\":34},\"input\":{\"type\":\"snort_alert\"},\"location\":\"packet_inspection\",\"source\":\"snort\",\"timestamp\":\"2025-08-29T10:13:11.000000Z\"},\"shardId\":1,\"sourceProtocol\":\"mqtt\",\"sourceService\":\"oblack\",\"timestamp\":\"2025-08-29T10:13:11.000+0000\",\"topic\":\"api/v1/client/send/event\"}"}
{"timestamp": "2025-08-29T10:13:14.691+0000", "agent.ip": "172.18.0.10", "agent.name": "connector-node", "agent.id": "001", "rule.id": "400006", "rule.mitre.id": "T0000", "rule.level": 12, "rule.description": "[AVO alert] SCAN UDP Portscan from 134.221.96.3", "data.srcip": "134.221.96.3", "data.dstip": "237.129.0.36", "full_log": "Aug 29 10:13:12 connector-node snort: {\"carriedMetadata\":{\"additionalCarriedMetadataKey\":\"additionalCarriedMetadataValue\",\"dummyCarriedMetadataKey\":\"dummyCarriedMetadataValue\"},\"deviceId\":\"ir001\",\"deviceMetadata\":{\"additionalDeviceMetadataKey\":\"additionalDeviceMetadataValue\",\"dummyDeviceMetadataKey\":\"dummyDeviceMetadataValue\"},\"entityType\":\"\",\"payload\":{\"data\":{\"class_idx\":4,\"classification\":\"Attempted Information Leak\",\"dlthdr\":0,\"dst_ip\":\"237.129.0.36\",\"event_id\":112,\"ip_proto\":150,\"message\":\"SCAN UDP Portscan\",\"nethdr\":0,\"priority\":2,\"sig_generator\":1,\"sig_id\":5000003,\"sig_info\":\"1:5000003:1\",\"sig_rev\":1,\"src_ip\":\"134.221.96.3\",\"timestamp\":\"2025-08-29T10:13:12.000000Z\",\"transhdr\":0},\"input\":{\"type\":\"snort_alert\"},\"location\":\"packet_inspection\",\"source\":\"snort\",\"timestamp\":\"2025-08-29T10:13:12.000000Z\"},\"shardId\":1,\"sourceProtocol\":\"mqtt\",\"sourceService\":\"oblack\",\"timestamp\":\"2025-08-29T10:13:12.000+0000\",\"topic\":\"api/v1/client/send/event\"}"}
{"timestamp": "2025-08-29T10:15:13.474+0000", "agent.ip": "10.0.1.51", "agent.name": "DESKTOP-66TG6SE", "agent.id": "003", "rule.id": "60106", "rule.mitre.id": ["T1078"], "rule.level": 3, "rule.description": "Windows Logon Success", "data.srcip": null, "data.dstip": null, "full_log": null}
{"timestamp": "2025-08-29T10:15:13.488+0000", "agent.ip": "10.0.1.51", "agent.name": "DESKTOP-66TG6SE", "agent.id": "003", "rule.id": "60106", "rule.mitre.id": ["T1078"], "rule.level": 3, "rule.description": "Windows Logon Success", "data.srcip": null, "data.dstip": null, "full_log": null}
{"timestamp": "2025-08-29T10:15:14.118+0000", "agent.ip": "10.0.1.51", "agent.name": "DESKTOP-66TG6SE", "agent.id": "003", "rule.id": "61138", "rule.mitre.id": ["T1543.003"], "rule.level": 5, "rule.description": "New Windows Service Created", "data.srcip": null, "data.dstip": null, "full_log": null}
{"timestamp": "2025-08-29T10:15:26.717+0000", "agent.ip": "10.0.1.51", "agent.name": "DESKTOP-66TG6SE", "agent.id": "003", "rule.id": "60106", "rule.mitre.id": ["T1078"], "rule.level": 3, "rule.description": "Windows Logon Success", "data.srcip": null, "data.dstip": null, "full_log": null}
{"timestamp": "2025-08-29T10:15:27.857+0000", "agent.ip": "10.0.1.53", "agent.name": "DESKTOP-66G2GGG", "agent.id": "004", "rule.id": "60106", "rule.mitre.id": ["T1078"], "rule.level": 3, "rule.description": "Windows Logon Success", "data.srcip": null, "data.dstip": null, "full_log": null}
{"timestamp": "2025-08-29T10:15:30.668+0000", "agent.ip": "10.0.1.53", "agent.name": "DESKTOP-66G2GGG", "agent.id": "004", "rule.id": "60106", "rule.mitre.id": ["T1078"], "rule.level": 3, "rule.description": "Windows Logon Success", "data.srcip": null, "data.dstip": null, "full_log": null}
{"timestamp": "2025-08-29T10:15:36.832+0000", "agent.ip": "172.18.0.10", "agent.name": "connector-node", "agent.id": "001", "rule.id": "200402", "rule.mitre.id": "T0000", "rule.level": 6, "rule.description": "[AVO_ALERT] Possible lateral movement to private RDP", "data.srcip": "10.0.1.51", "data.dstip": "10.0.1.1", "full_log": "Aug 29 10:15:35 connector-node snort: {\"carriedMetadata\":{\"additionalCarriedMetadataKey\":\"additionalCarriedMetadataValue\",\"dummyCarriedMetadataKey\":\"dummyCarriedMetadataValue\"},\"deviceId\":\"ir001\",\"deviceMetadata\":{\"additionalDeviceMetadataKey\":\"additionalDeviceMetadataValue\",\"dummyDeviceMetadataKey\":\"dummyDeviceMetadataValue\"},\"entityType\":\"\",\"payload\":{\"data\":{\"class_idx\":0,\"classification\":\"unknown\",\"dlthdr\":0,\"dst_ip\":\"10.0.1.1\",\"dst_port\":3389,\"event_id\":113,\"ip_proto\":6,\"message\":\"[AVO_ALERT] Possible lateral movement to private RDP\",\"nethdr\":14,\"priority\":0,\"sig_generator\":1,\"sig_id\":300012,\"sig_info\":\"1:300012:1\",\"sig_rev\":1,\"src_ip\":\"10.0.1.51\",\"src_port\":57218,\"timestamp\":\"2025-08-29T10:15:35.000000Z\",\"transhdr\":34},\"input\":{\"type\":\"snort_alert\"},\"location\":\"packet_inspection\",\"source\":\"snort\",\"timestamp\":\"2025-08-29T10:15:35.000000Z\"},\"shardId\":1,\"sourceProtocol\":\"mqtt\",\"sourceService\":\"oblack\",\"timestamp\":\"2025-08-29T10:15:35.000+0000\",\"topic\":\"api/v1/client/send/event\"}"}
{"timestamp": "2025-08-29T10:15:36.873+0000", "agent.ip": "172.18.0.10", "agent.name": "connector-node", "agent.id": "001", "rule.id": "20101", "rule.mitre.id": "T0000", "rule.level": 6, "rule.description": "IDS event.", "data.srcip": "10.0.1.51", "data.dstip": "10.0.1.1", "full_log": "Aug 29 10:15:35 connector-node snort: {\"carriedMetadata\":{\"additionalCarriedMetadataKey\":\"additionalCarriedMetadataValue\",\"dummyCarriedMetadataKey\":\"dummyCarriedMetadataValue\"},\"deviceId\":\"ir001\",\"deviceMetadata\":{\"additionalDeviceMetadataKey\":\"additionalDeviceMetadataValue\",\"dummyDeviceMetadataKey\":\"dummyDeviceMetadataValue\"},\"entityType\":\"\",\"payload\":{\"data\":{\"class_idx\":4,\"classification\":\"Attempted Information Leak\",\"dlthdr\":0,\"dst_ip\":\"10.0.1.1\",\"dst_port\":22,\"event_id\":114,\"ip_proto\":6,\"message\":\"SCAN TCP SYN Scan\",\"nethdr\":14,\"priority\":2,\"sig_generator\":1,\"sig_id\":5000002,\"sig_info\":\"1:5000002:1\",\"sig_rev\":1,\"src_ip\":\"10.0.1.51\",\"src_port\":57218,\"timestamp\":\"2025-08-29T10:15:35.000000Z\",\"transhdr\":34},\"input\":{\"type\":\"snort_alert\"},\"location\":\"packet_inspection\",\"source\":\"snort\",\"timestamp\":\"2025-08-29T10:15:35.000000Z\"},\"shardId\":1,\"sourceProtocol\":\"mqtt\",\"sourceService\":\"oblack\",\"timestamp\":\"2025-08-29T10:15:35.000+0000\",\"topic\":\"api/v1/client/send/event\"}"}
{"timestamp": "2025-08-29T10:15:36.873+0000", "agent.ip": "172.18.0.10", "agent.name": "connector-node", "agent.id": "001", "rule.id": "200400", "rule.mitre.id": "T0000", "rule.level": 6, "rule.description": "[AVO_ALERT] Possible lateral movement to private SSH", "data.srcip": "10.0.1.51", "data.dstip": "10.0.1.1", "full_log": "Aug 29 10:15:35 connector-node snort: {\"carriedMetadata\":{\"additionalCarriedMetadataKey\":\"additionalCarriedMetadataValue\",\"dummyCarriedMetadataKey\":\"dummyCarriedMetadataValue\"},\"deviceId\":\"ir001\",\"deviceMetadata\":{\"additionalDeviceMetadataKey\":\"additionalDeviceMetadataValue\",\"dummyDeviceMetadataKey\":\"dummyDeviceMetadataValue\"},\"entityType\":\"\",\"payload\":{\"data\":{\"class_idx\":0,\"classification\":\"unknown\",\"dlthdr\":0,\"dst_ip\":\"10.0.1.1\",\"dst_port\":22,\"event_id\":115,\"ip_proto\":6,\"message\":\"[AVO_ALERT] Possible lateral movement to private SSH\",\"nethdr\":14,\"priority\":0,\"sig_generator\":1,\"sig_id\":300020,\"sig_info\":\"1:300020:1\",\"sig_rev\":1,\"src_ip\":\"10.0.1.51\",\"src_port\":57218,\"timestamp\":\"2025-08-29T10:15:35.000000Z\",\"transhdr\":34},\"input\":{\"type\":\"snort_alert\"},\"location\":\"packet_inspection\",\"source\":\"snort\",\"timestamp\":\"2025-08-29T10:15:35.000000Z\"},\"shardId\":1,\"sourceProtocol\":\"mqtt\",\"sourceService\":\"oblack\",\"timestamp\":\"2025-08-29T10:15:35.000+0000\",\"topic\":\"api/v1/client/send/event\"}"}
{"timestamp": "2025-08-29T10:15:40.837+0000", "agent.ip": "172.18.0.10", "agent.name": "connector-node", "agent.id": "001", "rule.id": "20101", "rule.mitre.id": "T0000", "rule.level": 6, "rule.description": "IDS event.", "data.srcip": "10.0.1.51", "data.dstip": "10.0.1.1", "full_log": "Aug 29 10:15:38 connector-node snort: {\"carriedMetadata\":{\"additionalCarriedMetadataKey\":\"additionalCarriedMetadataValue\",\"dummyCarriedMetadataKey\":\"dummyCarriedMetadataValue\"},\"deviceId\":\"ir001\",\"deviceMetadata\":{\"additionalDeviceMetadataKey\":\"additionalDeviceMetadataValue\",\"dummyDeviceMetadataKey\":\"dummyDeviceMetadataValue\"},\"entityType\":\"\",\"payload\":{\"data\":{\"class_idx\":4,\"classification\":\"Attempted Information Leak\",\"dlthdr\":0,\"dst_ip\":\"10.0.1.1\",\"dst_port\":6881,\"event_id\":116,\"ip_proto\":6,\"message\":\"SCAN TCP SYN Scan\",\"nethdr\":14,\"priority\":2,\"sig_generator\":1,\"sig_id\":5000002,\"sig_info\":\"1:5000002:1\",\"sig_rev\":1,\"src_ip\":\"10.0.1.51\",\"src_port\":57222,\"timestamp\":\"2025-08-29T10:15:38.000000Z\",\"transhdr\":34},\"input\":{\"type\":\"snort_alert\"},\"location\":\"packet_inspection\",\"source\":\"snort\",\"timestamp\":\"2025-08-29T10:15:38.000000Z\"},\"shardId\":1,\"sourceProtocol\":\"mqtt\",\"sourceService\":\"oblack\",\"timestamp\":\"2025-08-29T10:15:38.000+0000\",\"topic\":\"api/v1/client/send/event\"}"}
{"timestamp": "2025-08-29T10:15:42.839+0000", "agent.ip": "172.18.0.10", "agent.name": "connector-node", "agent.id": "001", "rule.id": "20101", "rule.mitre.id": "T0000", "rule.level": 6, "rule.description": "IDS event.", "data.srcip": "10.0.1.51", "data.dstip": "10.0.1.1", "full_log": "Aug 29 10:15:41 connector-node snort: {\"carriedMetadata\":{\"additionalCarriedMetadataKey\":\"additionalCarriedMetadataValue\",\"dummyCarriedMetadataKey\":\"dummyCarriedMetadataValue\"},\"deviceId\":\"ir001\",\"deviceMetadata\":{\"additionalDeviceMetadataKey\":\"additionalDeviceMetadataValue\",\"dummyDeviceMetadataKey\":\"dummyDeviceMetadataValue\"},\"entityType\":\"\",\"payload\":{\"data\":{\"class_idx\":4,\"classification\":\"Attempted Information Leak\",\"dlthdr\":0,\"dst_ip\":\"10.0.1.1\",\"dst_port\":7002,\"event_id\":117,\"ip_proto\":6,\"message\":\"SCAN TCP SYN Scan\",\"nethdr\":14,\"priority\":2,\"sig_generator\":1,\"sig_id\":5000002,\"sig_info\":\"1:5000002:1\",\"sig_rev\":1,\"src_ip\":\"10.0.1.51\",\"src_port\":57218,\"timestamp\":\"2025-08-29T10:15:41.000000Z\",\"transhdr\":34},\"input\":{\"type\":\"snort_alert\"},\"location\":\"packet_inspection\",\"source\":\"snort\",\"timestamp\":\"2025-08-29T10:15:41.000000Z\"},\"shardId\":1,\"sourceProtocol\":\"mqtt\",\"sourceService\":\"oblack\",\"timestamp\":\"2025-08-29T10:15:41.000+0000\",\"topic\":\"api/v1/client/send/event\"}"}
{"timestamp": "2025-08-29T10:15:44.901+0000", "agent.ip": "172.18.0.10", "agent.name": "connector-node", "agent.id": "001", "rule.id": "20101", "rule.mitre.id": "T0000", "rule.level": 6, "rule.description": "IDS event.", "data.srcip": "10.0.1.51", "data.dstip": "10.0.1.1", "full_log": "Aug 29 10:15:44 connector-node snort: {\"carriedMetadata\":{\"additionalCarriedMetadataKey\":\"additionalCarriedMetadataValue\",\"dummyCarriedMetadataKey\":\"dummyCarriedMetadataValue\"},\"deviceId\":\"ir001\",\"deviceMetadata\":{\"additionalDeviceMetadataKey\":\"additionalDeviceMetadataValue\",\"dummyDeviceMetadataKey\":\"dummyDeviceMetadataValue\"},\"entityType\":\"\",\"payload\":{\"data\":{\"class_idx\":4,\"classification\":\"Attempted Information Leak\",\"dlthdr\":0,\"dst_ip\":\"10.0.1.1\",\"dst_port\":8081,\"event_id\":118,\"ip_proto\":6,\"message\":\"SCAN TCP SYN Scan\",\"nethdr\":14,\"priority\":2,\"sig_generator\":1,\"sig_id\":5000002,\"sig_info\":\"1:5000002:1\",\"sig_rev\":1,\"src_ip\":\"10.0.1.51\",\"src_port\":57218,\"timestamp\":\"2025-08-29T10:15:44.000000Z\",\"transhdr\":34},\"input\":{\"type\":\"snort_alert\"},\"location\":\"packet_inspection\",\"source\":\"snort\",\"timestamp\":\"2025-08-29T10:15:44.000000Z\"},\"shardId\":1,\"sourceProtocol\":\"mqtt\",\"sourceService\":\"oblack\",\"timestamp\":\"2025-08-29T10:15:44.000+0000\",\"topic\":\"api/v1/client/send/event\"}"}
{"timestamp": "2025-08-29T10:15:48.844+0000", "agent.ip": "172.18.0.10", "agent.name": "connector-node", "agent.id": "001", "rule.id": "20101", "rule.mitre.id": "T0000", "rule.level": 6, "rule.description": "IDS event.", "data.srcip": "10.0.1.51", "data.dstip": "10.0.1.1", "full_log": "Aug 29 10:15:47 connector-node snort: {\"carriedMetadata\":{\"additionalCarriedMetadataKey\":\"additionalCarriedMetadataValue\",\"dummyCarriedMetadataKey\":\"dummyCarriedMetadataValue\"},\"deviceId\":\"ir001\",\"deviceMetadata\":{\"additionalDeviceMetadataKey\":\"additionalDeviceMetadataValue\",\"dummyDeviceMetadataKey\":\"dummyDeviceMetadataValue\"},\"entityType\":\"\",\"payload\":{\"data\":{\"class_idx\":4,\"classification\":\"Attempted Information Leak\",\"dlthdr\":0,\"dst_ip\":\"10.0.1.1\",\"dst_port\":2008,\"event_id\":119,\"ip_proto\":6,\"message\":\"SCAN TCP SYN Scan\",\"nethdr\":14,\"priority\":2,\"sig_generator\":1,\"sig_id\":5000002,\"sig_info\":\"1:5000002:1\",\"sig_rev\":1,\"src_ip\":\"10.0.1.51\",\"src_port\":57218,\"timestamp\":\"2025-08-29T10:15:47.000000Z\",\"transhdr\":34},\"input\":{\"type\":\"snort_alert\"},\"location\":\"packet_inspection\",\"source\":\"snort\",\"timestamp\":\"2025-08-29T10:15:47.000000Z\"},\"shardId\":1,\"sourceProtocol\":\"mqtt\",\"sourceService\":\"oblack\",\"timestamp\":\"2025-08-29T10:15:47.000+0000\",\"topic\":\"api/v1/client/send/event\"}"}
{"timestamp": "2025-08-29T10:15:50.907+0000", "agent.ip": "172.18.0.10", "agent.name": "connector-node", "agent.id": "001", "rule.id": "20101", "rule.mitre.id": "T0000", "rule.level": 6, "rule.description": "IDS event.", "data.srcip": "10.0.1.51", "data.dstip": "10.0.1.1", "full_log": "Aug 29 10:15:50 connector-node snort: {\"carriedMetadata\":{\"additionalCarriedMetadataKey\":\"additionalCarriedMetadataValue\",\"dummyCarriedMetadataKey\":\"dummyCarriedMetadataValue\"},\"deviceId\":\"ir001\",\"deviceMetadata\":{\"additionalDeviceMetadataKey\":\"additionalDeviceMetadataValue\",\"dummyDeviceMetadataKey\":\"dummyDeviceMetadataValue\"},\"entityType\":\"\",\"payload\":{\"data\":{\"class_idx\":4,\"classification\":\"Attempted Information Leak\",\"dlthdr\":0,\"dst_ip\":\"10.0.1.1\",\"dst_port\":8899,\"event_id\":120,\"ip_proto\":6,\"message\":\"SCAN TCP SYN Scan\",\"nethdr\":14,\"priority\":2,\"sig_generator\":1,\"sig_id\":5000002,\"sig_info\":\"1:5000002:1\",\"sig_rev\":1,\"src_ip\":\"10.0.1.51\",\"src_port\":57218,\"timestamp\":\"2025-08-29T10:15:50.000000Z\",\"transhdr\":34},\"input\":{\"type\":\"snort_alert\"},\"location\":\"packet_inspection\",\"source\":\"snort\",\"timestamp\":\"2025-08-29T10:15:50.000000Z\"},\"shardId\":1,\"sourceProtocol\":\"mqtt\",\"sourceService\":\"oblack\",\"timestamp\":\"2025-08-29T10:15:50.000+0000\",\"topic\":\"api/v1/client/send/event\"}"}
{"timestamp": "2025-08-29T10:15:54.848+0000", "agent.ip": "172.18.0.10", "agent.name": "connector-node", "agent.id": "001", "rule.id": "20101", "rule.mitre.id": "T0000", "rule.level": 6, "rule.description": "IDS event.", "data.srcip": "10.0.1.51", "data.dstip": "10.0.1.1", "full_log": "Aug 29 10:15:53 connector-node snort: {\"carriedMetadata\":{\"additionalCarriedMetadataKey\":\"additionalCarriedMetadataValue\",\"dummyCarriedMetadataKey\":\"dummyCarriedMetadataValue\"},\"deviceId\":\"ir001\",\"deviceMetadata\":{\"additionalDeviceMetadataKey\":\"additionalDeviceMetadataValue\",\"dummyDeviceMetadataKey\":\"dummyDeviceMetadataValue\"},\"entityType\":\"\",\"payload\":{\"data\":{\"class_idx\":4,\"classification\":\"Attempted Information Leak\",\"dlthdr\":0,\"dst_ip\":\"10.0.1.1\",\"dst_port\":1533,\"event_id\":121,\"ip_proto\":6,\"message\":\"SCAN TCP SYN Scan\",\"nethdr\":14,\"priority\":2,\"sig_generator\":1,\"sig_id\":5000002,\"sig_info\":\"1:5000002:1\",\"sig_rev\":1,\"src_ip\":\"10.0.1.51\",\"src_port\":57218,\"timestamp\":\"2025-08-29T10:15:53.000000Z\",\"transhdr\":34},\"input\":{\"type\":\"snort_alert\"},\"location\":\"packet_inspection\",\"source\":\"snort\",\"timestamp\":\"2025-08-29T10:15:53.000000Z\"},\"shardId\":1,\"sourceProtocol\":\"mqtt\",\"sourceService\":\"oblack\",\"timestamp\":\"2025-08-29T10:15:53.000+0000\",\"topic\":\"api/v1/client/send/event\"}"}
{"timestamp": "2025-08-29T10:15:56.913+0000", "agent.ip": "172.18.0.10", "agent.name": "connector-node", "agent.id": "001", "rule.id": "20101", "rule.mitre.id": "T0000", "rule.level": 6, "rule.description": "IDS event.", "data.srcip": "10.0.1.51", "data.dstip": "10.0.1.1", "full_log": "Aug 29 10:15:56 connector-node snort: {\"carriedMetadata\":{\"additionalCarriedMetadataKey\":\"additionalCarriedMetadataValue\",\"dummyCarriedMetadataKey\":\"dummyCarriedMetadataValue\"},\"deviceId\":\"ir001\",\"deviceMetadata\":{\"additionalDeviceMetadataKey\":\"additionalDeviceMetadataValue\",\"dummyDeviceMetadataKey\":\"dummyDeviceMetadataValue\"},\"entityType\":\"\",\"payload\":{\"data\":{\"class_idx\":4,\"classification\":\"Attempted Information Leak\",\"dlthdr\":0,\"dst_ip\":\"10.0.1.1\",\"dst_port\":16080,\"event_id\":122,\"ip_proto\":6,\"message\":\"SCAN TCP SYN Scan\",\"nethdr\":14,\"priority\":2,\"sig_generator\":1,\"sig_id\":5000002,\"sig_info\":\"1:5000002:1\",\"sig_rev\":1,\"src_ip\":\"10.0.1.51\",\"src_port\":57218,\"timestamp\":\"2025-08-29T10:15:56.000000Z\",\"transhdr\":34},\"input\":{\"type\":\"snort_alert\"},\"location\":\"packet_inspection\",\"source\":\"snort\",\"timestamp\":\"2025-08-29T10:15:56.000000Z\"},\"shardId\":1,\"sourceProtocol\":\"mqtt\",\"sourceService\":\"oblack\",\"timestamp\":\"2025-08-29T10:15:56.000+0000\",\"topic\":\"api/v1/client/send/event\"}"}
{"timestamp": "2025-08-29T10:16:00.853+0000", "agent.ip": "172.18.0.10", "agent.name": "connector-node", "agent.id": "001", "rule.id": "20101", "rule.mitre.id": "T0000", "rule.level": 6, "rule.description": "IDS event.", "data.srcip": "10.0.1.51", "data.dstip": "10.0.1.1", "full_log": "Aug 29 10:15:59 connector-node snort: {\"carriedMetadata\":{\"additionalCarriedMetadataKey\":\"additionalCarriedMetadataValue\",\"dummyCarriedMetadataKey\":\"dummyCarriedMetadataValue\"},\"deviceId\":\"ir001\",\"deviceMetadata\":{\"additionalDeviceMetadataKey\":\"additionalDeviceMetadataValue\",\"dummyDeviceMetadataKey\":\"dummyDeviceMetadataValue\"},\"entityType\":\"\",\"payload\":{\"data\":{\"class_idx\":4,\"classification\":\"Attempted Information Leak\",\"dlthdr\":0,\"dst_ip\":\"10.0.1.1\",\"dst_port\":10616,\"event_id\":123,\"ip_proto\":6,\"message\":\"SCAN TCP SYN Scan\",\"nethdr\":14,\"priority\":2,\"sig_generator\":1,\"sig_id\":5000002,\"sig_info\":\"1:5000002:1\",\"sig_rev\":1,\"src_ip\":\"10.0.1.51\",\"src_port\":57218,\"timestamp\":\"2025-08-29T10:15:59.000000Z\",\"transhdr\":34},\"input\":{\"type\":\"snort_alert\"},\"location\":\"packet_inspection\",\"source\":\"snort\",\"timestamp\":\"2025-08-29T10:15:59.000000Z\"},\"shardId\":1,\"sourceProtocol\":\"mqtt\",\"sourceService\":\"oblack\",\"timestamp\":\"2025-08-29T10:15:59.000+0000\",\"topic\":\"api/v1/client/send/event\"}"}
{"timestamp": "2025-08-29T10:16:02.920+0000", "agent.ip": "172.18.0.10", "agent.name": "connector-node", "agent.id": "001", "rule.id": "20151", "rule.mitre.id": "T0000", "rule.level": 10, "rule.description": "Multiple IDS events from same source ip.", "data.srcip": "10.0.1.51", "data.dstip": "10.0.1.1", "full_log": "Aug 29 10:16:02 connector-node snort: {\"carriedMetadata\":{\"additionalCarriedMetadataKey\":\"additionalCarriedMetadataValue\",\"dummyCarriedMetadataKey\":\"dummyCarriedMetadataValue\"},\"deviceId\":\"ir001\",\"deviceMetadata\":{\"additionalDeviceMetadataKey\":\"additionalDeviceMetadataValue\",\"dummyDeviceMetadataKey\":\"dummyDeviceMetadataValue\"},\"entityType\":\"\",\"payload\":{\"data\":{\"class_idx\":0,\"classification\":\"unknown\",\"dlthdr\":0,\"dst_ip\":\"10.0.1.1\",\"dst_port\":5985,\"event_id\":124,\"ip_proto\":6,\"message\":\"[AVO_ALERT] Possible lateral movement to private WinRM\",\"nethdr\":14,\"priority\":0,\"sig_generator\":1,\"sig_id\":300003,\"sig_info\":\"1:300003:1\",\"sig_rev\":1,\"src_ip\":\"10.0.1.51\",\"src_port\":57218,\"timestamp\":\"2025-08-29T10:16:02.000000Z\",\"transhdr\":34},\"input\":{\"type\":\"snort_alert\"},\"location\":\"packet_inspection\",\"source\":\"snort\",\"timestamp\":\"2025-08-29T10:16:02.000000Z\"},\"shardId\":1,\"sourceProtocol\":\"mqtt\",\"sourceService\":\"oblack\",\"timestamp\":\"2025-08-29T10:16:02.000+0000\",\"topic\":\"api/v1/client/send/event\"}"}
{"timestamp": "2025-08-29T10:16:04.857+0000", "agent.ip": "172.18.0.10", "agent.name": "connector-node", "agent.id": "001", "rule.id": "20101", "rule.mitre.id": "T0000", "rule.level": 6, "rule.description": "IDS event.", "data.srcip": "10.0.1.51", "data.dstip": "10.0.1.1", "full_log": "Aug 29 10:16:02 connector-node snort: {\"carriedMetadata\":{\"additionalCarriedMetadataKey\":\"additionalCarriedMetadataValue\",\"dummyCarriedMetadataKey\":\"dummyCarriedMetadataValue\"},\"deviceId\":\"ir001\",\"deviceMetadata\":{\"additionalDeviceMetadataKey\":\"additionalDeviceMetadataValue\",\"dummyDeviceMetadataKey\":\"dummyDeviceMetadataValue\"},\"entityType\":\"\",\"payload\":{\"data\":{\"class_idx\":4,\"classification\":\"Attempted Information Leak\",\"dlthdr\":0,\"dst_ip\":\"10.0.1.1\",\"dst_port\":3301,\"event_id\":125,\"ip_proto\":6,\"message\":\"SCAN TCP SYN Scan\",\"nethdr\":14,\"priority\":2,\"sig_generator\":1,\"sig_id\":5000002,\"sig_info\":\"1:5000002:1\",\"sig_rev\":1,\"src_ip\":\"10.0.1.51\",\"src_port\":57218,\"timestamp\":\"2025-08-29T10:16:02.000000Z\",\"transhdr\":34},\"input\":{\"type\":\"snort_alert\"},\"location\":\"packet_inspection\",\"source\":\"snort\",\"timestamp\":\"2025-08-29T10:16:02.000000Z\"},\"shardId\":1,\"sourceProtocol\":\"mqtt\",\"sourceService\":\"oblack\",\"timestamp\":\"2025-08-29T10:16:02.000+0000\",\"topic\":\"api/v1/client/send/event\"}"}
{"timestamp": "2025-08-29T10:16:06.920+0000", "agent.ip": "172.18.0.10", "agent.name": "connector-node", "agent.id": "001", "rule.id": "20101", "rule.mitre.id": "T0000", "rule.level": 6, "rule.description": "IDS event.", "data.srcip": "10.0.1.51", "data.dstip": "10.0.1.1", "full_log": "Aug 29 10:16:06 connector-node snort: {\"carriedMetadata\":{\"additionalCarriedMetadataKey\":\"additionalCarriedMetadataValue\",\"dummyCarriedMetadataKey\":\"dummyCarriedMetadataValue\"},\"deviceId\":\"ir001\",\"deviceMetadata\":{\"additionalDeviceMetadataKey\":\"additionalDeviceMetadataValue\",\"dummyDeviceMetadataKey\":\"dummyDeviceMetadataValue\"},\"entityType\":\"\",\"payload\":{\"data\":{\"class_idx\":4,\"classification\":\"Attempted Information Leak\",\"dlthdr\":0,\"dst_ip\":\"10.0.1.1\",\"dst_port\":2260,\"event_id\":126,\"ip_proto\":6,\"message\":\"SCAN TCP SYN Scan\",\"nethdr\":14,\"priority\":2,\"sig_generator\":1,\"sig_id\":5000002,\"sig_info\":\"1:5000002:1\",\"sig_rev\":1,\"src_ip\":\"10.0.1.51\",\"src_port\":57220,\"timestamp\":\"2025-08-29T10:16:06.000000Z\",\"transhdr\":34},\"input\":{\"type\":\"snort_alert\"},\"location\":\"packet_inspection\",\"source\":\"snort\",\"timestamp\":\"2025-08-29T10:16:06.000000Z\"},\"shardId\":1,\"sourceProtocol\":\"mqtt\",\"sourceService\":\"oblack\",\"timestamp\":\"2025-08-29T10:16:06.000+0000\",\"topic\":\"api/v1/client/send/event\"}"}
{"timestamp": "2025-08-29T10:16:08.921+0000", "agent.ip": "172.18.0.10", "agent.name": "connector-node", "agent.id": "001", "rule.id": "20101", "rule.mitre.id": "T0000", "rule.level": 6, "rule.description": "IDS event.", "data.srcip": "10.0.1.51", "data.dstip": "10.0.1.1", "full_log": "Aug 29 10:16:08 connector-node snort: {\"carriedMetadata\":{\"additionalCarriedMetadataKey\":\"additionalCarriedMetadataValue\",\"dummyCarriedMetadataKey\":\"dummyCarriedMetadataValue\"},\"deviceId\":\"ir001\",\"deviceMetadata\":{\"additionalDeviceMetadataKey\":\"additionalDeviceMetadataValue\",\"dummyDeviceMetadataKey\":\"dummyDeviceMetadataValue\"},\"entityType\":\"\",\"payload\":{\"data\":{\"class_idx\":4,\"classification\":\"Attempted Information Leak\",\"dlthdr\":0,\"dst_ip\":\"10.0.1.1\",\"dst_port\":800,\"event_id\":127,\"ip_proto\":6,\"message\":\"SCAN TCP SYN Scan\",\"nethdr\":14,\"priority\":2,\"sig_generator\":1,\"sig_id\":5000002,\"sig_info\":\"1:5000002:1\",\"sig_rev\":1,\"src_ip\":\"10.0.1.51\",\"src_port\":57220,\"timestamp\":\"2025-08-29T10:16:08.000000Z\",\"transhdr\":34},\"input\":{\"type\":\"snort_alert\"},\"location\":\"packet_inspection\",\"source\":\"snort\",\"timestamp\":\"2025-08-29T10:16:08.000000Z\"},\"shardId\":1,\"sourceProtocol\":\"mqtt\",\"sourceService\":\"oblack\",\"timestamp\":\"2025-08-29T10:16:08.000+0000\",\"topic\":\"api/v1/client/send/event\"}"}
{"timestamp": "2025-08-29T10:16:12.867+0000", "agent.ip": "172.18.0.10", "agent.name": "connector-node", "agent.id": "001", "rule.id": "20101", "rule.mitre.id": "T0000", "rule.level": 6, "rule.description": "IDS event.", "data.srcip": "10.0.1.51", "data.dstip": "10.0.1.1", "full_log": "Aug 29 10:16:11 connector-node snort: {\"carriedMetadata\":{\"additionalCarriedMetadataKey\":\"additionalCarriedMetadataValue\",\"dummyCarriedMetadataKey\":\"dummyCarriedMetadataValue\"},\"deviceId\":\"ir001\",\"deviceMetadata\":{\"additionalDeviceMetadataKey\":\"additionalDeviceMetadataValue\",\"dummyDeviceMetadataKey\":\"dummyDeviceMetadataValue\"},\"entityType\":\"\",\"payload\":{\"data\":{\"class_idx\":4,\"classification\":\"Attempted Information Leak\",\"dlthdr\":0,\"dst_ip\":\"10.0.1.1\",\"dst_port\":1594,\"event_id\":128,\"ip_proto\":6,\"message\":\"SCAN TCP SYN Scan\",\"nethdr\":14,\"priority\":2,\"sig_generator\":1,\"sig_id\":5000002,\"sig_info\":\"1:5000002:1\",\"sig_rev\":1,\"src_ip\":\"10.0.1.51\",\"src_port\":57218,\"timestamp\":\"2025-08-29T10:16:11.000000Z\",\"transhdr\":34},\"input\":{\"type\":\"snort_alert\"},\"location\":\"packet_inspection\",\"source\":\"snort\",\"timestamp\":\"2025-08-29T10:16:11.000000Z\"},\"shardId\":1,\"sourceProtocol\":\"mqtt\",\"sourceService\":\"oblack\",\"timestamp\":\"2025-08-29T10:16:11.000+0000\",\"topic\":\"api/v1/client/send/event\"}"}
{"timestamp": "2025-08-29T10:16:32.603+0000", "agent.ip": "10.0.1.53", "agent.name": "DESKTOP-66G2GGG", "agent.id": "004", "rule.id": "60106", "rule.mitre.id": ["T1078"], "rule.level": 3, "rule.description": "Windows Logon Success", "data.srcip": null, "data.dstip": null, "full_log": null}
{"timestamp": "2025-08-29T10:16:43.719+0000", "agent.ip": "10.0.1.53", "agent.name": "DESKTOP-66G2GGG", "agent.id": "004", "rule.id": "60122", "rule.mitre.id": ["T1531"], "rule.level": 5, "rule.description": "Logon Failure - Unknown user or bad password", "data.srcip": null, "data.dstip": null, "full_log": null}
{"timestamp": "2025-08-29T10:16:43.722+0000", "agent.ip": "10.0.1.53", "agent.name": "DESKTOP-66G2GGG", "agent.id": "004", "rule.id": "60122", "rule.mitre.id": ["T1531"], "rule.level": 5, "rule.description": "Logon Failure - Unknown user or bad password", "data.srcip": null, "data.dstip": null, "full_log": null}
{"timestamp": "2025-08-29T10:16:43.723+0000", "agent.ip": "10.0.1.53", "agent.name": "DESKTOP-66G2GGG", "agent.id": "004", "rule.id": "111003", "rule.mitre.id": "T0000", "rule.level": 10, "rule.description": "Logon failed more than 3 times - Unknown user or bad password.", "data.srcip": null, "data.dstip": null, "full_log": "{\"win\":{\"system\":{\"providerName\":\"Microsoft-Windows-Security-Auditing\",\"providerGuid\":\"{54849625-5478-4994-a5ba-3e3b0328c30d}\",\"eventID\":\"4625\",\"version\":\"0\",\"level\":\"0\",\"task\":\"12544\",\"opcode\":\"0\",\"keywords\":\"0x8010000000000000\",\"systemTime\":\"2025-08-29T10:16:45.1020812Z\",\"eventRecordID\":\"38032\",\"processID\":\"712\",\"threadID\":\"5336\",\"channel\":\"Security\",\"computer\":\"DESKTOP-66G2GGG\",\"severityValue\":\"AUDIT_FAILURE\",\"message\":\"\\\"帳戶無法登入。\\r\\n\\r\\n主旨:\\r\\n\\t安全性識別碼:\\t\\tS-1-0-0\\r\\n\\t帳戶名稱:\\t\\t-\\r\\n\\t帳戶網域:\\t\\t-\\r\\n\\t登入識別碼:\\t\\t0x0\\r\\n\\r\\n登入類型:\\t\\t\\t3\\r\\n\\r\\n登入失敗的帳戶:\\r\\n\\t安全性識別碼:\\t\\tS-1-0-0\\r\\n\\t帳戶名稱:\\t\\t891003\\r\\n\\t帳戶網域:\\t\\tDESKTOP-66G2GGG\\r\\n\\r\\n失敗資訊:\\r\\n\\t失敗原因:\\t\\t不明的使用者名稱或錯誤密碼。\\r\\n\\t狀態:\\t\\t\\t0xC000006D\\r\\n\\t子狀態:\\t\\t0xC000006A\\r\\n\\r\\n處理程序資訊:\\r\\n\\t呼叫者處理程序識別碼:\\t0x0\\r\\n\\t呼叫者處理程序名稱:\\t-\\r\\n\\r\\n網路資訊:\\r\\n\\t工作站名稱:\\t-\\r\\n\\t來源網路位址:\\t10.0.1.51\\r\\n\\t來源連接埠:\\t\\t49948\\r\\n\\r\\n詳細驗證資訊:\\r\\n\\t登入處理程序:\\t\\tNtLmSsp \\r\\n\\t驗證封裝:\\tNTLM\\r\\n\\t轉送的服務:\\t-\\r\\n\\t封裝名稱 (僅限 NTLM):\\t-\\r\\n\\t金鑰長度:\\t\\t0\\r\\n\\r\\n當登入要求失敗的時候，就會產生這個事件。這個事件在嘗試存取的電腦上產生。\\r\\n\\r\\n主旨欄位顯示要求登入的本機系統上的帳戶。這通常是發生在服務 (例如伺服器服務) 或是本機處理程序 (例如 Winlogon.exe 或 Services.exe)。\\r\\n\\r\\n登錄類型欄位顯示要求的登入類型。最常見的類型是 2 (互動式) 與 3 (網路)。\\r\\n\\r\\n處理程序資訊欄位顯示系統上哪個帳戶與處理程序要求登入。\\r\\n\\r\\n網路資訊欄位顯示遠端登入要求的來源。工作站名稱不是每次都有，並可能在某些狀況是空白。\\r\\n\\r\\n驗證資訊欄位提供關於此次特定登入要求的詳細資訊。\\r\\n\\t- 轉送的服務欄位顯示哪一個中介服務已經加入這個登入要求。\\r\\n\\t- 封裝名稱欄位顯示在 NTLM 通訊協定中使用哪一個子協定。\\r\\n\\t- 金鑰長度欄位顯示產生的工作階段金鑰長度。如果沒有要求工作階段金鑰則為 0。\\\"\"},\"eventdata\":{\"subjectUserSid\":\"S-1-0-0\",\"subjectLogonId\":\"0x0\",\"targetUserSid\":\"S-1-0-0\",\"targetUserName\":\"891003\",\"targetDomainName\":\"DESKTOP-66G2GGG\",\"status\":\"0xc000006d\",\"failureReason\":\"%%2313\",\"subStatus\":\"0xc000006a\",\"logonType\":\"3\",\"logonProcessName\":\"NtLmSsp\",\"authenticationPackageName\":\"NTLM\",\"keyLength\":\"0\",\"processId\":\"0x0\",\"ipAddress\":\"10.0.1.51\",\"ipPort\":\"49948\"}}}"}
{"timestamp": "2025-08-29T10:16:43.726+0000", "agent.ip": "10.0.1.53", "agent.name": "DESKTOP-66G2GGG", "agent.id": "004", "rule.id": "60122", "rule.mitre.id": ["T1531"], "rule.level": 5, "rule.description": "Logon Failure - Unknown user or bad password", "data.srcip": null, "data.dstip": null, "full_log": null}
{"timestamp": "2025-08-29T10:16:43.727+0000", "agent.ip": "10.0.1.53", "agent.name": "DESKTOP-66G2GGG", "agent.id": "004", "rule.id": "60122", "rule.mitre.id": ["T1531"], "rule.level": 5, "rule.description": "Logon Failure - Unknown user or bad password", "data.srcip": null, "data.dstip": null, "full_log": null}
{"timestamp": "2025-08-29T10:16:43.730+0000", "agent.ip": "10.0.1.53", "agent.name": "DESKTOP-66G2GGG", "agent.id": "004", "rule.id": "111003", "rule.mitre.id": "T0000", "rule.level": 10, "rule.description": "Logon failed more than 3 times - Unknown user or bad password.", "data.srcip": null, "data.dstip": null, "full_log": "{\"win\":{\"system\":{\"providerName\":\"Microsoft-Windows-Security-Auditing\",\"providerGuid\":\"{54849625-5478-4994-a5ba-3e3b0328c30d}\",\"eventID\":\"4625\",\"version\":\"0\",\"level\":\"0\",\"task\":\"12544\",\"opcode\":\"0\",\"keywords\":\"0x8010000000000000\",\"systemTime\":\"2025-08-29T10:16:45.3016886Z\",\"eventRecordID\":\"38035\",\"processID\":\"712\",\"threadID\":\"4296\",\"channel\":\"Security\",\"computer\":\"DESKTOP-66G2GGG\",\"severityValue\":\"AUDIT_FAILURE\",\"message\":\"\\\"帳戶無法登入。\\r\\n\\r\\n主旨:\\r\\n\\t安全性識別碼:\\t\\tS-1-0-0\\r\\n\\t帳戶名稱:\\t\\t-\\r\\n\\t帳戶網域:\\t\\t-\\r\\n\\t登入識別碼:\\t\\t0x0\\r\\n\\r\\n登入類型:\\t\\t\\t3\\r\\n\\r\\n登入失敗的帳戶:\\r\\n\\t安全性識別碼:\\t\\tS-1-0-0\\r\\n\\t帳戶名稱:\\t\\t891003\\r\\n\\t帳戶網域:\\t\\tDESKTOP-66G2GGG\\r\\n\\r\\n失敗資訊:\\r\\n\\t失敗原因:\\t\\t不明的使用者名稱或錯誤密碼。\\r\\n\\t狀態:\\t\\t\\t0xC000006D\\r\\n\\t子狀態:\\t\\t0xC000006A\\r\\n\\r\\n處理程序資訊:\\r\\n\\t呼叫者處理程序識別碼:\\t0x0\\r\\n\\t呼叫者處理程序名稱:\\t-\\r\\n\\r\\n網路資訊:\\r\\n\\t工作站名稱:\\t-\\r\\n\\t來源網路位址:\\t10.0.1.51\\r\\n\\t來源連接埠:\\t\\t49954\\r\\n\\r\\n詳細驗證資訊:\\r\\n\\t登入處理程序:\\t\\tNtLmSsp \\r\\n\\t驗證封裝:\\tNTLM\\r\\n\\t轉送的服務:\\t-\\r\\n\\t封裝名稱 (僅限 NTLM):\\t-\\r\\n\\t金鑰長度:\\t\\t0\\r\\n\\r\\n當登入要求失敗的時候，就會產生這個事件。這個事件在嘗試存取的電腦上產生。\\r\\n\\r\\n主旨欄位顯示要求登入的本機系統上的帳戶。這通常是發生在服務 (例如伺服器服務) 或是本機處理程序 (例如 Winlogon.exe 或 Services.exe)。\\r\\n\\r\\n登錄類型欄位顯示要求的登入類型。最常見的類型是 2 (互動式) 與 3 (網路)。\\r\\n\\r\\n處理程序資訊欄位顯示系統上哪個帳戶與處理程序要求登入。\\r\\n\\r\\n網路資訊欄位顯示遠端登入要求的來源。工作站名稱不是每次都有，並可能在某些狀況是空白。\\r\\n\\r\\n驗證資訊欄位提供關於此次特定登入要求的詳細資訊。\\r\\n\\t- 轉送的服務欄位顯示哪一個中介服務已經加入這個登入要求。\\r\\n\\t- 封裝名稱欄位顯示在 NTLM 通訊協定中使用哪一個子協定。\\r\\n\\t- 金鑰長度欄位顯示產生的工作階段金鑰長度。如果沒有要求工作階段金鑰則為 0。\\\"\"},\"eventdata\":{\"subjectUserSid\":\"S-1-0-0\",\"subjectLogonId\":\"0x0\",\"targetUserSid\":\"S-1-0-0\",\"targetUserName\":\"891003\",\"targetDomainName\":\"DESKTOP-66G2GGG\",\"status\":\"0xc000006d\",\"failureReason\":\"%%2313\",\"subStatus\":\"0xc000006a\",\"logonType\":\"3\",\"logonProcessName\":\"NtLmSsp\",\"authenticationPackageName\":\"NTLM\",\"keyLength\":\"0\",\"processId\":\"0x0\",\"ipAddress\":\"10.0.1.51\",\"ipPort\":\"49954\"}}}"}
{"timestamp": "2025-08-29T10:16:43.735+0000", "agent.ip": "10.0.1.53", "agent.name": "DESKTOP-66G2GGG", "agent.id": "004", "rule.id": "60122", "rule.mitre.id": ["T1531"], "rule.level": 5, "rule.description": "Logon Failure - Unknown user or bad password", "data.srcip": null, "data.dstip": null, "full_log": null}
{"timestamp": "2025-08-29T10:16:43.737+0000", "agent.ip": "10.0.1.53", "agent.name": "DESKTOP-66G2GGG", "agent.id": "004", "rule.id": "60122", "rule.mitre.id": ["T1531"], "rule.level": 5, "rule.description": "Logon Failure - Unknown user or bad password", "data.srcip": null, "data.dstip": null, "full_log": null}
{"timestamp": "2025-08-29T10:16:43.740+0000", "agent.ip": "10.0.1.53", "agent.name": "DESKTOP-66G2GGG", "agent.id": "004", "rule.id": "111003", "rule.mitre.id": "T0000", "rule.level": 10, "rule.description": "Logon failed more than 3 times - Unknown user or bad password.", "data.srcip": null, "data.dstip": null, "full_log": "{\"win\":{\"system\":{\"providerName\":\"Microsoft-Windows-Security-Auditing\",\"providerGuid\":\"{54849625-5478-4994-a5ba-3e3b0328c30d}\",\"eventID\":\"4625\",\"version\":\"0\",\"level\":\"0\",\"task\":\"12544\",\"opcode\":\"0\",\"keywords\":\"0x8010000000000000\",\"systemTime\":\"2025-08-29T10:16:45.5258427Z\",\"eventRecordID\":\"38038\",\"processID\":\"712\",\"threadID\":\"5336\",\"channel\":\"Security\",\"computer\":\"DESKTOP-66G2GGG\",\"severityValue\":\"AUDIT_FAILURE\",\"message\":\"\\\"帳戶無法登入。\\r\\n\\r\\n主旨:\\r\\n\\t安全性識別碼:\\t\\tS-1-0-0\\r\\n\\t帳戶名稱:\\t\\t-\\r\\n\\t帳戶網域:\\t\\t-\\r\\n\\t登入識別碼:\\t\\t0x0\\r\\n\\r\\n登入類型:\\t\\t\\t3\\r\\n\\r\\n登入失敗的帳戶:\\r\\n\\t安全性識別碼:\\t\\tS-1-0-0\\r\\n\\t帳戶名稱:\\t\\t891003\\r\\n\\t帳戶網域:\\t\\tDESKTOP-66G2GGG\\r\\n\\r\\n失敗資訊:\\r\\n\\t失敗原因:\\t\\t不明的使用者名稱或錯誤密碼。\\r\\n\\t狀態:\\t\\t\\t0xC000006D\\r\\n\\t子狀態:\\t\\t0xC000006A\\r\\n\\r\\n處理程序資訊:\\r\\n\\t呼叫者處理程序識別碼:\\t0x0\\r\\n\\t呼叫者處理程序名稱:\\t-\\r\\n\\r\\n網路資訊:\\r\\n\\t工作站名稱:\\t-\\r\\n\\t來源網路位址:\\t10.0.1.51\\r\\n\\t來源連接埠:\\t\\t49960\\r\\n\\r\\n詳細驗證資訊:\\r\\n\\t登入處理程序:\\t\\tNtLmSsp \\r\\n\\t驗證封裝:\\tNTLM\\r\\n\\t轉送的服務:\\t-\\r\\n\\t封裝名稱 (僅限 NTLM):\\t-\\r\\n\\t金鑰長度:\\t\\t0\\r\\n\\r\\n當登入要求失敗的時候，就會產生這個事件。這個事件在嘗試存取的電腦上產生。\\r\\n\\r\\n主旨欄位顯示要求登入的本機系統上的帳戶。這通常是發生在服務 (例如伺服器服務) 或是本機處理程序 (例如 Winlogon.exe 或 Services.exe)。\\r\\n\\r\\n登錄類型欄位顯示要求的登入類型。最常見的類型是 2 (互動式) 與 3 (網路)。\\r\\n\\r\\n處理程序資訊欄位顯示系統上哪個帳戶與處理程序要求登入。\\r\\n\\r\\n網路資訊欄位顯示遠端登入要求的來源。工作站名稱不是每次都有，並可能在某些狀況是空白。\\r\\n\\r\\n驗證資訊欄位提供關於此次特定登入要求的詳細資訊。\\r\\n\\t- 轉送的服務欄位顯示哪一個中介服務已經加入這個登入要求。\\r\\n\\t- 封裝名稱欄位顯示在 NTLM 通訊協定中使用哪一個子協定。\\r\\n\\t- 金鑰長度欄位顯示產生的工作階段金鑰長度。如果沒有要求工作階段金鑰則為 0。\\\"\"},\"eventdata\":{\"subjectUserSid\":\"S-1-0-0\",\"subjectLogonId\":\"0x0\",\"targetUserSid\":\"S-1-0-0\",\"targetUserName\":\"891003\",\"targetDomainName\":\"DESKTOP-66G2GGG\",\"status\":\"0xc000006d\",\"failureReason\":\"%%2313\",\"subStatus\":\"0xc000006a\",\"logonType\":\"3\",\"logonProcessName\":\"NtLmSsp\",\"authenticationPackageName\":\"NTLM\",\"keyLength\":\"0\",\"processId\":\"0x0\",\"ipAddress\":\"10.0.1.51\",\"ipPort\":\"49960\"}}}"}
{"timestamp": "2025-08-29T10:16:43.741+0000", "agent.ip": "10.0.1.53", "agent.name": "DESKTOP-66G2GGG", "agent.id": "004", "rule.id": "60122", "rule.mitre.id": ["T1531"], "rule.level": 5, "rule.description": "Logon Failure - Unknown user or bad password", "data.srcip": null, "data.dstip": null, "full_log": null}
{"timestamp": "2025-08-29T10:16:43.751+0000", "agent.ip": "10.0.1.53", "agent.name": "DESKTOP-66G2GGG", "agent.id": "004", "rule.id": "60122", "rule.mitre.id": ["T1531"], "rule.level": 5, "rule.description": "Logon Failure - Unknown user or bad password", "data.srcip": null, "data.dstip": null, "full_log": null}
{"timestamp": "2025-08-29T10:16:43.763+0000", "agent.ip": "10.0.1.53", "agent.name": "DESKTOP-66G2GGG", "agent.id": "004", "rule.id": "111003", "rule.mitre.id": "T0000", "rule.level": 10, "rule.description": "Logon failed more than 3 times - Unknown user or bad password.", "data.srcip": null, "data.dstip": null, "full_log": "{\"win\":{\"system\":{\"providerName\":\"Microsoft-Windows-Security-Auditing\",\"providerGuid\":\"{54849625-5478-4994-a5ba-3e3b0328c30d}\",\"eventID\":\"4625\",\"version\":\"0\",\"level\":\"0\",\"task\":\"12544\",\"opcode\":\"0\",\"keywords\":\"0x8010000000000000\",\"systemTime\":\"2025-08-29T10:16:45.8094936Z\",\"eventRecordID\":\"38041\",\"processID\":\"712\",\"threadID\":\"4296\",\"channel\":\"Security\",\"computer\":\"DESKTOP-66G2GGG\",\"severityValue\":\"AUDIT_FAILURE\",\"message\":\"\\\"帳戶無法登入。\\r\\n\\r\\n主旨:\\r\\n\\t安全性識別碼:\\t\\tS-1-0-0\\r\\n\\t帳戶名稱:\\t\\t-\\r\\n\\t帳戶網域:\\t\\t-\\r\\n\\t登入識別碼:\\t\\t0x0\\r\\n\\r\\n登入類型:\\t\\t\\t3\\r\\n\\r\\n登入失敗的帳戶:\\r\\n\\t安全性識別碼:\\t\\tS-1-0-0\\r\\n\\t帳戶名稱:\\t\\t891003\\r\\n\\t帳戶網域:\\t\\tDESKTOP-66G2GGG\\r\\n\\r\\n失敗資訊:\\r\\n\\t失敗原因:\\t\\t不明的使用者名稱或錯誤密碼。\\r\\n\\t狀態:\\t\\t\\t0xC000006D\\r\\n\\t子狀態:\\t\\t0xC000006A\\r\\n\\r\\n處理程序資訊:\\r\\n\\t呼叫者處理程序識別碼:\\t0x0\\r\\n\\t呼叫者處理程序名稱:\\t-\\r\\n\\r\\n網路資訊:\\r\\n\\t工作站名稱:\\t-\\r\\n\\t來源網路位址:\\t10.0.1.51\\r\\n\\t來源連接埠:\\t\\t49966\\r\\n\\r\\n詳細驗證資訊:\\r\\n\\t登入處理程序:\\t\\tNtLmSsp \\r\\n\\t驗證封裝:\\tNTLM\\r\\n\\t轉送的服務:\\t-\\r\\n\\t封裝名稱 (僅限 NTLM):\\t-\\r\\n\\t金鑰長度:\\t\\t0\\r\\n\\r\\n當登入要求失敗的時候，就會產生這個事件。這個事件在嘗試存取的電腦上產生。\\r\\n\\r\\n主旨欄位顯示要求登入的本機系統上的帳戶。這通常是發生在服務 (例如伺服器服務) 或是本機處理程序 (例如 Winlogon.exe 或 Services.exe)。\\r\\n\\r\\n登錄類型欄位顯示要求的登入類型。最常見的類型是 2 (互動式) 與 3 (網路)。\\r\\n\\r\\n處理程序資訊欄位顯示系統上哪個帳戶與處理程序要求登入。\\r\\n\\r\\n網路資訊欄位顯示遠端登入要求的來源。工作站名稱不是每次都有，並可能在某些狀況是空白。\\r\\n\\r\\n驗證資訊欄位提供關於此次特定登入要求的詳細資訊。\\r\\n\\t- 轉送的服務欄位顯示哪一個中介服務已經加入這個登入要求。\\r\\n\\t- 封裝名稱欄位顯示在 NTLM 通訊協定中使用哪一個子協定。\\r\\n\\t- 金鑰長度欄位顯示產生的工作階段金鑰長度。如果沒有要求工作階段金鑰則為 0。\\\"\"},\"eventdata\":{\"subjectUserSid\":\"S-1-0-0\",\"subjectLogonId\":\"0x0\",\"targetUserSid\":\"S-1-0-0\",\"targetUserName\":\"891003\",\"targetDomainName\":\"DESKTOP-66G2GGG\",\"status\":\"0xc000006d\",\"failureReason\":\"%%2313\",\"subStatus\":\"0xc000006a\",\"logonType\":\"3\",\"logonProcessName\":\"NtLmSsp\",\"authenticationPackageName\":\"NTLM\",\"keyLength\":\"0\",\"processId\":\"0x0\",\"ipAddress\":\"10.0.1.51\",\"ipPort\":\"49966\"}}}"}
{"timestamp": "2025-08-29T10:16:44.788+0000", "agent.ip": "10.0.1.53", "agent.name": "DESKTOP-66G2GGG", "agent.id": "004", "rule.id": "60122", "rule.mitre.id": ["T1531"], "rule.level": 5, "rule.description": "Logon Failure - Unknown user or bad password", "data.srcip": null, "data.dstip": null, "full_log": null}
{"timestamp": "2025-08-29T10:16:44.795+0000", "agent.ip": "10.0.1.53", "agent.name": "DESKTOP-66G2GGG", "agent.id": "004", "rule.id": "60122", "rule.mitre.id": ["T1531"], "rule.level": 5, "rule.description": "Logon Failure - Unknown user or bad password", "data.srcip": null, "data.dstip": null, "full_log": null}
{"timestamp": "2025-08-29T10:16:44.796+0000", "agent.ip": "10.0.1.53", "agent.name": "DESKTOP-66G2GGG", "agent.id": "004", "rule.id": "111003", "rule.mitre.id": "T0000", "rule.level": 10, "rule.description": "Logon failed more than 3 times - Unknown user or bad password.", "data.srcip": null, "data.dstip": null, "full_log": "{\"win\":{\"system\":{\"providerName\":\"Microsoft-Windows-Security-Auditing\",\"providerGuid\":\"{54849625-5478-4994-a5ba-3e3b0328c30d}\",\"eventID\":\"4625\",\"version\":\"0\",\"level\":\"0\",\"task\":\"12544\",\"opcode\":\"0\",\"keywords\":\"0x8010000000000000\",\"systemTime\":\"2025-08-29T10:16:46.0125934Z\",\"eventRecordID\":\"38044\",\"processID\":\"712\",\"threadID\":\"5336\",\"channel\":\"Security\",\"computer\":\"DESKTOP-66G2GGG\",\"severityValue\":\"AUDIT_FAILURE\",\"message\":\"\\\"帳戶無法登入。\\r\\n\\r\\n主旨:\\r\\n\\t安全性識別碼:\\t\\tS-1-0-0\\r\\n\\t帳戶名稱:\\t\\t-\\r\\n\\t帳戶網域:\\t\\t-\\r\\n\\t登入識別碼:\\t\\t0x0\\r\\n\\r\\n登入類型:\\t\\t\\t3\\r\\n\\r\\n登入失敗的帳戶:\\r\\n\\t安全性識別碼:\\t\\tS-1-0-0\\r\\n\\t帳戶名稱:\\t\\t891003\\r\\n\\t帳戶網域:\\t\\tDESKTOP-66G2GGG\\r\\n\\r\\n失敗資訊:\\r\\n\\t失敗原因:\\t\\t不明的使用者名稱或錯誤密碼。\\r\\n\\t狀態:\\t\\t\\t0xC000006D\\r\\n\\t子狀態:\\t\\t0xC000006A\\r\\n\\r\\n處理程序資訊:\\r\\n\\t呼叫者處理程序識別碼:\\t0x0\\r\\n\\t呼叫者處理程序名稱:\\t-\\r\\n\\r\\n網路資訊:\\r\\n\\t工作站名稱:\\t-\\r\\n\\t來源網路位址:\\t10.0.1.51\\r\\n\\t來源連接埠:\\t\\t49972\\r\\n\\r\\n詳細驗證資訊:\\r\\n\\t登入處理程序:\\t\\tNtLmSsp \\r\\n\\t驗證封裝:\\tNTLM\\r\\n\\t轉送的服務:\\t-\\r\\n\\t封裝名稱 (僅限 NTLM):\\t-\\r\\n\\t金鑰長度:\\t\\t0\\r\\n\\r\\n當登入要求失敗的時候，就會產生這個事件。這個事件在嘗試存取的電腦上產生。\\r\\n\\r\\n主旨欄位顯示要求登入的本機系統上的帳戶。這通常是發生在服務 (例如伺服器服務) 或是本機處理程序 (例如 Winlogon.exe 或 Services.exe)。\\r\\n\\r\\n登錄類型欄位顯示要求的登入類型。最常見的類型是 2 (互動式) 與 3 (網路)。\\r\\n\\r\\n處理程序資訊欄位顯示系統上哪個帳戶與處理程序要求登入。\\r\\n\\r\\n網路資訊欄位顯示遠端登入要求的來源。工作站名稱不是每次都有，並可能在某些狀況是空白。\\r\\n\\r\\n驗證資訊欄位提供關於此次特定登入要求的詳細資訊。\\r\\n\\t- 轉送的服務欄位顯示哪一個中介服務已經加入這個登入要求。\\r\\n\\t- 封裝名稱欄位顯示在 NTLM 通訊協定中使用哪一個子協定。\\r\\n\\t- 金鑰長度欄位顯示產生的工作階段金鑰長度。如果沒有要求工作階段金鑰則為 0。\\\"\"},\"eventdata\":{\"subjectUserSid\":\"S-1-0-0\",\"subjectLogonId\":\"0x0\",\"targetUserSid\":\"S-1-0-0\",\"targetUserName\":\"891003\",\"targetDomainName\":\"DESKTOP-66G2GGG\",\"status\":\"0xc000006d\",\"failureReason\":\"%%2313\",\"subStatus\":\"0xc000006a\",\"logonType\":\"3\",\"logonProcessName\":\"NtLmSsp\",\"authenticationPackageName\":\"NTLM\",\"keyLength\":\"0\",\"processId\":\"0x0\",\"ipAddress\":\"10.0.1.51\",\"ipPort\":\"49972\"}}}"}
{"timestamp": "2025-08-29T10:16:44.797+0000", "agent.ip": "10.0.1.53", "agent.name": "DESKTOP-66G2GGG", "agent.id": "004", "rule.id": "60122", "rule.mitre.id": ["T1531"], "rule.level": 5, "rule.description": "Logon Failure - Unknown user or bad password", "data.srcip": null, "data.dstip": null, "full_log": null}
{"timestamp": "2025-08-29T10:16:44.811+0000", "agent.ip": "10.0.1.53", "agent.name": "DESKTOP-66G2GGG", "agent.id": "004", "rule.id": "60122", "rule.mitre.id": ["T1531"], "rule.level": 5, "rule.description": "Logon Failure - Unknown user or bad password", "data.srcip": null, "data.dstip": null, "full_log": null}
{"timestamp": "2025-08-29T10:16:44.826+0000", "agent.ip": "10.0.1.53", "agent.name": "DESKTOP-66G2GGG", "agent.id": "004", "rule.id": "111003", "rule.mitre.id": "T0000", "rule.level": 10, "rule.description": "Logon failed more than 3 times - Unknown user or bad password.", "data.srcip": null, "data.dstip": null, "full_log": "{\"win\":{\"system\":{\"providerName\":\"Microsoft-Windows-Security-Auditing\",\"providerGuid\":\"{54849625-5478-4994-a5ba-3e3b0328c30d}\",\"eventID\":\"4625\",\"version\":\"0\",\"level\":\"0\",\"task\":\"12544\",\"opcode\":\"0\",\"keywords\":\"0x8010000000000000\",\"systemTime\":\"2025-08-29T10:16:46.1576663Z\",\"eventRecordID\":\"38047\",\"processID\":\"712\",\"threadID\":\"4296\",\"channel\":\"Security\",\"computer\":\"DESKTOP-66G2GGG\",\"severityValue\":\"AUDIT_FAILURE\",\"message\":\"\\\"帳戶無法登入。\\r\\n\\r\\n主旨:\\r\\n\\t安全性識別碼:\\t\\tS-1-0-0\\r\\n\\t帳戶名稱:\\t\\t-\\r\\n\\t帳戶網域:\\t\\t-\\r\\n\\t登入識別碼:\\t\\t0x0\\r\\n\\r\\n登入類型:\\t\\t\\t3\\r\\n\\r\\n登入失敗的帳戶:\\r\\n\\t安全性識別碼:\\t\\tS-1-0-0\\r\\n\\t帳戶名稱:\\t\\t891003\\r\\n\\t帳戶網域:\\t\\tDESKTOP-66G2GGG\\r\\n\\r\\n失敗資訊:\\r\\n\\t失敗原因:\\t\\t不明的使用者名稱或錯誤密碼。\\r\\n\\t狀態:\\t\\t\\t0xC000006D\\r\\n\\t子狀態:\\t\\t0xC000006A\\r\\n\\r\\n處理程序資訊:\\r\\n\\t呼叫者處理程序識別碼:\\t0x0\\r\\n\\t呼叫者處理程序名稱:\\t-\\r\\n\\r\\n網路資訊:\\r\\n\\t工作站名稱:\\t-\\r\\n\\t來源網路位址:\\t10.0.1.51\\r\\n\\t來源連接埠:\\t\\t49978\\r\\n\\r\\n詳細驗證資訊:\\r\\n\\t登入處理程序:\\t\\tNtLmSsp \\r\\n\\t驗證封裝:\\tNTLM\\r\\n\\t轉送的服務:\\t-\\r\\n\\t封裝名稱 (僅限 NTLM):\\t-\\r\\n\\t金鑰長度:\\t\\t0\\r\\n\\r\\n當登入要求失敗的時候，就會產生這個事件。這個事件在嘗試存取的電腦上產生。\\r\\n\\r\\n主旨欄位顯示要求登入的本機系統上的帳戶。這通常是發生在服務 (例如伺服器服務) 或是本機處理程序 (例如 Winlogon.exe 或 Services.exe)。\\r\\n\\r\\n登錄類型欄位顯示要求的登入類型。最常見的類型是 2 (互動式) 與 3 (網路)。\\r\\n\\r\\n處理程序資訊欄位顯示系統上哪個帳戶與處理程序要求登入。\\r\\n\\r\\n網路資訊欄位顯示遠端登入要求的來源。工作站名稱不是每次都有，並可能在某些狀況是空白。\\r\\n\\r\\n驗證資訊欄位提供關於此次特定登入要求的詳細資訊。\\r\\n\\t- 轉送的服務欄位顯示哪一個中介服務已經加入這個登入要求。\\r\\n\\t- 封裝名稱欄位顯示在 NTLM 通訊協定中使用哪一個子協定。\\r\\n\\t- 金鑰長度欄位顯示產生的工作階段金鑰長度。如果沒有要求工作階段金鑰則為 0。\\\"\"},\"eventdata\":{\"subjectUserSid\":\"S-1-0-0\",\"subjectLogonId\":\"0x0\",\"targetUserSid\":\"S-1-0-0\",\"targetUserName\":\"891003\",\"targetDomainName\":\"DESKTOP-66G2GGG\",\"status\":\"0xc000006d\",\"failureReason\":\"%%2313\",\"subStatus\":\"0xc000006a\",\"logonType\":\"3\",\"logonProcessName\":\"NtLmSsp\",\"authenticationPackageName\":\"NTLM\",\"keyLength\":\"0\",\"processId\":\"0x0\",\"ipAddress\":\"10.0.1.51\",\"ipPort\":\"49978\"}}}"}
{"timestamp": "2025-08-29T10:16:44.841+0000", "agent.ip": "10.0.1.53", "agent.name": "DESKTOP-66G2GGG", "agent.id": "004", "rule.id": "60122", "rule.mitre.id": ["T1531"], "rule.level": 5, "rule.description": "Logon Failure - Unknown user or bad password", "data.srcip": null, "data.dstip": null, "full_log": null}
{"timestamp": "2025-08-29T10:16:44.857+0000", "agent.ip": "10.0.1.53", "agent.name": "DESKTOP-66G2GGG", "agent.id": "004", "rule.id": "60122", "rule.mitre.id": ["T1531"], "rule.level": 5, "rule.description": "Logon Failure - Unknown user or bad password", "data.srcip": null, "data.dstip": null, "full_log": null}
{"timestamp": "2025-08-29T10:16:44.873+0000", "agent.ip": "10.0.1.53", "agent.name": "DESKTOP-66G2GGG", "agent.id": "004", "rule.id": "111003", "rule.mitre.id": "T0000", "rule.level": 10, "rule.description": "Logon failed more than 3 times - Unknown user or bad password.", "data.srcip": null, "data.dstip": null, "full_log": "{\"win\":{\"system\":{\"providerName\":\"Microsoft-Windows-Security-Auditing\",\"providerGuid\":\"{54849625-5478-4994-a5ba-3e3b0328c30d}\",\"eventID\":\"4625\",\"version\":\"0\",\"level\":\"0\",\"task\":\"12544\",\"opcode\":\"0\",\"keywords\":\"0x8010000000000000\",\"systemTime\":\"2025-08-29T10:16:46.3502678Z\",\"eventRecordID\":\"38050\",\"processID\":\"712\",\"threadID\":\"5336\",\"channel\":\"Security\",\"computer\":\"DESKTOP-66G2GGG\",\"severityValue\":\"AUDIT_FAILURE\",\"message\":\"\\\"帳戶無法登入。\\r\\n\\r\\n主旨:\\r\\n\\t安全性識別碼:\\t\\tS-1-0-0\\r\\n\\t帳戶名稱:\\t\\t-\\r\\n\\t帳戶網域:\\t\\t-\\r\\n\\t登入識別碼:\\t\\t0x0\\r\\n\\r\\n登入類型:\\t\\t\\t3\\r\\n\\r\\n登入失敗的帳戶:\\r\\n\\t安全性識別碼:\\t\\tS-1-0-0\\r\\n\\t帳戶名稱:\\t\\t891003\\r\\n\\t帳戶網域:\\t\\tDESKTOP-66G2GGG\\r\\n\\r\\n失敗資訊:\\r\\n\\t失敗原因:\\t\\t不明的使用者名稱或錯誤密碼。\\r\\n\\t狀態:\\t\\t\\t0xC000006D\\r\\n\\t子狀態:\\t\\t0xC000006A\\r\\n\\r\\n處理程序資訊:\\r\\n\\t呼叫者處理程序識別碼:\\t0x0\\r\\n\\t呼叫者處理程序名稱:\\t-\\r\\n\\r\\n網路資訊:\\r\\n\\t工作站名稱:\\t-\\r\\n\\t來源網路位址:\\t10.0.1.51\\r\\n\\t來源連接埠:\\t\\t49984\\r\\n\\r\\n詳細驗證資訊:\\r\\n\\t登入處理程序:\\t\\tNtLmSsp \\r\\n\\t驗證封裝:\\tNTLM\\r\\n\\t轉送的服務:\\t-\\r\\n\\t封裝名稱 (僅限 NTLM):\\t-\\r\\n\\t金鑰長度:\\t\\t0\\r\\n\\r\\n當登入要求失敗的時候，就會產生這個事件。這個事件在嘗試存取的電腦上產生。\\r\\n\\r\\n主旨欄位顯示要求登入的本機系統上的帳戶。這通常是發生在服務 (例如伺服器服務) 或是本機處理程序 (例如 Winlogon.exe 或 Services.exe)。\\r\\n\\r\\n登錄類型欄位顯示要求的登入類型。最常見的類型是 2 (互動式) 與 3 (網路)。\\r\\n\\r\\n處理程序資訊欄位顯示系統上哪個帳戶與處理程序要求登入。\\r\\n\\r\\n網路資訊欄位顯示遠端登入要求的來源。工作站名稱不是每次都有，並可能在某些狀況是空白。\\r\\n\\r\\n驗證資訊欄位提供關於此次特定登入要求的詳細資訊。\\r\\n\\t- 轉送的服務欄位顯示哪一個中介服務已經加入這個登入要求。\\r\\n\\t- 封裝名稱欄位顯示在 NTLM 通訊協定中使用哪一個子協定。\\r\\n\\t- 金鑰長度欄位顯示產生的工作階段金鑰長度。如果沒有要求工作階段金鑰則為 0。\\\"\"},\"eventdata\":{\"subjectUserSid\":\"S-1-0-0\",\"subjectLogonId\":\"0x0\",\"targetUserSid\":\"S-1-0-0\",\"targetUserName\":\"891003\",\"targetDomainName\":\"DESKTOP-66G2GGG\",\"status\":\"0xc000006d\",\"failureReason\":\"%%2313\",\"subStatus\":\"0xc000006a\",\"logonType\":\"3\",\"logonProcessName\":\"NtLmSsp\",\"authenticationPackageName\":\"NTLM\",\"keyLength\":\"0\",\"processId\":\"0x0\",\"ipAddress\":\"10.0.1.51\",\"ipPort\":\"49984\"}}}"}
