{"timestamp": "2025-08-29T10:23:15.284+0000", "agent.ip": "172.18.0.10", "agent.name": "connector-node", "agent.id": "001", "rule.id": "400006", "rule.mitre.id": "T0000", "rule.level": 12, "rule.description": "[AVO alert] SCAN UDP Portscan from 10.0.1.241", "data.srcip": "10.0.1.241", "data.dstip": "224.0.0.251", "full_log": "Aug 29 10:23:14 connector-node snort: {\"carriedMetadata\":{\"additionalCarriedMetadataKey\":\"additionalCarriedMetadataValue\",\"dummyCarriedMetadataKey\":\"dummyCarriedMetadataValue\"},\"deviceId\":\"ir001\",\"deviceMetadata\":{\"additionalDeviceMetadataKey\":\"additionalDeviceMetadataValue\",\"dummyDeviceMetadataKey\":\"dummyDeviceMetadataValue\"},\"entityType\":\"\",\"payload\":{\"data\":{\"class_idx\":4,\"classification\":\"Attempted Information Leak\",\"dlthdr\":0,\"dst_ip\":\"224.0.0.251\",\"dst_port\":5353,\"event_id\":129,\"ip_proto\":17,\"message\":\"SCAN UDP Portscan\",\"nethdr\":14,\"priority\":2,\"sig_generator\":1,\"sig_id\":5000003,\"sig_info\":\"1:5000003:1\",\"sig_rev\":1,\"src_ip\":\"10.0.1.241\",\"src_port\":5353,\"timestamp\":\"2025-08-29T10:23:14.000000Z\",\"transhdr\":34},\"input\":{\"type\":\"snort_alert\"},\"location\":\"packet_inspection\",\"source\":\"snort\",\"timestamp\":\"2025-08-29T10:23:14.000000Z\"},\"shardId\":1,\"sourceProtocol\":\"mqtt\",\"sourceService\":\"oblack\",\"timestamp\":\"2025-08-29T10:23:14.000+0000\",\"topic\":\"api/v1/client/send/event\"}"}
{"timestamp": "2025-08-29T10:23:15.325+0000", "agent.ip": "172.18.0.10", "agent.name": "connector-node", "agent.id": "001", "rule.id": "400006", "rule.mitre.id": "T0000", "rule.level": 12, "rule.description": "[AVO alert] SCAN UDP Portscan from 134.221.96.3", "data.srcip": "134.221.96.3", "data.dstip": "237.129.0.36", "full_log": "Aug 29 10:23:14 connector-node snort: {\"carriedMetadata\":{\"additionalCarriedMetadataKey\":\"additionalCarriedMetadataValue\",\"dummyCarriedMetadataKey\":\"dummyCarriedMetadataValue\"},\"deviceId\":\"ir001\",\"deviceMetadata\":{\"additionalDeviceMetadataKey\":\"additionalDeviceMetadataValue\",\"dummyDeviceMetadataKey\":\"dummyDeviceMetadataValue\"},\"entityType\":\"\",\"payload\":{\"data\":{\"class_idx\":4,\"classification\":\"Attempted Information Leak\",\"dlthdr\":0,\"dst_ip\":\"237.129.0.36\",\"event_id\":130,\"ip_proto\":150,\"message\":\"SCAN UDP Portscan\",\"nethdr\":0,\"priority\":2,\"sig_generator\":1,\"sig_id\":5000003,\"sig_info\":\"1:5000003:1\",\"sig_rev\":1,\"src_ip\":\"134.221.96.3\",\"timestamp\":\"2025-08-29T10:23:14.000000Z\",\"transhdr\":0},\"input\":{\"type\":\"snort_alert\"},\"location\":\"packet_inspection\",\"source\":\"snort\",\"timestamp\":\"2025-08-29T10:23:14.000000Z\"},\"shardId\":1,\"sourceProtocol\":\"mqtt\",\"sourceService\":\"oblack\",\"timestamp\":\"2025-08-29T10:23:14.000+0000\",\"topic\":\"api/v1/client/send/event\"}"}
{"timestamp": "2025-08-29T10:23:51.320+0000", "agent.ip": "172.18.0.10", "agent.name": "connector-node", "agent.id": "001", "rule.id": "400006", "rule.mitre.id": "T0000", "rule.level": 12, "rule.description": "[AVO alert] SCAN UDP Portscan from 10.0.1.222", "data.srcip": "10.0.1.222", "data.dstip": "34.36.137.203", "full_log": "Aug 29 10:23:49 connector-node snort: {\"carriedMetadata\":{\"additionalCarriedMetadataKey\":\"additionalCarriedMetadataValue\",\"dummyCarriedMetadataKey\":\"dummyCarriedMetadataValue\"},\"deviceId\":\"ir001\",\"deviceMetadata\":{\"additionalDeviceMetadataKey\":\"additionalDeviceMetadataValue\",\"dummyDeviceMetadataKey\":\"dummyDeviceMetadataValue\"},\"entityType\":\"\",\"payload\":{\"data\":{\"class_idx\":4,\"classification\":\"Attempted Information Leak\",\"dlthdr\":0,\"dst_ip\":\"34.36.137.203\",\"dst_port\":443,\"event_id\":131,\"ip_proto\":17,\"message\":\"SCAN UDP Portscan\",\"nethdr\":14,\"priority\":2,\"sig_generator\":1,\"sig_id\":5000003,\"sig_info\":\"1:5000003:1\",\"sig_rev\":1,\"src_ip\":\"10.0.1.222\",\"src_port\":56866,\"timestamp\":\"2025-08-29T10:23:49.000000Z\",\"transhdr\":34},\"input\":{\"type\":\"snort_alert\"},\"location\":\"packet_inspection\",\"source\":\"snort\",\"timestamp\":\"2025-08-29T10:23:49.000000Z\"},\"shardId\":1,\"sourceProtocol\":\"mqtt\",\"sourceService\":\"oblack\",\"timestamp\":\"2025-08-29T10:23:49.000+0000\",\"topic\":\"api/v1/client/send/event\"}"}
{"timestamp": "2025-08-29T10:23:51.361+0000", "agent.ip": "172.18.0.10", "agent.name": "connector-node", "agent.id": "001", "rule.id": "400006", "rule.mitre.id": "T0000", "rule.level": 12, "rule.description": "[AVO alert] SCAN UDP Portscan from 34.36.137.203", "data.srcip": "34.36.137.203", "data.dstip": "10.0.1.222", "full_log": "Aug 29 10:23:49 connector-node snort: {\"carriedMetadata\":{\"additionalCarriedMetadataKey\":\"additionalCarriedMetadataValue\",\"dummyCarriedMetadataKey\":\"dummyCarriedMetadataValue\"},\"deviceId\":\"ir001\",\"deviceMetadata\":{\"additionalDeviceMetadataKey\":\"additionalDeviceMetadataValue\",\"dummyDeviceMetadataKey\":\"dummyDeviceMetadataValue\"},\"entityType\":\"\",\"payload\":{\"data\":{\"class_idx\":4,\"classification\":\"Attempted Information Leak\",\"dlthdr\":0,\"dst_ip\":\"10.0.1.222\",\"dst_port\":56866,\"event_id\":132,\"ip_proto\":17,\"message\":\"SCAN UDP Portscan\",\"nethdr\":14,\"priority\":2,\"sig_generator\":1,\"sig_id\":5000003,\"sig_info\":\"1:5000003:1\",\"sig_rev\":1,\"src_ip\":\"34.36.137.203\",\"src_port\":443,\"timestamp\":\"2025-08-29T10:23:49.000000Z\",\"transhdr\":34},\"input\":{\"type\":\"snort_alert\"},\"location\":\"packet_inspection\",\"source\":\"snort\",\"timestamp\":\"2025-08-29T10:23:49.000000Z\"},\"shardId\":1,\"sourceProtocol\":\"mqtt\",\"sourceService\":\"oblack\",\"timestamp\":\"2025-08-29T10:23:49.000+0000\",\"topic\":\"api/v1/client/send/event\"}"}
{"timestamp": "2025-08-29T10:24:02.348+0000", "agent.ip": "10.0.1.51", "agent.name": "DESKTOP-66TG6SE", "agent.id": "003", "rule.id": "60106", "rule.mitre.id": ["T1078"], "rule.level": 3, "rule.description": "Windows Logon Success", "data.srcip": null, "data.dstip": null, "full_log": null}
{"timestamp": "2025-08-29T10:24:02.380+0000", "agent.ip": "10.0.1.51", "agent.name": "DESKTOP-66TG6SE", "agent.id": "003", "rule.id": "60106", "rule.mitre.id": ["T1078"], "rule.level": 3, "rule.description": "Windows Logon Success", "data.srcip": null, "data.dstip": null, "full_log": null}
{"timestamp": "2025-08-29T10:25:53.418+0000", "agent.ip": "10.0.1.51", "agent.name": "DESKTOP-66TG6SE", "agent.id": "003", "rule.id": "60106", "rule.mitre.id": ["T1078"], "rule.level": 3, "rule.description": "Windows Logon Success", "data.srcip": null, "data.dstip": null, "full_log": null}
{"timestamp": "2025-08-29T10:27:14.749+0000", "agent.ip": "10.0.1.51", "agent.name": "DESKTOP-66TG6SE", "agent.id": "003", "rule.id": "60106", "rule.mitre.id": ["T1078"], "rule.level": 3, "rule.description": "Windows Logon Success", "data.srcip": null, "data.dstip": null, "full_log": null}
{"timestamp": "2025-08-29T10:27:17.526+0000", "agent.ip": "172.18.0.10", "agent.name": "connector-node", "agent.id": "001", "rule.id": "400006", "rule.mitre.id": "T0000", "rule.level": 12, "rule.description": "[AVO alert] SCAN UDP Portscan from 10.0.1.51", "data.srcip": "10.0.1.51", "data.dstip": "203.211.2.176", "full_log": "Aug 29 10:27:15 connector-node snort: {\"carriedMetadata\":{\"additionalCarriedMetadataKey\":\"additionalCarriedMetadataValue\",\"dummyCarriedMetadataKey\":\"dummyCarriedMetadataValue\"},\"deviceId\":\"ir001\",\"deviceMetadata\":{\"additionalDeviceMetadataKey\":\"additionalDeviceMetadataValue\",\"dummyDeviceMetadataKey\":\"dummyDeviceMetadataValue\"},\"entityType\":\"\",\"payload\":{\"data\":{\"class_idx\":4,\"classification\":\"Attempted Information Leak\",\"dlthdr\":0,\"dst_ip\":\"203.211.2.176\",\"dst_port\":443,\"event_id\":133,\"ip_proto\":17,\"message\":\"SCAN UDP Portscan\",\"nethdr\":14,\"priority\":2,\"sig_generator\":1,\"sig_id\":5000003,\"sig_info\":\"1:5000003:1\",\"sig_rev\":1,\"src_ip\":\"10.0.1.51\",\"src_port\":53354,\"timestamp\":\"2025-08-29T10:27:15.000000Z\",\"transhdr\":34},\"input\":{\"type\":\"snort_alert\"},\"location\":\"packet_inspection\",\"source\":\"snort\",\"timestamp\":\"2025-08-29T10:27:15.000000Z\"},\"shardId\":1,\"sourceProtocol\":\"mqtt\",\"sourceService\":\"oblack\",\"timestamp\":\"2025-08-29T10:27:15.000+0000\",\"topic\":\"api/v1/client/send/event\"}"}
{"timestamp": "2025-08-29T10:27:17.565+0000", "agent.ip": "172.18.0.10", "agent.name": "connector-node", "agent.id": "001", "rule.id": "400006", "rule.mitre.id": "T0000", "rule.level": 12, "rule.description": "[AVO alert] SCAN UDP Portscan from 203.211.2.176", "data.srcip": "203.211.2.176", "data.dstip": "10.0.1.51", "full_log": "Aug 29 10:27:15 connector-node snort: {\"carriedMetadata\":{\"additionalCarriedMetadataKey\":\"additionalCarriedMetadataValue\",\"dummyCarriedMetadataKey\":\"dummyCarriedMetadataValue\"},\"deviceId\":\"ir001\",\"deviceMetadata\":{\"additionalDeviceMetadataKey\":\"additionalDeviceMetadataValue\",\"dummyDeviceMetadataKey\":\"dummyDeviceMetadataValue\"},\"entityType\":\"\",\"payload\":{\"data\":{\"class_idx\":4,\"classification\":\"Attempted Information Leak\",\"dlthdr\":0,\"dst_ip\":\"10.0.1.51\",\"dst_port\":53354,\"event_id\":134,\"ip_proto\":17,\"message\":\"SCAN UDP Portscan\",\"nethdr\":14,\"priority\":2,\"sig_generator\":1,\"sig_id\":5000003,\"sig_info\":\"1:5000003:1\",\"sig_rev\":1,\"src_ip\":\"203.211.2.176\",\"src_port\":443,\"timestamp\":\"2025-08-29T10:27:15.000000Z\",\"transhdr\":34},\"input\":{\"type\":\"snort_alert\"},\"location\":\"packet_inspection\",\"source\":\"snort\",\"timestamp\":\"2025-08-29T10:27:15.000000Z\"},\"shardId\":1,\"sourceProtocol\":\"mqtt\",\"sourceService\":\"oblack\",\"timestamp\":\"2025-08-29T10:27:15.000+0000\",\"topic\":\"api/v1/client/send/event\"}"}
{"timestamp": "2025-08-29T10:27:17.565+0000", "agent.ip": "172.18.0.10", "agent.name": "connector-node", "agent.id": "001", "rule.id": "400006", "rule.mitre.id": "T0000", "rule.level": 12, "rule.description": "[AVO alert] SCAN UDP Portscan from 203.211.4.231", "data.srcip": "203.211.4.231", "data.dstip": "10.0.1.51", "full_log": "Aug 29 10:27:16 connector-node snort: {\"carriedMetadata\":{\"additionalCarriedMetadataKey\":\"additionalCarriedMetadataValue\",\"dummyCarriedMetadataKey\":\"dummyCarriedMetadataValue\"},\"deviceId\":\"ir001\",\"deviceMetadata\":{\"additionalDeviceMetadataKey\":\"additionalDeviceMetadataValue\",\"dummyDeviceMetadataKey\":\"dummyDeviceMetadataValue\"},\"entityType\":\"\",\"payload\":{\"data\":{\"class_idx\":4,\"classification\":\"Attempted Information Leak\",\"dlthdr\":0,\"dst_ip\":\"10.0.1.51\",\"dst_port\":62613,\"event_id\":135,\"ip_proto\":17,\"message\":\"SCAN UDP Portscan\",\"nethdr\":14,\"priority\":2,\"sig_generator\":1,\"sig_id\":5000003,\"sig_info\":\"1:5000003:1\",\"sig_rev\":1,\"src_ip\":\"203.211.4.231\",\"src_port\":443,\"timestamp\":\"2025-08-29T10:27:16.000000Z\",\"transhdr\":34},\"input\":{\"type\":\"snort_alert\"},\"location\":\"packet_inspection\",\"source\":\"snort\",\"timestamp\":\"2025-08-29T10:27:16.000000Z\"},\"shardId\":1,\"sourceProtocol\":\"mqtt\",\"sourceService\":\"oblack\",\"timestamp\":\"2025-08-29T10:27:16.000+0000\",\"topic\":\"api/v1/client/send/event\"}"}
{"timestamp": "2025-08-29T10:28:04.465+0000", "agent.ip": "10.0.1.51", "agent.name": "DESKTOP-66TG6SE", "agent.id": "003", "rule.id": "60106", "rule.mitre.id": ["T1078"], "rule.level": 3, "rule.description": "Windows Logon Success", "data.srcip": null, "data.dstip": null, "full_log": null}
{"timestamp": "2025-08-29T10:28:04.470+0000", "agent.ip": "10.0.1.51", "agent.name": "DESKTOP-66TG6SE", "agent.id": "003", "rule.id": "60106", "rule.mitre.id": ["T1078"], "rule.level": 3, "rule.description": "Windows Logon Success", "data.srcip": null, "data.dstip": null, "full_log": null}
{"timestamp": "2025-08-29T10:28:07.649+0000", "agent.ip": "10.0.1.53", "agent.name": "DESKTOP-66G2GGG", "agent.id": "004", "rule.id": "60106", "rule.mitre.id": ["T1078"], "rule.level": 3, "rule.description": "Windows Logon Success", "data.srcip": null, "data.dstip": null, "full_log": null}
{"timestamp": "2025-08-29T10:28:46.535+0000", "agent.ip": "10.0.1.51", "agent.name": "DESKTOP-66TG6SE", "agent.id": "003", "rule.id": "60642", "rule.mitre.id": "T0000", "rule.level": 3, "rule.description": "Software protection service scheduled successfully.", "data.srcip": null, "data.dstip": null, "full_log": null}
{"timestamp": "2025-08-29T10:29:33.035+0000", "agent.ip": "10.0.1.53", "agent.name": "DESKTOP-66G2GGG", "agent.id": "004", "rule.id": "67028", "rule.mitre.id": ["T1484"], "rule.level": 3, "rule.description": "Special privileges assigned to new logon.", "data.srcip": null, "data.dstip": null, "full_log": null}
{"timestamp": "2025-08-29T10:29:33.037+0000", "agent.ip": "10.0.1.53", "agent.name": "DESKTOP-66G2GGG", "agent.id": "004", "rule.id": "92657", "rule.mitre.id": ["T1550.002", "T1078.002", "T1021.001"], "rule.level": 6, "rule.description": "Successful Remote Logon Detected - User:\\891003 - NTLM authentication, possible pass-the-hash attack - Possible RDP connection. Verify that DESKTOP-66TG6SE is allowed to perform RDP connections", "data.srcip": null, "data.dstip": null, "full_log": "{\"win\":{\"system\":{\"providerName\":\"Microsoft-Windows-Security-Auditing\",\"providerGuid\":\"{54849625-5478-4994-a5ba-3e3b0328c30d}\",\"eventID\":\"4624\",\"version\":\"2\",\"level\":\"0\",\"task\":\"12544\",\"opcode\":\"0\",\"keywords\":\"0x8020000000000000\",\"systemTime\":\"2025-08-29T10:29:34.0548789Z\",\"eventRecordID\":\"38098\",\"processID\":\"712\",\"threadID\":\"4296\",\"channel\":\"Security\",\"computer\":\"DESKTOP-66G2GGG\",\"severityValue\":\"AUDIT_SUCCESS\",\"message\":\"\\\"帳戶已順利登入。\\r\\n\\r\\n主體:\\r\\n\\t安全性識別碼:\\t\\tS-1-0-0\\r\\n\\tA帳戶名稱:\\t\\t-\\r\\n\\t帳戶網域:\\t\\t-\\r\\n\\t登入識別碼:\\t\\t0x0\\r\\n\\r\\n登入資訊:\\r\\n\\t登入類型:\\t\\t3\\r\\n\\t受限制的系統管理模式:\\t-\\r\\n\\t虛擬帳戶:\\t\\t否\\r\\n\\t提高權限的權杖:\\t\\t是\\r\\n\\r\\n模擬層級:\\t\\t模擬\\r\\n\\r\\n新登入:\\r\\n\\t安全性識別碼:\\t\\tS-1-5-21-4155498204-3384503861-1882939327-1000\\r\\n\\t帳戶名稱:\\t\\t891003\\r\\n\\t帳戶網域:\\t\\tDESKTOP-66G2GGG\\r\\n\\t登入識別碼:\\t\\t0x7935D7\\r\\n\\t連結的登入識別碼:\\t\\t0x0\\r\\n\\t網路帳戶名稱:\\t-\\r\\n\\t網路帳戶網域:\\t-\\r\\n\\t登入 GUID:\\t\\t{00000000-0000-0000-0000-000000000000}\\r\\n\\r\\n處理程序資訊:\\r\\n\\t處理程序識別碼:\\t\\t0x0\\r\\n\\t處理程序名稱:\\t\\t-\\r\\n\\r\\n網路資訊:\\r\\n\\t工作站名稱:\\tDESKTOP-66TG6SE\\r\\n\\t來源網路位址:\\t10.0.1.51\\r\\n\\t來源連接埠:\\t\\t50035\\r\\n\\r\\n詳細的驗證資訊:\\r\\n\\t登入處理程序:\\t\\tNtLmSsp \\r\\n\\t驗證封裝:\\tNTLM\\r\\n\\t轉送的服務:\\t-\\r\\n\\t封裝名稱 (僅 NTLM):\\tNTLM V2\\r\\n\\t金鑰長度:\\t\\t128\\r\\n\\r\\n建立登入工作階段時會產生此事件。它是在所存取的電腦上產生。\\r\\n\\r\\n主體欄位指出要求登入之本機系統上的帳戶。這通常是發生在服務 (例如伺服器服務) 或是本機處理程序 (例如 Winlogon.exe 或 Services.exe)。\\r\\n\\r\\n登入類型欄位指出發生的登入類型。最常見的類型是 2 (互動式) 與 3 (網路)。\\r\\n\\r\\n新登入欄位指出是哪個帳戶建立新登入，例如登入的帳戶。\\r\\n\\r\\n網路欄位指出遠端登入要求的來源。工作站名稱並非一律可用，在某些情況下可能會是空白。\\r\\n\\r\\n模擬層級欄位指出登入工作階段中的處理程序可以模擬的範圍。\\r\\n\\r\\n驗證資訊欄位提供關於此特定登入要求的詳細資訊。\\r\\n\\t- 登入 GUID 是唯一識別碼，可用於關聯這個事件與 KDC 事件。\\r\\n\\t- 轉送的服務指出哪一個中介服務已經加入這個登入要求。\\r\\n\\t- 封裝名稱指出在 NTLM 通訊協定中使用哪一個子協定。\\r\\n\\t- 金鑰長度指出產生的工作階段金鑰長度。如果沒有要求工作階段金鑰則為 0。\\\"\"},\"eventdata\":{\"subjectUserSid\":\"S-1-0-0\",\"subjectLogonId\":\"0x0\",\"targetUserSid\":\"S-1-5-21-4155498204-3384503861-1882939327-1000\",\"targetUserName\":\"891003\",\"targetDomainName\":\"DESKTOP-66G2GGG\",\"targetLogonId\":\"0x7935d7\",\"logonType\":\"3\",\"logonProcessName\":\"NtLmSsp\",\"authenticationPackageName\":\"NTLM\",\"workstationName\":\"DESKTOP-66TG6SE\",\"logonGuid\":\"{00000000-0000-0000-0000-000000000000}\",\"lmPackageName\":\"NTLM V2\",\"keyLength\":\"128\",\"processId\":\"0x0\",\"ipAddress\":\"10.0.1.51\",\"ipPort\":\"50035\",\"impersonationLevel\":\"%%1833\",\"virtualAccount\":\"%%1843\",\"targetLinkedLogonId\":\"0x0\",\"elevatedToken\":\"%%1842\"}}}"}
{"timestamp": "2025-08-29T10:29:33.047+0000", "agent.ip": "10.0.1.53", "agent.name": "DESKTOP-66G2GGG", "agent.id": "004", "rule.id": "67028", "rule.mitre.id": ["T1484"], "rule.level": 3, "rule.description": "Special privileges assigned to new logon.", "data.srcip": null, "data.dstip": null, "full_log": null}
{"timestamp": "2025-08-29T10:29:33.047+0000", "agent.ip": "10.0.1.53", "agent.name": "DESKTOP-66G2GGG", "agent.id": "004", "rule.id": "60137", "rule.mitre.id": "T0000", "rule.level": 3, "rule.description": "Windows User Logoff", "data.srcip": null, "data.dstip": null, "full_log": null}
{"timestamp": "2025-08-29T10:29:33.148+0000", "agent.ip": "10.0.1.53", "agent.name": "DESKTOP-66G2GGG", "agent.id": "004", "rule.id": "92657", "rule.mitre.id": ["T1550.002", "T1078.002", "T1021.001"], "rule.level": 6, "rule.description": "Successful Remote Logon Detected - User:\\891003 - NTLM authentication, possible pass-the-hash attack - Possible RDP connection. Verify that DESKTOP-66TG6SE is allowed to perform RDP connections", "data.srcip": null, "data.dstip": null, "full_log": "{\"win\":{\"system\":{\"providerName\":\"Microsoft-Windows-Security-Auditing\",\"providerGuid\":\"{54849625-5478-4994-a5ba-3e3b0328c30d}\",\"eventID\":\"4624\",\"version\":\"2\",\"level\":\"0\",\"task\":\"12544\",\"opcode\":\"0\",\"keywords\":\"0x8020000000000000\",\"systemTime\":\"2025-08-29T10:29:34.2536883Z\",\"eventRecordID\":\"38101\",\"processID\":\"712\",\"threadID\":\"4296\",\"channel\":\"Security\",\"computer\":\"DESKTOP-66G2GGG\",\"severityValue\":\"AUDIT_SUCCESS\",\"message\":\"\\\"帳戶已順利登入。\\r\\n\\r\\n主體:\\r\\n\\t安全性識別碼:\\t\\tS-1-0-0\\r\\n\\tA帳戶名稱:\\t\\t-\\r\\n\\t帳戶網域:\\t\\t-\\r\\n\\t登入識別碼:\\t\\t0x0\\r\\n\\r\\n登入資訊:\\r\\n\\t登入類型:\\t\\t3\\r\\n\\t受限制的系統管理模式:\\t-\\r\\n\\t虛擬帳戶:\\t\\t否\\r\\n\\t提高權限的權杖:\\t\\t是\\r\\n\\r\\n模擬層級:\\t\\t模擬\\r\\n\\r\\n新登入:\\r\\n\\t安全性識別碼:\\t\\tS-1-5-21-4155498204-3384503861-1882939327-1000\\r\\n\\t帳戶名稱:\\t\\t891003\\r\\n\\t帳戶網域:\\t\\tDESKTOP-66G2GGG\\r\\n\\t登入識別碼:\\t\\t0x793A14\\r\\n\\t連結的登入識別碼:\\t\\t0x0\\r\\n\\t網路帳戶名稱:\\t-\\r\\n\\t網路帳戶網域:\\t-\\r\\n\\t登入 GUID:\\t\\t{00000000-0000-0000-0000-000000000000}\\r\\n\\r\\n處理程序資訊:\\r\\n\\t處理程序識別碼:\\t\\t0x0\\r\\n\\t處理程序名稱:\\t\\t-\\r\\n\\r\\n網路資訊:\\r\\n\\t工作站名稱:\\tDESKTOP-66TG6SE\\r\\n\\t來源網路位址:\\t10.0.1.51\\r\\n\\t來源連接埠:\\t\\t50036\\r\\n\\r\\n詳細的驗證資訊:\\r\\n\\t登入處理程序:\\t\\tNtLmSsp \\r\\n\\t驗證封裝:\\tNTLM\\r\\n\\t轉送的服務:\\t-\\r\\n\\t封裝名稱 (僅 NTLM):\\tNTLM V2\\r\\n\\t金鑰長度:\\t\\t128\\r\\n\\r\\n建立登入工作階段時會產生此事件。它是在所存取的電腦上產生。\\r\\n\\r\\n主體欄位指出要求登入之本機系統上的帳戶。這通常是發生在服務 (例如伺服器服務) 或是本機處理程序 (例如 Winlogon.exe 或 Services.exe)。\\r\\n\\r\\n登入類型欄位指出發生的登入類型。最常見的類型是 2 (互動式) 與 3 (網路)。\\r\\n\\r\\n新登入欄位指出是哪個帳戶建立新登入，例如登入的帳戶。\\r\\n\\r\\n網路欄位指出遠端登入要求的來源。工作站名稱並非一律可用，在某些情況下可能會是空白。\\r\\n\\r\\n模擬層級欄位指出登入工作階段中的處理程序可以模擬的範圍。\\r\\n\\r\\n驗證資訊欄位提供關於此特定登入要求的詳細資訊。\\r\\n\\t- 登入 GUID 是唯一識別碼，可用於關聯這個事件與 KDC 事件。\\r\\n\\t- 轉送的服務指出哪一個中介服務已經加入這個登入要求。\\r\\n\\t- 封裝名稱指出在 NTLM 通訊協定中使用哪一個子協定。\\r\\n\\t- 金鑰長度指出產生的工作階段金鑰長度。如果沒有要求工作階段金鑰則為 0。\\\"\"},\"eventdata\":{\"subjectUserSid\":\"S-1-0-0\",\"subjectLogonId\":\"0x0\",\"targetUserSid\":\"S-1-5-21-4155498204-3384503861-1882939327-1000\",\"targetUserName\":\"891003\",\"targetDomainName\":\"DESKTOP-66G2GGG\",\"targetLogonId\":\"0x793a14\",\"logonType\":\"3\",\"logonProcessName\":\"NtLmSsp\",\"authenticationPackageName\":\"NTLM\",\"workstationName\":\"DESKTOP-66TG6SE\",\"logonGuid\":\"{00000000-0000-0000-0000-000000000000}\",\"lmPackageName\":\"NTLM V2\",\"keyLength\":\"128\",\"processId\":\"0x0\",\"ipAddress\":\"10.0.1.51\",\"ipPort\":\"50036\",\"impersonationLevel\":\"%%1833\",\"virtualAccount\":\"%%1843\",\"targetLinkedLogonId\":\"0x0\",\"elevatedToken\":\"%%1842\"}}}"}
{"timestamp": "2025-08-29T10:29:33.165+0000", "agent.ip": "10.0.1.53", "agent.name": "DESKTOP-66G2GGG", "agent.id": "004", "rule.id": "67028", "rule.mitre.id": ["T1484"], "rule.level": 3, "rule.description": "Special privileges assigned to new logon.", "data.srcip": null, "data.dstip": null, "full_log": null}
{"timestamp": "2025-08-29T10:29:33.169+0000", "agent.ip": "10.0.1.53", "agent.name": "DESKTOP-66G2GGG", "agent.id": "004", "rule.id": "92657", "rule.mitre.id": ["T1550.002", "T1078.002", "T1021.001"], "rule.level": 6, "rule.description": "Successful Remote Logon Detected - User:\\891003 - NTLM authentication, possible pass-the-hash attack - Possible RDP connection. Verify that DESKTOP-66TG6SE is allowed to perform RDP connections", "data.srcip": null, "data.dstip": null, "full_log": "{\"win\":{\"system\":{\"providerName\":\"Microsoft-Windows-Security-Auditing\",\"providerGuid\":\"{54849625-5478-4994-a5ba-3e3b0328c30d}\",\"eventID\":\"4624\",\"version\":\"2\",\"level\":\"0\",\"task\":\"12544\",\"opcode\":\"0\",\"keywords\":\"0x8020000000000000\",\"systemTime\":\"2025-08-29T10:29:34.7454589Z\",\"eventRecordID\":\"38103\",\"processID\":\"712\",\"threadID\":\"1076\",\"channel\":\"Security\",\"computer\":\"DESKTOP-66G2GGG\",\"severityValue\":\"AUDIT_SUCCESS\",\"message\":\"\\\"帳戶已順利登入。\\r\\n\\r\\n主體:\\r\\n\\t安全性識別碼:\\t\\tS-1-0-0\\r\\n\\tA帳戶名稱:\\t\\t-\\r\\n\\t帳戶網域:\\t\\t-\\r\\n\\t登入識別碼:\\t\\t0x0\\r\\n\\r\\n登入資訊:\\r\\n\\t登入類型:\\t\\t3\\r\\n\\t受限制的系統管理模式:\\t-\\r\\n\\t虛擬帳戶:\\t\\t否\\r\\n\\t提高權限的權杖:\\t\\t是\\r\\n\\r\\n模擬層級:\\t\\t模擬\\r\\n\\r\\n新登入:\\r\\n\\t安全性識別碼:\\t\\tS-1-5-21-4155498204-3384503861-1882939327-1000\\r\\n\\t帳戶名稱:\\t\\t891003\\r\\n\\t帳戶網域:\\t\\tDESKTOP-66G2GGG\\r\\n\\t登入識別碼:\\t\\t0x793E60\\r\\n\\t連結的登入識別碼:\\t\\t0x0\\r\\n\\t網路帳戶名稱:\\t-\\r\\n\\t網路帳戶網域:\\t-\\r\\n\\t登入 GUID:\\t\\t{00000000-0000-0000-0000-000000000000}\\r\\n\\r\\n處理程序資訊:\\r\\n\\t處理程序識別碼:\\t\\t0x0\\r\\n\\t處理程序名稱:\\t\\t-\\r\\n\\r\\n網路資訊:\\r\\n\\t工作站名稱:\\tDESKTOP-66TG6SE\\r\\n\\t來源網路位址:\\t10.0.1.51\\r\\n\\t來源連接埠:\\t\\t50037\\r\\n\\r\\n詳細的驗證資訊:\\r\\n\\t登入處理程序:\\t\\tNtLmSsp \\r\\n\\t驗證封裝:\\tNTLM\\r\\n\\t轉送的服務:\\t-\\r\\n\\t封裝名稱 (僅 NTLM):\\tNTLM V2\\r\\n\\t金鑰長度:\\t\\t128\\r\\n\\r\\n建立登入工作階段時會產生此事件。它是在所存取的電腦上產生。\\r\\n\\r\\n主體欄位指出要求登入之本機系統上的帳戶。這通常是發生在服務 (例如伺服器服務) 或是本機處理程序 (例如 Winlogon.exe 或 Services.exe)。\\r\\n\\r\\n登入類型欄位指出發生的登入類型。最常見的類型是 2 (互動式) 與 3 (網路)。\\r\\n\\r\\n新登入欄位指出是哪個帳戶建立新登入，例如登入的帳戶。\\r\\n\\r\\n網路欄位指出遠端登入要求的來源。工作站名稱並非一律可用，在某些情況下可能會是空白。\\r\\n\\r\\n模擬層級欄位指出登入工作階段中的處理程序可以模擬的範圍。\\r\\n\\r\\n驗證資訊欄位提供關於此特定登入要求的詳細資訊。\\r\\n\\t- 登入 GUID 是唯一識別碼，可用於關聯這個事件與 KDC 事件。\\r\\n\\t- 轉送的服務指出哪一個中介服務已經加入這個登入要求。\\r\\n\\t- 封裝名稱指出在 NTLM 通訊協定中使用哪一個子協定。\\r\\n\\t- 金鑰長度指出產生的工作階段金鑰長度。如果沒有要求工作階段金鑰則為 0。\\\"\"},\"eventdata\":{\"subjectUserSid\":\"S-1-0-0\",\"subjectLogonId\":\"0x0\",\"targetUserSid\":\"S-1-5-21-4155498204-3384503861-1882939327-1000\",\"targetUserName\":\"891003\",\"targetDomainName\":\"DESKTOP-66G2GGG\",\"targetLogonId\":\"0x793e60\",\"logonType\":\"3\",\"logonProcessName\":\"NtLmSsp\",\"authenticationPackageName\":\"NTLM\",\"workstationName\":\"DESKTOP-66TG6SE\",\"logonGuid\":\"{00000000-0000-0000-0000-000000000000}\",\"lmPackageName\":\"NTLM V2\",\"keyLength\":\"128\",\"processId\":\"0x0\",\"ipAddress\":\"10.0.1.51\",\"ipPort\":\"50037\",\"impersonationLevel\":\"%%1833\",\"virtualAccount\":\"%%1843\",\"targetLinkedLogonId\":\"0x0\",\"elevatedToken\":\"%%1842\"}}}"}
{"timestamp": "2025-08-29T10:29:34.472+0000", "agent.ip": "10.0.1.53", "agent.name": "DESKTOP-66G2GGG", "agent.id": "004", "rule.id": "67028", "rule.mitre.id": ["T1484"], "rule.level": 3, "rule.description": "Special privileges assigned to new logon.", "data.srcip": null, "data.dstip": null, "full_log": null}
{"timestamp": "2025-08-29T10:29:34.475+0000", "agent.ip": "10.0.1.53", "agent.name": "DESKTOP-66G2GGG", "agent.id": "004", "rule.id": "92657", "rule.mitre.id": ["T1550.002", "T1078.002", "T1021.001"], "rule.level": 6, "rule.description": "Successful Remote Logon Detected - User:\\891003 - NTLM authentication, possible pass-the-hash attack - Possible RDP connection. Verify that DESKTOP-66TG6SE is allowed to perform RDP connections", "data.srcip": null, "data.dstip": null, "full_log": "{\"win\":{\"system\":{\"providerName\":\"Microsoft-Windows-Security-Auditing\",\"providerGuid\":\"{54849625-5478-4994-a5ba-3e3b0328c30d}\",\"eventID\":\"4624\",\"version\":\"2\",\"level\":\"0\",\"task\":\"12544\",\"opcode\":\"0\",\"keywords\":\"0x8020000000000000\",\"systemTime\":\"2025-08-29T10:29:35.5262971Z\",\"eventRecordID\":\"38105\",\"processID\":\"712\",\"threadID\":\"1076\",\"channel\":\"Security\",\"computer\":\"DESKTOP-66G2GGG\",\"severityValue\":\"AUDIT_SUCCESS\",\"message\":\"\\\"帳戶已順利登入。\\r\\n\\r\\n主體:\\r\\n\\t安全性識別碼:\\t\\tS-1-0-0\\r\\n\\tA帳戶名稱:\\t\\t-\\r\\n\\t帳戶網域:\\t\\t-\\r\\n\\t登入識別碼:\\t\\t0x0\\r\\n\\r\\n登入資訊:\\r\\n\\t登入類型:\\t\\t3\\r\\n\\t受限制的系統管理模式:\\t-\\r\\n\\t虛擬帳戶:\\t\\t否\\r\\n\\t提高權限的權杖:\\t\\t是\\r\\n\\r\\n模擬層級:\\t\\t模擬\\r\\n\\r\\n新登入:\\r\\n\\t安全性識別碼:\\t\\tS-1-5-21-4155498204-3384503861-1882939327-1000\\r\\n\\t帳戶名稱:\\t\\t891003\\r\\n\\t帳戶網域:\\t\\tDESKTOP-66G2GGG\\r\\n\\t登入識別碼:\\t\\t0x794C51\\r\\n\\t連結的登入識別碼:\\t\\t0x0\\r\\n\\t網路帳戶名稱:\\t-\\r\\n\\t網路帳戶網域:\\t-\\r\\n\\t登入 GUID:\\t\\t{00000000-0000-0000-0000-000000000000}\\r\\n\\r\\n處理程序資訊:\\r\\n\\t處理程序識別碼:\\t\\t0x0\\r\\n\\t處理程序名稱:\\t\\t-\\r\\n\\r\\n網路資訊:\\r\\n\\t工作站名稱:\\tDESKTOP-66TG6SE\\r\\n\\t來源網路位址:\\t10.0.1.51\\r\\n\\t來源連接埠:\\t\\t50038\\r\\n\\r\\n詳細的驗證資訊:\\r\\n\\t登入處理程序:\\t\\tNtLmSsp \\r\\n\\t驗證封裝:\\tNTLM\\r\\n\\t轉送的服務:\\t-\\r\\n\\t封裝名稱 (僅 NTLM):\\tNTLM V2\\r\\n\\t金鑰長度:\\t\\t128\\r\\n\\r\\n建立登入工作階段時會產生此事件。它是在所存取的電腦上產生。\\r\\n\\r\\n主體欄位指出要求登入之本機系統上的帳戶。這通常是發生在服務 (例如伺服器服務) 或是本機處理程序 (例如 Winlogon.exe 或 Services.exe)。\\r\\n\\r\\n登入類型欄位指出發生的登入類型。最常見的類型是 2 (互動式) 與 3 (網路)。\\r\\n\\r\\n新登入欄位指出是哪個帳戶建立新登入，例如登入的帳戶。\\r\\n\\r\\n網路欄位指出遠端登入要求的來源。工作站名稱並非一律可用，在某些情況下可能會是空白。\\r\\n\\r\\n模擬層級欄位指出登入工作階段中的處理程序可以模擬的範圍。\\r\\n\\r\\n驗證資訊欄位提供關於此特定登入要求的詳細資訊。\\r\\n\\t- 登入 GUID 是唯一識別碼，可用於關聯這個事件與 KDC 事件。\\r\\n\\t- 轉送的服務指出哪一個中介服務已經加入這個登入要求。\\r\\n\\t- 封裝名稱指出在 NTLM 通訊協定中使用哪一個子協定。\\r\\n\\t- 金鑰長度指出產生的工作階段金鑰長度。如果沒有要求工作階段金鑰則為 0。\\\"\"},\"eventdata\":{\"subjectUserSid\":\"S-1-0-0\",\"subjectLogonId\":\"0x0\",\"targetUserSid\":\"S-1-5-21-4155498204-3384503861-1882939327-1000\",\"targetUserName\":\"891003\",\"targetDomainName\":\"DESKTOP-66G2GGG\",\"targetLogonId\":\"0x794c51\",\"logonType\":\"3\",\"logonProcessName\":\"NtLmSsp\",\"authenticationPackageName\":\"NTLM\",\"workstationName\":\"DESKTOP-66TG6SE\",\"logonGuid\":\"{00000000-0000-0000-0000-000000000000}\",\"lmPackageName\":\"NTLM V2\",\"keyLength\":\"128\",\"processId\":\"0x0\",\"ipAddress\":\"10.0.1.51\",\"ipPort\":\"50038\",\"impersonationLevel\":\"%%1833\",\"virtualAccount\":\"%%1843\",\"targetLinkedLogonId\":\"0x0\",\"elevatedToken\":\"%%1842\"}}}"}
{"timestamp": "2025-08-29T10:29:34.480+0000", "agent.ip": "10.0.1.53", "agent.name": "DESKTOP-66G2GGG", "agent.id": "004", "rule.id": "60137", "rule.mitre.id": "T0000", "rule.level": 3, "rule.description": "Windows User Logoff", "data.srcip": null, "data.dstip": null, "full_log": null}
{"timestamp": "2025-08-29T10:29:34.493+0000", "agent.ip": "10.0.1.53", "agent.name": "DESKTOP-66G2GGG", "agent.id": "004", "rule.id": "60137", "rule.mitre.id": "T0000", "rule.level": 3, "rule.description": "Windows User Logoff", "data.srcip": null, "data.dstip": null, "full_log": null}
{"timestamp": "2025-08-29T10:29:34.541+0000", "agent.ip": "10.0.1.53", "agent.name": "DESKTOP-66G2GGG", "agent.id": "004", "rule.id": "60137", "rule.mitre.id": "T0000", "rule.level": 3, "rule.description": "Windows User Logoff", "data.srcip": null, "data.dstip": null, "full_log": null}
{"timestamp": "2025-08-29T10:30:16.960+0000", "agent.ip": "10.0.1.53", "agent.name": "DESKTOP-66G2GGG", "agent.id": "004", "rule.id": "67028", "rule.mitre.id": ["T1484"], "rule.level": 3, "rule.description": "Special privileges assigned to new logon.", "data.srcip": null, "data.dstip": null, "full_log": null}
{"timestamp": "2025-08-29T10:30:16.970+0000", "agent.ip": "10.0.1.53", "agent.name": "DESKTOP-66G2GGG", "agent.id": "004", "rule.id": "92657", "rule.mitre.id": ["T1550.002", "T1078.002", "T1021.001"], "rule.level": 6, "rule.description": "Successful Remote Logon Detected - User:\\891003 - NTLM authentication, possible pass-the-hash attack - Possible RDP connection. Verify that DESKTOP-66TG6SE is allowed to perform RDP connections", "data.srcip": null, "data.dstip": null, "full_log": "{\"win\":{\"system\":{\"providerName\":\"Microsoft-Windows-Security-Auditing\",\"providerGuid\":\"{54849625-5478-4994-a5ba-3e3b0328c30d}\",\"eventID\":\"4624\",\"version\":\"2\",\"level\":\"0\",\"task\":\"12544\",\"opcode\":\"0\",\"keywords\":\"0x8020000000000000\",\"systemTime\":\"2025-08-29T10:30:18.0269745Z\",\"eventRecordID\":\"38110\",\"processID\":\"712\",\"threadID\":\"4296\",\"channel\":\"Security\",\"computer\":\"DESKTOP-66G2GGG\",\"severityValue\":\"AUDIT_SUCCESS\",\"message\":\"\\\"帳戶已順利登入。\\r\\n\\r\\n主體:\\r\\n\\t安全性識別碼:\\t\\tS-1-0-0\\r\\n\\tA帳戶名稱:\\t\\t-\\r\\n\\t帳戶網域:\\t\\t-\\r\\n\\t登入識別碼:\\t\\t0x0\\r\\n\\r\\n登入資訊:\\r\\n\\t登入類型:\\t\\t3\\r\\n\\t受限制的系統管理模式:\\t-\\r\\n\\t虛擬帳戶:\\t\\t否\\r\\n\\t提高權限的權杖:\\t\\t是\\r\\n\\r\\n模擬層級:\\t\\t模擬\\r\\n\\r\\n新登入:\\r\\n\\t安全性識別碼:\\t\\tS-1-5-21-4155498204-3384503861-1882939327-1000\\r\\n\\t帳戶名稱:\\t\\t891003\\r\\n\\t帳戶網域:\\t\\tDESKTOP-66G2GGG\\r\\n\\t登入識別碼:\\t\\t0x7969ED\\r\\n\\t連結的登入識別碼:\\t\\t0x0\\r\\n\\t網路帳戶名稱:\\t-\\r\\n\\t網路帳戶網域:\\t-\\r\\n\\t登入 GUID:\\t\\t{00000000-0000-0000-0000-000000000000}\\r\\n\\r\\n處理程序資訊:\\r\\n\\t處理程序識別碼:\\t\\t0x0\\r\\n\\t處理程序名稱:\\t\\t-\\r\\n\\r\\n網路資訊:\\r\\n\\t工作站名稱:\\tDESKTOP-66TG6SE\\r\\n\\t來源網路位址:\\t10.0.1.51\\r\\n\\t來源連接埠:\\t\\t50039\\r\\n\\r\\n詳細的驗證資訊:\\r\\n\\t登入處理程序:\\t\\tNtLmSsp \\r\\n\\t驗證封裝:\\tNTLM\\r\\n\\t轉送的服務:\\t-\\r\\n\\t封裝名稱 (僅 NTLM):\\tNTLM V2\\r\\n\\t金鑰長度:\\t\\t128\\r\\n\\r\\n建立登入工作階段時會產生此事件。它是在所存取的電腦上產生。\\r\\n\\r\\n主體欄位指出要求登入之本機系統上的帳戶。這通常是發生在服務 (例如伺服器服務) 或是本機處理程序 (例如 Winlogon.exe 或 Services.exe)。\\r\\n\\r\\n登入類型欄位指出發生的登入類型。最常見的類型是 2 (互動式) 與 3 (網路)。\\r\\n\\r\\n新登入欄位指出是哪個帳戶建立新登入，例如登入的帳戶。\\r\\n\\r\\n網路欄位指出遠端登入要求的來源。工作站名稱並非一律可用，在某些情況下可能會是空白。\\r\\n\\r\\n模擬層級欄位指出登入工作階段中的處理程序可以模擬的範圍。\\r\\n\\r\\n驗證資訊欄位提供關於此特定登入要求的詳細資訊。\\r\\n\\t- 登入 GUID 是唯一識別碼，可用於關聯這個事件與 KDC 事件。\\r\\n\\t- 轉送的服務指出哪一個中介服務已經加入這個登入要求。\\r\\n\\t- 封裝名稱指出在 NTLM 通訊協定中使用哪一個子協定。\\r\\n\\t- 金鑰長度指出產生的工作階段金鑰長度。如果沒有要求工作階段金鑰則為 0。\\\"\"},\"eventdata\":{\"subjectUserSid\":\"S-1-0-0\",\"subjectLogonId\":\"0x0\",\"targetUserSid\":\"S-1-5-21-4155498204-3384503861-1882939327-1000\",\"targetUserName\":\"891003\",\"targetDomainName\":\"DESKTOP-66G2GGG\",\"targetLogonId\":\"0x7969ed\",\"logonType\":\"3\",\"logonProcessName\":\"NtLmSsp\",\"authenticationPackageName\":\"NTLM\",\"workstationName\":\"DESKTOP-66TG6SE\",\"logonGuid\":\"{00000000-0000-0000-0000-000000000000}\",\"lmPackageName\":\"NTLM V2\",\"keyLength\":\"128\",\"processId\":\"0x0\",\"ipAddress\":\"10.0.1.51\",\"ipPort\":\"50039\",\"impersonationLevel\":\"%%1833\",\"virtualAccount\":\"%%1843\",\"targetLinkedLogonId\":\"0x0\",\"elevatedToken\":\"%%1842\"}}}"}
{"timestamp": "2025-08-29T10:30:16.973+0000", "agent.ip": "10.0.1.53", "agent.name": "DESKTOP-66G2GGG", "agent.id": "004", "rule.id": "67028", "rule.mitre.id": ["T1484"], "rule.level": 3, "rule.description": "Special privileges assigned to new logon.", "data.srcip": null, "data.dstip": null, "full_log": null}
{"timestamp": "2025-08-29T10:30:16.973+0000", "agent.ip": "10.0.1.53", "agent.name": "DESKTOP-66G2GGG", "agent.id": "004", "rule.id": "92657", "rule.mitre.id": ["T1550.002", "T1078.002", "T1021.001"], "rule.level": 6, "rule.description": "Successful Remote Logon Detected - User:\\891003 - NTLM authentication, possible pass-the-hash attack - Possible RDP connection. Verify that DESKTOP-66TG6SE is allowed to perform RDP connections", "data.srcip": null, "data.dstip": null, "full_log": "{\"win\":{\"system\":{\"providerName\":\"Microsoft-Windows-Security-Auditing\",\"providerGuid\":\"{54849625-5478-4994-a5ba-3e3b0328c30d}\",\"eventID\":\"4624\",\"version\":\"2\",\"level\":\"0\",\"task\":\"12544\",\"opcode\":\"0\",\"keywords\":\"0x8020000000000000\",\"systemTime\":\"2025-08-29T10:30:18.2939878Z\",\"eventRecordID\":\"38112\",\"processID\":\"712\",\"threadID\":\"1076\",\"channel\":\"Security\",\"computer\":\"DESKTOP-66G2GGG\",\"severityValue\":\"AUDIT_SUCCESS\",\"message\":\"\\\"帳戶已順利登入。\\r\\n\\r\\n主體:\\r\\n\\t安全性識別碼:\\t\\tS-1-0-0\\r\\n\\tA帳戶名稱:\\t\\t-\\r\\n\\t帳戶網域:\\t\\t-\\r\\n\\t登入識別碼:\\t\\t0x0\\r\\n\\r\\n登入資訊:\\r\\n\\t登入類型:\\t\\t3\\r\\n\\t受限制的系統管理模式:\\t-\\r\\n\\t虛擬帳戶:\\t\\t否\\r\\n\\t提高權限的權杖:\\t\\t是\\r\\n\\r\\n模擬層級:\\t\\t模擬\\r\\n\\r\\n新登入:\\r\\n\\t安全性識別碼:\\t\\tS-1-5-21-4155498204-3384503861-1882939327-1000\\r\\n\\t帳戶名稱:\\t\\t891003\\r\\n\\t帳戶網域:\\t\\tDESKTOP-66G2GGG\\r\\n\\t登入識別碼:\\t\\t0x796E24\\r\\n\\t連結的登入識別碼:\\t\\t0x0\\r\\n\\t網路帳戶名稱:\\t-\\r\\n\\t網路帳戶網域:\\t-\\r\\n\\t登入 GUID:\\t\\t{00000000-0000-0000-0000-000000000000}\\r\\n\\r\\n處理程序資訊:\\r\\n\\t處理程序識別碼:\\t\\t0x0\\r\\n\\t處理程序名稱:\\t\\t-\\r\\n\\r\\n網路資訊:\\r\\n\\t工作站名稱:\\tDESKTOP-66TG6SE\\r\\n\\t來源網路位址:\\t10.0.1.51\\r\\n\\t來源連接埠:\\t\\t50040\\r\\n\\r\\n詳細的驗證資訊:\\r\\n\\t登入處理程序:\\t\\tNtLmSsp \\r\\n\\t驗證封裝:\\tNTLM\\r\\n\\t轉送的服務:\\t-\\r\\n\\t封裝名稱 (僅 NTLM):\\tNTLM V2\\r\\n\\t金鑰長度:\\t\\t128\\r\\n\\r\\n建立登入工作階段時會產生此事件。它是在所存取的電腦上產生。\\r\\n\\r\\n主體欄位指出要求登入之本機系統上的帳戶。這通常是發生在服務 (例如伺服器服務) 或是本機處理程序 (例如 Winlogon.exe 或 Services.exe)。\\r\\n\\r\\n登入類型欄位指出發生的登入類型。最常見的類型是 2 (互動式) 與 3 (網路)。\\r\\n\\r\\n新登入欄位指出是哪個帳戶建立新登入，例如登入的帳戶。\\r\\n\\r\\n網路欄位指出遠端登入要求的來源。工作站名稱並非一律可用，在某些情況下可能會是空白。\\r\\n\\r\\n模擬層級欄位指出登入工作階段中的處理程序可以模擬的範圍。\\r\\n\\r\\n驗證資訊欄位提供關於此特定登入要求的詳細資訊。\\r\\n\\t- 登入 GUID 是唯一識別碼，可用於關聯這個事件與 KDC 事件。\\r\\n\\t- 轉送的服務指出哪一個中介服務已經加入這個登入要求。\\r\\n\\t- 封裝名稱指出在 NTLM 通訊協定中使用哪一個子協定。\\r\\n\\t- 金鑰長度指出產生的工作階段金鑰長度。如果沒有要求工作階段金鑰則為 0。\\\"\"},\"eventdata\":{\"subjectUserSid\":\"S-1-0-0\",\"subjectLogonId\":\"0x0\",\"targetUserSid\":\"S-1-5-21-4155498204-3384503861-1882939327-1000\",\"targetUserName\":\"891003\",\"targetDomainName\":\"DESKTOP-66G2GGG\",\"targetLogonId\":\"0x796e24\",\"logonType\":\"3\",\"logonProcessName\":\"NtLmSsp\",\"authenticationPackageName\":\"NTLM\",\"workstationName\":\"DESKTOP-66TG6SE\",\"logonGuid\":\"{00000000-0000-0000-0000-000000000000}\",\"lmPackageName\":\"NTLM V2\",\"keyLength\":\"128\",\"processId\":\"0x0\",\"ipAddress\":\"10.0.1.51\",\"ipPort\":\"50040\",\"impersonationLevel\":\"%%1833\",\"virtualAccount\":\"%%1843\",\"targetLinkedLogonId\":\"0x0\",\"elevatedToken\":\"%%1842\"}}}"}
{"timestamp": "2025-08-29T10:30:16.978+0000", "agent.ip": "10.0.1.53", "agent.name": "DESKTOP-66G2GGG", "agent.id": "004", "rule.id": "67028", "rule.mitre.id": ["T1484"], "rule.level": 3, "rule.description": "Special privileges assigned to new logon.", "data.srcip": null, "data.dstip": null, "full_log": null}
{"timestamp": "2025-08-29T10:30:16.980+0000", "agent.ip": "10.0.1.53", "agent.name": "DESKTOP-66G2GGG", "agent.id": "004", "rule.id": "92657", "rule.mitre.id": ["T1550.002", "T1078.002", "T1021.001"], "rule.level": 6, "rule.description": "Successful Remote Logon Detected - User:\\891003 - NTLM authentication, possible pass-the-hash attack - Possible RDP connection. Verify that DESKTOP-66TG6SE is allowed to perform RDP connections", "data.srcip": null, "data.dstip": null, "full_log": "{\"win\":{\"system\":{\"providerName\":\"Microsoft-Windows-Security-Auditing\",\"providerGuid\":\"{54849625-5478-4994-a5ba-3e3b0328c30d}\",\"eventID\":\"4624\",\"version\":\"2\",\"level\":\"0\",\"task\":\"12544\",\"opcode\":\"0\",\"keywords\":\"0x8020000000000000\",\"systemTime\":\"2025-08-29T10:30:18.4881148Z\",\"eventRecordID\":\"38114\",\"processID\":\"712\",\"threadID\":\"4296\",\"channel\":\"Security\",\"computer\":\"DESKTOP-66G2GGG\",\"severityValue\":\"AUDIT_SUCCESS\",\"message\":\"\\\"帳戶已順利登入。\\r\\n\\r\\n主體:\\r\\n\\t安全性識別碼:\\t\\tS-1-0-0\\r\\n\\tA帳戶名稱:\\t\\t-\\r\\n\\t帳戶網域:\\t\\t-\\r\\n\\t登入識別碼:\\t\\t0x0\\r\\n\\r\\n登入資訊:\\r\\n\\t登入類型:\\t\\t3\\r\\n\\t受限制的系統管理模式:\\t-\\r\\n\\t虛擬帳戶:\\t\\t否\\r\\n\\t提高權限的權杖:\\t\\t是\\r\\n\\r\\n模擬層級:\\t\\t模擬\\r\\n\\r\\n新登入:\\r\\n\\t安全性識別碼:\\t\\tS-1-5-21-4155498204-3384503861-1882939327-1000\\r\\n\\t帳戶名稱:\\t\\t891003\\r\\n\\t帳戶網域:\\t\\tDESKTOP-66G2GGG\\r\\n\\t登入識別碼:\\t\\t0x797252\\r\\n\\t連結的登入識別碼:\\t\\t0x0\\r\\n\\t網路帳戶名稱:\\t-\\r\\n\\t網路帳戶網域:\\t-\\r\\n\\t登入 GUID:\\t\\t{00000000-0000-0000-0000-000000000000}\\r\\n\\r\\n處理程序資訊:\\r\\n\\t處理程序識別碼:\\t\\t0x0\\r\\n\\t處理程序名稱:\\t\\t-\\r\\n\\r\\n網路資訊:\\r\\n\\t工作站名稱:\\tDESKTOP-66TG6SE\\r\\n\\t來源網路位址:\\t10.0.1.51\\r\\n\\t來源連接埠:\\t\\t50041\\r\\n\\r\\n詳細的驗證資訊:\\r\\n\\t登入處理程序:\\t\\tNtLmSsp \\r\\n\\t驗證封裝:\\tNTLM\\r\\n\\t轉送的服務:\\t-\\r\\n\\t封裝名稱 (僅 NTLM):\\tNTLM V2\\r\\n\\t金鑰長度:\\t\\t128\\r\\n\\r\\n建立登入工作階段時會產生此事件。它是在所存取的電腦上產生。\\r\\n\\r\\n主體欄位指出要求登入之本機系統上的帳戶。這通常是發生在服務 (例如伺服器服務) 或是本機處理程序 (例如 Winlogon.exe 或 Services.exe)。\\r\\n\\r\\n登入類型欄位指出發生的登入類型。最常見的類型是 2 (互動式) 與 3 (網路)。\\r\\n\\r\\n新登入欄位指出是哪個帳戶建立新登入，例如登入的帳戶。\\r\\n\\r\\n網路欄位指出遠端登入要求的來源。工作站名稱並非一律可用，在某些情況下可能會是空白。\\r\\n\\r\\n模擬層級欄位指出登入工作階段中的處理程序可以模擬的範圍。\\r\\n\\r\\n驗證資訊欄位提供關於此特定登入要求的詳細資訊。\\r\\n\\t- 登入 GUID 是唯一識別碼，可用於關聯這個事件與 KDC 事件。\\r\\n\\t- 轉送的服務指出哪一個中介服務已經加入這個登入要求。\\r\\n\\t- 封裝名稱指出在 NTLM 通訊協定中使用哪一個子協定。\\r\\n\\t- 金鑰長度指出產生的工作階段金鑰長度。如果沒有要求工作階段金鑰則為 0。\\\"\"},\"eventdata\":{\"subjectUserSid\":\"S-1-0-0\",\"subjectLogonId\":\"0x0\",\"targetUserSid\":\"S-1-5-21-4155498204-3384503861-1882939327-1000\",\"targetUserName\":\"891003\",\"targetDomainName\":\"DESKTOP-66G2GGG\",\"targetLogonId\":\"0x797252\",\"logonType\":\"3\",\"logonProcessName\":\"NtLmSsp\",\"authenticationPackageName\":\"NTLM\",\"workstationName\":\"DESKTOP-66TG6SE\",\"logonGuid\":\"{00000000-0000-0000-0000-000000000000}\",\"lmPackageName\":\"NTLM V2\",\"keyLength\":\"128\",\"processId\":\"0x0\",\"ipAddress\":\"10.0.1.51\",\"ipPort\":\"50041\",\"impersonationLevel\":\"%%1833\",\"virtualAccount\":\"%%1843\",\"targetLinkedLogonId\":\"0x0\",\"elevatedToken\":\"%%1842\"}}}"}
{"timestamp": "2025-08-29T10:30:16.997+0000", "agent.ip": "10.0.1.53", "agent.name": "DESKTOP-66G2GGG", "agent.id": "004", "rule.id": "60137", "rule.mitre.id": "T0000", "rule.level": 3, "rule.description": "Windows User Logoff", "data.srcip": null, "data.dstip": null, "full_log": null}
{"timestamp": "2025-08-29T10:30:17.028+0000", "agent.ip": "10.0.1.53", "agent.name": "DESKTOP-66G2GGG", "agent.id": "004", "rule.id": "92657", "rule.mitre.id": ["T1550.002", "T1078.002", "T1021.001"], "rule.level": 6, "rule.description": "Successful Remote Logon Detected - User:\\891003 - NTLM authentication, possible pass-the-hash attack - Possible RDP connection. Verify that DESKTOP-66TG6SE is allowed to perform RDP connections", "data.srcip": null, "data.dstip": null, "full_log": "{\"win\":{\"system\":{\"providerName\":\"Microsoft-Windows-Security-Auditing\",\"providerGuid\":\"{54849625-5478-4994-a5ba-3e3b0328c30d}\",\"eventID\":\"4624\",\"version\":\"2\",\"level\":\"0\",\"task\":\"12544\",\"opcode\":\"0\",\"keywords\":\"0x8020000000000000\",\"systemTime\":\"2025-08-29T10:30:18.8835157Z\",\"eventRecordID\":\"38117\",\"processID\":\"712\",\"threadID\":\"1076\",\"channel\":\"Security\",\"computer\":\"DESKTOP-66G2GGG\",\"severityValue\":\"AUDIT_SUCCESS\",\"message\":\"\\\"帳戶已順利登入。\\r\\n\\r\\n主體:\\r\\n\\t安全性識別碼:\\t\\tS-1-0-0\\r\\n\\tA帳戶名稱:\\t\\t-\\r\\n\\t帳戶網域:\\t\\t-\\r\\n\\t登入識別碼:\\t\\t0x0\\r\\n\\r\\n登入資訊:\\r\\n\\t登入類型:\\t\\t3\\r\\n\\t受限制的系統管理模式:\\t-\\r\\n\\t虛擬帳戶:\\t\\t否\\r\\n\\t提高權限的權杖:\\t\\t是\\r\\n\\r\\n模擬層級:\\t\\t模擬\\r\\n\\r\\n新登入:\\r\\n\\t安全性識別碼:\\t\\tS-1-5-21-4155498204-3384503861-1882939327-1000\\r\\n\\t帳戶名稱:\\t\\t891003\\r\\n\\t帳戶網域:\\t\\tDESKTOP-66G2GGG\\r\\n\\t登入識別碼:\\t\\t0x797B65\\r\\n\\t連結的登入識別碼:\\t\\t0x0\\r\\n\\t網路帳戶名稱:\\t-\\r\\n\\t網路帳戶網域:\\t-\\r\\n\\t登入 GUID:\\t\\t{00000000-0000-0000-0000-000000000000}\\r\\n\\r\\n處理程序資訊:\\r\\n\\t處理程序識別碼:\\t\\t0x0\\r\\n\\t處理程序名稱:\\t\\t-\\r\\n\\r\\n網路資訊:\\r\\n\\t工作站名稱:\\tDESKTOP-66TG6SE\\r\\n\\t來源網路位址:\\t10.0.1.51\\r\\n\\t來源連接埠:\\t\\t50041\\r\\n\\r\\n詳細的驗證資訊:\\r\\n\\t登入處理程序:\\t\\tNtLmSsp \\r\\n\\t驗證封裝:\\tNTLM\\r\\n\\t轉送的服務:\\t-\\r\\n\\t封裝名稱 (僅 NTLM):\\tNTLM V2\\r\\n\\t金鑰長度:\\t\\t128\\r\\n\\r\\n建立登入工作階段時會產生此事件。它是在所存取的電腦上產生。\\r\\n\\r\\n主體欄位指出要求登入之本機系統上的帳戶。這通常是發生在服務 (例如伺服器服務) 或是本機處理程序 (例如 Winlogon.exe 或 Services.exe)。\\r\\n\\r\\n登入類型欄位指出發生的登入類型。最常見的類型是 2 (互動式) 與 3 (網路)。\\r\\n\\r\\n新登入欄位指出是哪個帳戶建立新登入，例如登入的帳戶。\\r\\n\\r\\n網路欄位指出遠端登入要求的來源。工作站名稱並非一律可用，在某些情況下可能會是空白。\\r\\n\\r\\n模擬層級欄位指出登入工作階段中的處理程序可以模擬的範圍。\\r\\n\\r\\n驗證資訊欄位提供關於此特定登入要求的詳細資訊。\\r\\n\\t- 登入 GUID 是唯一識別碼，可用於關聯這個事件與 KDC 事件。\\r\\n\\t- 轉送的服務指出哪一個中介服務已經加入這個登入要求。\\r\\n\\t- 封裝名稱指出在 NTLM 通訊協定中使用哪一個子協定。\\r\\n\\t- 金鑰長度指出產生的工作階段金鑰長度。如果沒有要求工作階段金鑰則為 0。\\\"\"},\"eventdata\":{\"subjectUserSid\":\"S-1-0-0\",\"subjectLogonId\":\"0x0\",\"targetUserSid\":\"S-1-5-21-4155498204-3384503861-1882939327-1000\",\"targetUserName\":\"891003\",\"targetDomainName\":\"DESKTOP-66G2GGG\",\"targetLogonId\":\"0x797b65\",\"logonType\":\"3\",\"logonProcessName\":\"NtLmSsp\",\"authenticationPackageName\":\"NTLM\",\"workstationName\":\"DESKTOP-66TG6SE\",\"logonGuid\":\"{00000000-0000-0000-0000-000000000000}\",\"lmPackageName\":\"NTLM V2\",\"keyLength\":\"128\",\"processId\":\"0x0\",\"ipAddress\":\"10.0.1.51\",\"ipPort\":\"50041\",\"impersonationLevel\":\"%%1833\",\"virtualAccount\":\"%%1843\",\"targetLinkedLogonId\":\"0x0\",\"elevatedToken\":\"%%1842\"}}}"}
{"timestamp": "2025-08-29T10:30:17.028+0000", "agent.ip": "10.0.1.53", "agent.name": "DESKTOP-66G2GGG", "agent.id": "004", "rule.id": "67028", "rule.mitre.id": ["T1484"], "rule.level": 3, "rule.description": "Special privileges assigned to new logon.", "data.srcip": null, "data.dstip": null, "full_log": null}
{"timestamp": "2025-08-29T10:30:17.038+0000", "agent.ip": "10.0.1.53", "agent.name": "DESKTOP-66G2GGG", "agent.id": "004", "rule.id": "60137", "rule.mitre.id": "T0000", "rule.level": 3, "rule.description": "Windows User Logoff", "data.srcip": null, "data.dstip": null, "full_log": null}
{"timestamp": "2025-08-29T10:30:17.091+0000", "agent.ip": "10.0.1.53", "agent.name": "DESKTOP-66G2GGG", "agent.id": "004", "rule.id": "60137", "rule.mitre.id": "T0000", "rule.level": 3, "rule.description": "Windows User Logoff", "data.srcip": null, "data.dstip": null, "full_log": null}
{"timestamp": "2025-08-29T10:30:18.451+0000", "agent.ip": "10.0.1.53", "agent.name": "DESKTOP-66G2GGG", "agent.id": "004", "rule.id": "60137", "rule.mitre.id": "T0000", "rule.level": 3, "rule.description": "Windows User Logoff", "data.srcip": null, "data.dstip": null, "full_log": null}
{"timestamp": "2025-08-29T10:31:08.025+0000", "agent.ip": "10.0.1.53", "agent.name": "DESKTOP-66G2GGG", "agent.id": "004", "rule.id": "67028", "rule.mitre.id": ["T1484"], "rule.level": 3, "rule.description": "Special privileges assigned to new logon.", "data.srcip": null, "data.dstip": null, "full_log": null}
{"timestamp": "2025-08-29T10:31:08.034+0000", "agent.ip": "10.0.1.53", "agent.name": "DESKTOP-66G2GGG", "agent.id": "004", "rule.id": "92657", "rule.mitre.id": ["T1550.002", "T1078.002", "T1021.001"], "rule.level": 6, "rule.description": "Successful Remote Logon Detected - User:\\891003 - NTLM authentication, possible pass-the-hash attack - Possible RDP connection. Verify that DESKTOP-66TG6SE is allowed to perform RDP connections", "data.srcip": null, "data.dstip": null, "full_log": "{\"win\":{\"system\":{\"providerName\":\"Microsoft-Windows-Security-Auditing\",\"providerGuid\":\"{54849625-5478-4994-a5ba-3e3b0328c30d}\",\"eventID\":\"4624\",\"version\":\"2\",\"level\":\"0\",\"task\":\"12544\",\"opcode\":\"0\",\"keywords\":\"0x8020000000000000\",\"systemTime\":\"2025-08-29T10:31:09.1302560Z\",\"eventRecordID\":\"38122\",\"processID\":\"712\",\"threadID\":\"4296\",\"channel\":\"Security\",\"computer\":\"DESKTOP-66G2GGG\",\"severityValue\":\"AUDIT_SUCCESS\",\"message\":\"\\\"帳戶已順利登入。\\r\\n\\r\\n主體:\\r\\n\\t安全性識別碼:\\t\\tS-1-0-0\\r\\n\\tA帳戶名稱:\\t\\t-\\r\\n\\t帳戶網域:\\t\\t-\\r\\n\\t登入識別碼:\\t\\t0x0\\r\\n\\r\\n登入資訊:\\r\\n\\t登入類型:\\t\\t3\\r\\n\\t受限制的系統管理模式:\\t-\\r\\n\\t虛擬帳戶:\\t\\t否\\r\\n\\t提高權限的權杖:\\t\\t是\\r\\n\\r\\n模擬層級:\\t\\t模擬\\r\\n\\r\\n新登入:\\r\\n\\t安全性識別碼:\\t\\tS-1-5-21-4155498204-3384503861-1882939327-1000\\r\\n\\t帳戶名稱:\\t\\t891003\\r\\n\\t帳戶網域:\\t\\tDESKTOP-66G2GGG\\r\\n\\t登入識別碼:\\t\\t0x7A59F7\\r\\n\\t連結的登入識別碼:\\t\\t0x0\\r\\n\\t網路帳戶名稱:\\t-\\r\\n\\t網路帳戶網域:\\t-\\r\\n\\t登入 GUID:\\t\\t{00000000-0000-0000-0000-000000000000}\\r\\n\\r\\n處理程序資訊:\\r\\n\\t處理程序識別碼:\\t\\t0x0\\r\\n\\t處理程序名稱:\\t\\t-\\r\\n\\r\\n網路資訊:\\r\\n\\t工作站名稱:\\tDESKTOP-66TG6SE\\r\\n\\t來源網路位址:\\t10.0.1.51\\r\\n\\t來源連接埠:\\t\\t50042\\r\\n\\r\\n詳細的驗證資訊:\\r\\n\\t登入處理程序:\\t\\tNtLmSsp \\r\\n\\t驗證封裝:\\tNTLM\\r\\n\\t轉送的服務:\\t-\\r\\n\\t封裝名稱 (僅 NTLM):\\tNTLM V2\\r\\n\\t金鑰長度:\\t\\t128\\r\\n\\r\\n建立登入工作階段時會產生此事件。它是在所存取的電腦上產生。\\r\\n\\r\\n主體欄位指出要求登入之本機系統上的帳戶。這通常是發生在服務 (例如伺服器服務) 或是本機處理程序 (例如 Winlogon.exe 或 Services.exe)。\\r\\n\\r\\n登入類型欄位指出發生的登入類型。最常見的類型是 2 (互動式) 與 3 (網路)。\\r\\n\\r\\n新登入欄位指出是哪個帳戶建立新登入，例如登入的帳戶。\\r\\n\\r\\n網路欄位指出遠端登入要求的來源。工作站名稱並非一律可用，在某些情況下可能會是空白。\\r\\n\\r\\n模擬層級欄位指出登入工作階段中的處理程序可以模擬的範圍。\\r\\n\\r\\n驗證資訊欄位提供關於此特定登入要求的詳細資訊。\\r\\n\\t- 登入 GUID 是唯一識別碼，可用於關聯這個事件與 KDC 事件。\\r\\n\\t- 轉送的服務指出哪一個中介服務已經加入這個登入要求。\\r\\n\\t- 封裝名稱指出在 NTLM 通訊協定中使用哪一個子協定。\\r\\n\\t- 金鑰長度指出產生的工作階段金鑰長度。如果沒有要求工作階段金鑰則為 0。\\\"\"},\"eventdata\":{\"subjectUserSid\":\"S-1-0-0\",\"subjectLogonId\":\"0x0\",\"targetUserSid\":\"S-1-5-21-4155498204-3384503861-1882939327-1000\",\"targetUserName\":\"891003\",\"targetDomainName\":\"DESKTOP-66G2GGG\",\"targetLogonId\":\"0x7a59f7\",\"logonType\":\"3\",\"logonProcessName\":\"NtLmSsp\",\"authenticationPackageName\":\"NTLM\",\"workstationName\":\"DESKTOP-66TG6SE\",\"logonGuid\":\"{00000000-0000-0000-0000-000000000000}\",\"lmPackageName\":\"NTLM V2\",\"keyLength\":\"128\",\"processId\":\"0x0\",\"ipAddress\":\"10.0.1.51\",\"ipPort\":\"50042\",\"impersonationLevel\":\"%%1833\",\"virtualAccount\":\"%%1843\",\"targetLinkedLogonId\":\"0x0\",\"elevatedToken\":\"%%1842\"}}}"}
{"timestamp": "2025-08-29T10:31:08.037+0000", "agent.ip": "10.0.1.53", "agent.name": "DESKTOP-66G2GGG", "agent.id": "004", "rule.id": "67028", "rule.mitre.id": ["T1484"], "rule.level": 3, "rule.description": "Special privileges assigned to new logon.", "data.srcip": null, "data.dstip": null, "full_log": null}
{"timestamp": "2025-08-29T10:31:08.040+0000", "agent.ip": "10.0.1.53", "agent.name": "DESKTOP-66G2GGG", "agent.id": "004", "rule.id": "92657", "rule.mitre.id": ["T1550.002", "T1078.002", "T1021.001"], "rule.level": 6, "rule.description": "Successful Remote Logon Detected - User:\\891003 - NTLM authentication, possible pass-the-hash attack - Possible RDP connection. Verify that DESKTOP-66TG6SE is allowed to perform RDP connections", "data.srcip": null, "data.dstip": null, "full_log": "{\"win\":{\"system\":{\"providerName\":\"Microsoft-Windows-Security-Auditing\",\"providerGuid\":\"{54849625-5478-4994-a5ba-3e3b0328c30d}\",\"eventID\":\"4624\",\"version\":\"2\",\"level\":\"0\",\"task\":\"12544\",\"opcode\":\"0\",\"keywords\":\"0x8020000000000000\",\"systemTime\":\"2025-08-29T10:31:09.3110887Z\",\"eventRecordID\":\"38124\",\"processID\":\"712\",\"threadID\":\"1076\",\"channel\":\"Security\",\"computer\":\"DESKTOP-66G2GGG\",\"severityValue\":\"AUDIT_SUCCESS\",\"message\":\"\\\"帳戶已順利登入。\\r\\n\\r\\n主體:\\r\\n\\t安全性識別碼:\\t\\tS-1-0-0\\r\\n\\tA帳戶名稱:\\t\\t-\\r\\n\\t帳戶網域:\\t\\t-\\r\\n\\t登入識別碼:\\t\\t0x0\\r\\n\\r\\n登入資訊:\\r\\n\\t登入類型:\\t\\t3\\r\\n\\t受限制的系統管理模式:\\t-\\r\\n\\t虛擬帳戶:\\t\\t否\\r\\n\\t提高權限的權杖:\\t\\t是\\r\\n\\r\\n模擬層級:\\t\\t模擬\\r\\n\\r\\n新登入:\\r\\n\\t安全性識別碼:\\t\\tS-1-5-21-4155498204-3384503861-1882939327-1000\\r\\n\\t帳戶名稱:\\t\\t891003\\r\\n\\t帳戶網域:\\t\\tDESKTOP-66G2GGG\\r\\n\\t登入識別碼:\\t\\t0x7A5E21\\r\\n\\t連結的登入識別碼:\\t\\t0x0\\r\\n\\t網路帳戶名稱:\\t-\\r\\n\\t網路帳戶網域:\\t-\\r\\n\\t登入 GUID:\\t\\t{00000000-0000-0000-0000-000000000000}\\r\\n\\r\\n處理程序資訊:\\r\\n\\t處理程序識別碼:\\t\\t0x0\\r\\n\\t處理程序名稱:\\t\\t-\\r\\n\\r\\n網路資訊:\\r\\n\\t工作站名稱:\\tDESKTOP-66TG6SE\\r\\n\\t來源網路位址:\\t10.0.1.51\\r\\n\\t來源連接埠:\\t\\t50043\\r\\n\\r\\n詳細的驗證資訊:\\r\\n\\t登入處理程序:\\t\\tNtLmSsp \\r\\n\\t驗證封裝:\\tNTLM\\r\\n\\t轉送的服務:\\t-\\r\\n\\t封裝名稱 (僅 NTLM):\\tNTLM V2\\r\\n\\t金鑰長度:\\t\\t128\\r\\n\\r\\n建立登入工作階段時會產生此事件。它是在所存取的電腦上產生。\\r\\n\\r\\n主體欄位指出要求登入之本機系統上的帳戶。這通常是發生在服務 (例如伺服器服務) 或是本機處理程序 (例如 Winlogon.exe 或 Services.exe)。\\r\\n\\r\\n登入類型欄位指出發生的登入類型。最常見的類型是 2 (互動式) 與 3 (網路)。\\r\\n\\r\\n新登入欄位指出是哪個帳戶建立新登入，例如登入的帳戶。\\r\\n\\r\\n網路欄位指出遠端登入要求的來源。工作站名稱並非一律可用，在某些情況下可能會是空白。\\r\\n\\r\\n模擬層級欄位指出登入工作階段中的處理程序可以模擬的範圍。\\r\\n\\r\\n驗證資訊欄位提供關於此特定登入要求的詳細資訊。\\r\\n\\t- 登入 GUID 是唯一識別碼，可用於關聯這個事件與 KDC 事件。\\r\\n\\t- 轉送的服務指出哪一個中介服務已經加入這個登入要求。\\r\\n\\t- 封裝名稱指出在 NTLM 通訊協定中使用哪一個子協定。\\r\\n\\t- 金鑰長度指出產生的工作階段金鑰長度。如果沒有要求工作階段金鑰則為 0。\\\"\"},\"eventdata\":{\"subjectUserSid\":\"S-1-0-0\",\"subjectLogonId\":\"0x0\",\"targetUserSid\":\"S-1-5-21-4155498204-3384503861-1882939327-1000\",\"targetUserName\":\"891003\",\"targetDomainName\":\"DESKTOP-66G2GGG\",\"targetLogonId\":\"0x7a5e21\",\"logonType\":\"3\",\"logonProcessName\":\"NtLmSsp\",\"authenticationPackageName\":\"NTLM\",\"workstationName\":\"DESKTOP-66TG6SE\",\"logonGuid\":\"{00000000-0000-0000-0000-000000000000}\",\"lmPackageName\":\"NTLM V2\",\"keyLength\":\"128\",\"processId\":\"0x0\",\"ipAddress\":\"10.0.1.51\",\"ipPort\":\"50043\",\"impersonationLevel\":\"%%1833\",\"virtualAccount\":\"%%1843\",\"targetLinkedLogonId\":\"0x0\",\"elevatedToken\":\"%%1842\"}}}"}
